[guard] L = 442720643463713815200  (assert OK)
[guard] L_c = 63245806209101973600
[guard] gcd(L_c mod 49, 49) = 1  (assert OK)
[guard] lifts = ceil(B^12 / L_c) = 4  (assert OK, target ~4)
[guard] fixed prefix digit count = 26 (24 + 2 = 26, assert OK)
[guard] digit count: 26 fixed + 1 candidate + 19 free + 1 suffix = 47  (assert OK)

=== Guard-rail summary ===
B=49, |D|=47, L=442720643463713815200
L_nil=7, L_c=63245806209101973600
P=12, lifts=4
===========================

[sieve] SIEVE_LEVEL=0 (bit0=root bit1=every-node bit2=depth3-joint)
[certauto] base=56 rssBudgetKB=3000000 expected=(none)
[certauto] base=56, n=55, autonomous subset+divergence+PLAN discovery starting (subsetdisc: solve_base-style descending-lex enumeration; planner: BASE-50-FULL-MODULUS-BUCKET.md Sec 9 Phase B)
[selftest-suffixdp] doc#23-Sec3.2-b50-cand21: DP=11552 brute=11552 expect=11552 -> OK
[selftest-suffixdp] b48-shape-T3-Lnil216: DP=0 brute=0 -> OK
[selftest-suffixdp] b49-shape-T1-Lnil7: DP=1 brute=1 -> OK
[selftest-suffixdp] misc-T2: DP=0 brute=0 -> OK
[bucket-plan] B=56 T=2 Pc=12 lifts=10 P_full=13 suffixMult=3 budget=3000000KB
[bucket-plan] admit peeled NX=0 NY=6 K=2: Y=13366080 Q=3136 suffixMult=3 projectedPeak=0.96GiB lookups=3060 scans=1.304e+07 score=1.79e+08
[bucket-plan] admit peeled NX=0 NY=6 K=3: Y=13366080 Q=175616 suffixMult=3 projectedPeak=0.96GiB lookups=4.896e+04 scans=3.726e+06 score=1.381e+08
[bucket-plan] admit peeled NX=0 NY=6 K=4: Y=13366080 Q=9834496 suffixMult=3 projectedPeak=1.07GiB lookups=7.344e+05 scans=9.981e+05 score=1.469e+08
[bucket-plan] admit peeled NX=1 NY=5 K=2: Y=1028160 Q=3136 suffixMult=3 projectedPeak=0.07GiB lookups=4.896e+04 scans=1.605e+07 score=8.237e+07
[bucket-plan] admit peeled NX=1 NY=5 K=3: Y=1028160 Q=175616 suffixMult=3 projectedPeak=0.07GiB lookups=7.344e+05 scans=4.3e+06 score=4.198e+07
[bucket-plan] admit peeled NX=1 NY=5 K=4: Y=1028160 Q=9834496 suffixMult=3 projectedPeak=0.18GiB lookups=1.028e+07 scans=1.075e+06 score=2.08e+08
[bucket-plan] admit peeled NX=2 NY=4 K=2: Y=73440 Q=3136 suffixMult=3 projectedPeak=0.01GiB lookups=7.344e+05 scans=1.72e+07 score=9.128e+07
[bucket-plan] admit peeled NX=2 NY=4 K=3: Y=73440 Q=175616 suffixMult=3 projectedPeak=0.01GiB lookups=1.028e+07 scans=4.3e+06 score=2.052e+08
[bucket-plan] admit peeled NX=2 NY=4 K=4: Y=73440 Q=9834496 suffixMult=3 projectedPeak=0.12GiB lookups=1.337e+08 scans=9.981e+05 score=2.42e+09
[bucket-plan] admit peeled NX=3 NY=3 K=2: Y=4896 Q=3136 suffixMult=3 projectedPeak=0.00GiB lookups=1.028e+07 scans=1.605e+07 score=2.573e+08
[bucket-plan] admit peeled NX=3 NY=3 K=3: Y=4896 Q=175616 suffixMult=3 projectedPeak=0.00GiB lookups=1.337e+08 scans=3.726e+06 score=2.423e+09
[bucket-plan] admit peeled NX=3 NY=3 K=4: Y=4896 Q=9834496 suffixMult=3 projectedPeak=0.11GiB lookups=1.604e+09 scans=7.985e+05 score=2.888e+10
[bucket-plan] admit peeled NX=4 NY=2 K=2: Y=306 Q=3136 suffixMult=3 projectedPeak=0.00GiB lookups=1.337e+08 scans=1.304e+07 score=2.465e+09
[bucket-plan] admit peeled NX=4 NY=2 K=3: Y=306 Q=175616 suffixMult=3 projectedPeak=0.00GiB lookups=1.604e+09 scans=2.795e+06 score=2.888e+10
[bucket-plan] admit peeled NX=4 NY=2 K=4: Y=306 Q=9834496 suffixMult=3 projectedPeak=0.11GiB lookups=1.764e+10 scans=5.49e+05 score=3.176e+11
[bucket-plan] admit peeled NX=5 NY=1 K=2: Y=18 Q=3136 suffixMult=3 projectedPeak=0.00GiB lookups=1.604e+09 scans=9.206e+06 score=2.891e+10
[bucket-plan] admit peeled NX=5 NY=1 K=3: Y=18 Q=175616 suffixMult=3 projectedPeak=0.00GiB lookups=1.764e+10 scans=1.808e+06 score=3.176e+11
[bucket-plan] admit peeled NX=5 NY=1 K=4: Y=18 Q=9834496 suffixMult=3 projectedPeak=0.11GiB lookups=1.764e+11 scans=3.229e+05 score=3.176e+12
[bucket-plan] reject full-modulus NX=0 NY=7 K=2: Y=390700800 Q=3136 reason=insufficient_budget
[bucket-plan] reject full-modulus NX=0 NY=7 K=3: Y=390700800 Q=175616 reason=insufficient_budget
[bucket-plan] reject full-modulus NX=0 NY=7 K=4: Y=390700800 Q=9834496 reason=insufficient_budget
[bucket-plan] admit full-modulus NX=1 NY=6 K=2: Y=27907200 Q=3136 projectedPeak=1.96GiB lookups=2.736e+04 scans=2.435e+08 score=4.491e+08
[bucket-plan] admit full-modulus NX=1 NY=6 K=3: Y=27907200 Q=175616 projectedPeak=1.96GiB lookups=4.651e+05 scans=7.391e+07 score=1.974e+08
[bucket-plan] admit full-modulus NX=1 NY=6 K=4: Y=27907200 Q=9834496 projectedPeak=2.07GiB lookups=7.442e+06 scans=2.112e+07 score=1.63e+08
[bucket-plan] admit full-modulus NX=2 NY=5 K=2: Y=1860480 Q=3136 projectedPeak=0.13GiB lookups=4.651e+05 scans=2.759e+08 score=4.223e+08
[bucket-plan] admit full-modulus NX=2 NY=5 K=3: Y=1860480 Q=175616 projectedPeak=0.13GiB lookups=7.442e+06 scans=7.884e+07 score=1.685e+08
[bucket-plan] admit full-modulus NX=2 NY=5 K=4: Y=1860480 Q=9834496 projectedPeak=0.24GiB lookups=1.116e+08 scans=2.112e+07 score=7.1e+08
[bucket-plan] admit full-modulus NX=3 NY=4 K=2: Y=116280 Q=3136 projectedPeak=0.01GiB lookups=7.442e+06 scans=2.759e+08 score=4.589e+08
[bucket-plan] admit full-modulus NX=3 NY=4 K=3: Y=116280 Q=175616 projectedPeak=0.01GiB lookups=1.116e+08 scans=7.391e+07 score=7.81e+08
[bucket-plan] admit full-modulus NX=3 NY=4 K=4: Y=116280 Q=9834496 projectedPeak=0.12GiB lookups=1.563e+09 scans=1.848e+07 score=9.408e+09
[bucket-plan] admit full-modulus NX=4 NY=3 K=2: Y=6840 Q=3136 projectedPeak=0.00GiB lookups=1.116e+08 scans=2.435e+08 score=1.035e+09
[bucket-plan] admit full-modulus NX=4 NY=3 K=3: Y=6840 Q=175616 projectedPeak=0.00GiB lookups=1.563e+09 scans=6.087e+07 score=9.468e+09
[bucket-plan] admit full-modulus NX=4 NY=3 K=4: Y=6840 Q=9834496 projectedPeak=0.11GiB lookups=2.032e+10 scans=1.413e+07 score=1.219e+11
[bucket-plan] admit full-modulus NX=5 NY=2 K=2: Y=380 Q=3136 projectedPeak=0.00GiB lookups=1.563e+09 scans=1.894e+08 score=9.661e+09
[bucket-plan] admit full-modulus NX=5 NY=2 K=3: Y=380 Q=175616 projectedPeak=0.00GiB lookups=2.032e+10 scans=4.396e+07 score=1.22e+11
[bucket-plan] admit full-modulus NX=5 NY=2 K=4: Y=380 Q=9834496 projectedPeak=0.11GiB lookups=2.438e+11 scans=9.42e+06 score=1.463e+12
[bucket-plan] admit full-modulus NX=6 NY=1 K=2: Y=20 Q=3136 projectedPeak=0.00GiB lookups=2.032e+10 scans=1.296e+08 score=1.221e+11
[bucket-plan] admit full-modulus NX=6 NY=1 K=3: Y=20 Q=175616 projectedPeak=0.00GiB lookups=2.438e+11 scans=2.776e+07 score=1.463e+12
[bucket-plan] admit full-modulus NX=6 NY=1 K=4: Y=20 Q=9834496 projectedPeak=0.11GiB lookups=2.682e+12 scans=5.454e+06 score=1.609e+13
[bucket-plan] decision=ADMIT family=peeled NX=1 NY=5 K=3 P=12 Y=1028160 Q=175616 suffixMult=3 projectedPeak=0.07GiB projectedLookups=7.344e+05 projectedScans=4.3e+06 score=4.198e+07
[bucket-plan] B=56 a=18 NY=5 K=3 Y=1028160 Q=175616 projectedPeak=0.07GiB availableForIndex=2.61GiB
[bucket-plan] decision=ADMIT
[bucket-plan] B=56 a=18 NY=5 K=3 Y=1028160 Q=175616 projectedPeak=0.07GiB availableForIndex=2.60GiB
[bucket-plan] decision=ADMIT
[bucket-plan] B=56 a=18 NY=5 K=3 Y=1028160 Q=175616 projectedPeak=0.07GiB availableForIndex=2.57GiB
[bucket-plan] decision=ADMIT
[bucket-plan] B=56 a=18 NY=5 K=3 Y=1028160 Q=175616 projectedPeak=0.07GiB availableForIndex=2.57GiB
[bucket-plan] decision=ADMIT
[bucket-plan] B=56 a=18 NY=5 K=3 Y=1028160 Q=175616 projectedPeak=0.07GiB availableForIndex=2.57GiB
[bucket-plan] decision=ADMIT
[bucket-plan] B=56 a=18 NY=5 K=3 Y=1028160 Q=175616 projectedPeak=0.07GiB availableForIndex=2.57GiB
[bucket-plan] decision=ADMIT
[bucket-plan] B=56 a=18 NY=5 K=3 Y=1028160 Q=175616 projectedPeak=0.07GiB availableForIndex=2.57GiB
[bucket-plan] decision=ADMIT
[bucket-plan] B=56 a=18 NY=5 K=3 Y=1028160 Q=175616 projectedPeak=0.07GiB availableForIndex=2.57GiB
[bucket-plan] decision=ADMIT
[bucket-plan] B=56 a=18 NY=5 K=3 Y=1028160 Q=175616 projectedPeak=0.07GiB availableForIndex=2.57GiB
[bucket-plan] decision=ADMIT
[bucket-plan] B=56 a=18 NY=5 K=3 Y=1028160 Q=175616 projectedPeak=0.07GiB availableForIndex=2.57GiB
[bucket-plan] decision=ADMIT
[bucket-plan] B=56 a=18 NY=5 K=3 Y=1028160 Q=175616 projectedPeak=0.07GiB availableForIndex=2.57GiB
[bucket-plan] decision=ADMIT
[bucket-plan] B=56 a=18 NY=5 K=3 Y=1028160 Q=175616 projectedPeak=0.07GiB availableForIndex=2.57GiB
[bucket-plan] decision=ADMIT
[bucket-plan] B=56 a=18 NY=5 K=3 Y=1028160 Q=175616 projectedPeak=0.07GiB availableForIndex=2.57GiB
[bucket-plan] decision=ADMIT
[bucket-plan] B=56 a=18 NY=5 K=3 Y=1028160 Q=175616 projectedPeak=0.07GiB availableForIndex=2.57GiB
[bucket-plan] decision=ADMIT
[bucket-plan] B=56 a=18 NY=5 K=3 Y=1028160 Q=175616 projectedPeak=0.07GiB availableForIndex=2.57GiB
[bucket-plan] decision=ADMIT
[bucket-plan] B=56 a=18 NY=5 K=3 Y=1028160 Q=175616 projectedPeak=0.07GiB availableForIndex=2.57GiB
[bucket-plan] decision=ADMIT
[bucket-plan] B=56 a=18 NY=5 K=3 Y=1028160 Q=175616 projectedPeak=0.07GiB availableForIndex=2.57GiB
[bucket-plan] decision=ADMIT
[bucket-plan] B=56 a=18 NY=5 K=3 Y=1028160 Q=175616 projectedPeak=0.07GiB availableForIndex=2.57GiB
[bucket-plan] decision=ADMIT
[bucket-plan] B=56 a=18 NY=5 K=3 Y=1028160 Q=175616 projectedPeak=0.07GiB availableForIndex=2.57GiB
[bucket-plan] decision=ADMIT
[bucket-plan] B=56 a=18 NY=5 K=3 Y=1028160 Q=175616 projectedPeak=0.07GiB availableForIndex=2.57GiB
[bucket-plan] decision=ADMIT
[bucket-plan] B=56 a=18 NY=5 K=3 Y=1028160 Q=175616 projectedPeak=0.07GiB availableForIndex=2.57GiB
[bucket-plan] decision=ADMIT
[bucket-plan] B=56 a=18 NY=5 K=3 Y=1028160 Q=175616 projectedPeak=0.07GiB availableForIndex=2.57GiB
[bucket-plan] decision=ADMIT
[bucket-plan] B=56 a=18 NY=5 K=3 Y=1028160 Q=175616 projectedPeak=0.07GiB availableForIndex=2.57GiB
[bucket-plan] decision=ADMIT
[bucket-plan] B=56 a=18 NY=5 K=3 Y=1028160 Q=175616 projectedPeak=0.07GiB availableForIndex=2.57GiB
[bucket-plan] decision=ADMIT
[bucket-plan] B=56 a=18 NY=5 K=3 Y=1028160 Q=175616 projectedPeak=0.07GiB availableForIndex=2.57GiB
[bucket-plan] decision=ADMIT
[bucket-plan] B=56 a=18 NY=5 K=3 Y=1028160 Q=175616 projectedPeak=0.07GiB availableForIndex=2.57GiB
[bucket-plan] decision=ADMIT
[bucket-plan] B=56 a=18 NY=5 K=3 Y=1028160 Q=175616 projectedPeak=0.07GiB availableForIndex=2.57GiB
[bucket-plan] decision=ADMIT
[bucket-plan] B=56 a=18 NY=5 K=3 Y=1028160 Q=175616 projectedPeak=0.07GiB availableForIndex=2.57GiB
[bucket-plan] decision=ADMIT
[bucket-plan] B=56 a=18 NY=5 K=3 Y=1028160 Q=175616 projectedPeak=0.07GiB availableForIndex=2.57GiB
[bucket-plan] decision=ADMIT
[bucket-plan] B=56 a=18 NY=5 K=3 Y=1028160 Q=175616 projectedPeak=0.07GiB availableForIndex=2.57GiB
[bucket-plan] decision=ADMIT
[bucket-plan] B=56 a=18 NY=5 K=3 Y=1028160 Q=175616 projectedPeak=0.07GiB availableForIndex=2.57GiB
[bucket-plan] decision=ADMIT
[bucket-plan] B=56 a=18 NY=5 K=3 Y=1028160 Q=175616 projectedPeak=0.07GiB availableForIndex=2.57GiB
[bucket-plan] decision=ADMIT
[bucket-plan] B=56 a=18 NY=5 K=3 Y=1028160 Q=175616 projectedPeak=0.07GiB availableForIndex=2.57GiB
[bucket-plan] decision=ADMIT
[bucket-plan] B=56 a=18 NY=5 K=3 Y=1028160 Q=175616 projectedPeak=0.07GiB availableForIndex=2.57GiB
[bucket-plan] decision=ADMIT
[bucket-plan] B=56 a=18 NY=5 K=3 Y=1028160 Q=175616 projectedPeak=0.07GiB availableForIndex=2.57GiB
[bucket-plan] decision=ADMIT
[bucket-plan] B=56 a=18 NY=5 K=3 Y=1028160 Q=175616 projectedPeak=0.07GiB availableForIndex=2.57GiB
[bucket-plan] decision=ADMIT
[bucket-plan] B=56 a=18 NY=5 K=3 Y=1028160 Q=175616 projectedPeak=0.07GiB availableForIndex=2.57GiB
[bucket-plan] decision=ADMIT
[bucket-plan] B=56 a=18 NY=5 K=3 Y=1028160 Q=175616 projectedPeak=0.07GiB availableForIndex=2.57GiB
[bucket-plan] decision=ADMIT
[bucket-plan] B=56 a=18 NY=5 K=3 Y=1028160 Q=175616 projectedPeak=0.07GiB availableForIndex=2.57GiB
[bucket-plan] decision=ADMIT
[bucket-plan] B=56 a=18 NY=5 K=3 Y=1028160 Q=175616 projectedPeak=0.07GiB availableForIndex=2.57GiB
[bucket-plan] decision=ADMIT
[bucket-plan] B=56 a=18 NY=5 K=3 Y=1028160 Q=175616 projectedPeak=0.07GiB availableForIndex=2.57GiB
[bucket-plan] decision=ADMIT
[bucket-plan] B=56 a=18 NY=5 K=3 Y=1028160 Q=175616 projectedPeak=0.07GiB availableForIndex=2.57GiB
[bucket-plan] decision=ADMIT
[bucket-plan] B=56 a=18 NY=5 K=3 Y=1028160 Q=175616 projectedPeak=0.07GiB availableForIndex=2.57GiB
[bucket-plan] decision=ADMIT
[bucket-plan] B=56 a=18 NY=5 K=3 Y=1028160 Q=175616 projectedPeak=0.07GiB availableForIndex=2.57GiB
[bucket-plan] decision=ADMIT
[bucket-plan] B=56 a=18 NY=5 K=3 Y=1028160 Q=175616 projectedPeak=0.07GiB availableForIndex=2.57GiB
[bucket-plan] decision=ADMIT
[bucket-plan] B=56 a=18 NY=5 K=3 Y=1028160 Q=175616 projectedPeak=0.07GiB availableForIndex=2.57GiB
[bucket-plan] decision=ADMIT
[bucket-plan] B=56 a=18 NY=5 K=3 Y=1028160 Q=175616 projectedPeak=0.07GiB availableForIndex=2.57GiB
[bucket-plan] decision=ADMIT
[bucket-plan] B=56 a=18 NY=5 K=3 Y=1028160 Q=175616 projectedPeak=0.07GiB availableForIndex=2.57GiB
[bucket-plan] decision=ADMIT
[bucket-plan] B=56 a=18 NY=5 K=3 Y=1028160 Q=175616 projectedPeak=0.07GiB availableForIndex=2.57GiB
[bucket-plan] decision=ADMIT
[bucket-plan] B=56 a=18 NY=5 K=3 Y=1028160 Q=175616 projectedPeak=0.07GiB availableForIndex=2.57GiB
[bucket-plan] decision=ADMIT
[bucket-plan] B=56 a=18 NY=5 K=3 Y=1028160 Q=175616 projectedPeak=0.07GiB availableForIndex=2.57GiB
[bucket-plan] decision=ADMIT
[bucket-plan] B=56 a=18 NY=5 K=3 Y=1028160 Q=175616 projectedPeak=0.07GiB availableForIndex=2.57GiB
[bucket-plan] decision=ADMIT
[bucket-plan] B=56 a=18 NY=5 K=3 Y=1028160 Q=175616 projectedPeak=0.07GiB availableForIndex=2.57GiB
[bucket-plan] decision=ADMIT
[bucket-plan] B=56 a=18 NY=5 K=3 Y=1028160 Q=175616 projectedPeak=0.07GiB availableForIndex=2.57GiB
[bucket-plan] decision=ADMIT
[bucket-plan] B=56 a=18 NY=5 K=3 Y=1028160 Q=175616 projectedPeak=0.07GiB availableForIndex=2.57GiB
[bucket-plan] decision=ADMIT
[bucket-plan] B=56 a=18 NY=5 K=3 Y=1028160 Q=175616 projectedPeak=0.07GiB availableForIndex=2.57GiB
[bucket-plan] decision=ADMIT
[bucket-plan] B=56 a=18 NY=5 K=3 Y=1028160 Q=175616 projectedPeak=0.07GiB availableForIndex=2.57GiB
[bucket-plan] decision=ADMIT
[certauto]   predicted-vs-actual: family=peeled predLookups=7.344e+05 actualLookups=41860800 predScans=4.3e+06 actualScans=245076636 actualRoots=10260 wall=27.709s
[bucket-plan] B=56 T=2 Pc=12 lifts=10 P_full=13 suffixMult=3 budget=3000000KB
[bucket-plan] admit peeled NX=0 NY=6 K=2: Y=13366080 Q=3136 suffixMult=3 projectedPeak=0.96GiB lookups=3060 scans=1.304e+07 score=1.79e+08
[bucket-plan] admit peeled NX=0 NY=6 K=3: Y=13366080 Q=175616 suffixMult=3 projectedPeak=0.96GiB lookups=4.896e+04 scans=3.726e+06 score=1.381e+08
[bucket-plan] admit peeled NX=0 NY=6 K=4: Y=13366080 Q=9834496 suffixMult=3 projectedPeak=1.07GiB lookups=7.344e+05 scans=9.981e+05 score=1.469e+08
[bucket-plan] admit peeled NX=1 NY=5 K=2: Y=1028160 Q=3136 suffixMult=3 projectedPeak=0.07GiB lookups=4.896e+04 scans=1.605e+07 score=8.237e+07
[bucket-plan] admit peeled NX=1 NY=5 K=3: Y=1028160 Q=175616 suffixMult=3 projectedPeak=0.07GiB lookups=7.344e+05 scans=4.3e+06 score=4.198e+07
[bucket-plan] admit peeled NX=1 NY=5 K=4: Y=1028160 Q=9834496 suffixMult=3 projectedPeak=0.18GiB lookups=1.028e+07 scans=1.075e+06 score=2.08e+08
[bucket-plan] admit peeled NX=2 NY=4 K=2: Y=73440 Q=3136 suffixMult=3 projectedPeak=0.01GiB lookups=7.344e+05 scans=1.72e+07 score=9.128e+07
[bucket-plan] admit peeled NX=2 NY=4 K=3: Y=73440 Q=175616 suffixMult=3 projectedPeak=0.01GiB lookups=1.028e+07 scans=4.3e+06 score=2.052e+08
[bucket-plan] admit peeled NX=2 NY=4 K=4: Y=73440 Q=9834496 suffixMult=3 projectedPeak=0.12GiB lookups=1.337e+08 scans=9.981e+05 score=2.42e+09
[bucket-plan] admit peeled NX=3 NY=3 K=2: Y=4896 Q=3136 suffixMult=3 projectedPeak=0.00GiB lookups=1.028e+07 scans=1.605e+07 score=2.573e+08
[bucket-plan] admit peeled NX=3 NY=3 K=3: Y=4896 Q=175616 suffixMult=3 projectedPeak=0.00GiB lookups=1.337e+08 scans=3.726e+06 score=2.423e+09
[bucket-plan] admit peeled NX=3 NY=3 K=4: Y=4896 Q=9834496 suffixMult=3 projectedPeak=0.11GiB lookups=1.604e+09 scans=7.985e+05 score=2.888e+10
[bucket-plan] admit peeled NX=4 NY=2 K=2: Y=306 Q=3136 suffixMult=3 projectedPeak=0.00GiB lookups=1.337e+08 scans=1.304e+07 score=2.465e+09
[bucket-plan] admit peeled NX=4 NY=2 K=3: Y=306 Q=175616 suffixMult=3 projectedPeak=0.00GiB lookups=1.604e+09 scans=2.795e+06 score=2.888e+10
[bucket-plan] admit peeled NX=4 NY=2 K=4: Y=306 Q=9834496 suffixMult=3 projectedPeak=0.11GiB lookups=1.764e+10 scans=5.49e+05 score=3.176e+11
[bucket-plan] admit peeled NX=5 NY=1 K=2: Y=18 Q=3136 suffixMult=3 projectedPeak=0.00GiB lookups=1.604e+09 scans=9.206e+06 score=2.891e+10
[bucket-plan] admit peeled NX=5 NY=1 K=3: Y=18 Q=175616 suffixMult=3 projectedPeak=0.00GiB lookups=1.764e+10 scans=1.808e+06 score=3.176e+11
[bucket-plan] admit peeled NX=5 NY=1 K=4: Y=18 Q=9834496 suffixMult=3 projectedPeak=0.11GiB lookups=1.764e+11 scans=3.229e+05 score=3.176e+12
[bucket-plan] reject full-modulus NX=0 NY=7 K=2: Y=390700800 Q=3136 reason=insufficient_budget
[bucket-plan] reject full-modulus NX=0 NY=7 K=3: Y=390700800 Q=175616 reason=insufficient_budget
[bucket-plan] reject full-modulus NX=0 NY=7 K=4: Y=390700800 Q=9834496 reason=insufficient_budget
[bucket-plan] admit full-modulus NX=1 NY=6 K=2: Y=27907200 Q=3136 projectedPeak=1.96GiB lookups=2.736e+04 scans=2.435e+08 score=4.491e+08
[bucket-plan] admit full-modulus NX=1 NY=6 K=3: Y=27907200 Q=175616 projectedPeak=1.96GiB lookups=4.651e+05 scans=7.391e+07 score=1.974e+08
[bucket-plan] admit full-modulus NX=1 NY=6 K=4: Y=27907200 Q=9834496 projectedPeak=2.07GiB lookups=7.442e+06 scans=2.112e+07 score=1.63e+08
[bucket-plan] admit full-modulus NX=2 NY=5 K=2: Y=1860480 Q=3136 projectedPeak=0.13GiB lookups=4.651e+05 scans=2.759e+08 score=4.223e+08
[bucket-plan] admit full-modulus NX=2 NY=5 K=3: Y=1860480 Q=175616 projectedPeak=0.13GiB lookups=7.442e+06 scans=7.884e+07 score=1.685e+08
[bucket-plan] admit full-modulus NX=2 NY=5 K=4: Y=1860480 Q=9834496 projectedPeak=0.24GiB lookups=1.116e+08 scans=2.112e+07 score=7.1e+08
[bucket-plan] admit full-modulus NX=3 NY=4 K=2: Y=116280 Q=3136 projectedPeak=0.01GiB lookups=7.442e+06 scans=2.759e+08 score=4.589e+08
[bucket-plan] admit full-modulus NX=3 NY=4 K=3: Y=116280 Q=175616 projectedPeak=0.01GiB lookups=1.116e+08 scans=7.391e+07 score=7.81e+08
[bucket-plan] admit full-modulus NX=3 NY=4 K=4: Y=116280 Q=9834496 projectedPeak=0.12GiB lookups=1.563e+09 scans=1.848e+07 score=9.408e+09
[bucket-plan] admit full-modulus NX=4 NY=3 K=2: Y=6840 Q=3136 projectedPeak=0.00GiB lookups=1.116e+08 scans=2.435e+08 score=1.035e+09
[bucket-plan] admit full-modulus NX=4 NY=3 K=3: Y=6840 Q=175616 projectedPeak=0.00GiB lookups=1.563e+09 scans=6.087e+07 score=9.468e+09
[bucket-plan] admit full-modulus NX=4 NY=3 K=4: Y=6840 Q=9834496 projectedPeak=0.11GiB lookups=2.032e+10 scans=1.413e+07 score=1.219e+11
[bucket-plan] admit full-modulus NX=5 NY=2 K=2: Y=380 Q=3136 projectedPeak=0.00GiB lookups=1.563e+09 scans=1.894e+08 score=9.661e+09
[bucket-plan] admit full-modulus NX=5 NY=2 K=3: Y=380 Q=175616 projectedPeak=0.00GiB lookups=2.032e+10 scans=4.396e+07 score=1.22e+11
[bucket-plan] admit full-modulus NX=5 NY=2 K=4: Y=380 Q=9834496 projectedPeak=0.11GiB lookups=2.438e+11 scans=9.42e+06 score=1.463e+12
[bucket-plan] admit full-modulus NX=6 NY=1 K=2: Y=20 Q=3136 projectedPeak=0.00GiB lookups=2.032e+10 scans=1.296e+08 score=1.221e+11
[bucket-plan] admit full-modulus NX=6 NY=1 K=3: Y=20 Q=175616 projectedPeak=0.00GiB lookups=2.438e+11 scans=2.776e+07 score=1.463e+12
[bucket-plan] admit full-modulus NX=6 NY=1 K=4: Y=20 Q=9834496 projectedPeak=0.11GiB lookups=2.682e+12 scans=5.454e+06 score=1.609e+13
[bucket-plan] decision=ADMIT family=peeled NX=1 NY=5 K=3 P=12 Y=1028160 Q=175616 suffixMult=3 projectedPeak=0.07GiB projectedLookups=7.344e+05 projectedScans=4.3e+06 score=4.198e+07
[bucket-plan] B=56 a=18 NY=5 K=3 Y=1028160 Q=175616 projectedPeak=0.07GiB availableForIndex=2.57GiB
[bucket-plan] decision=ADMIT
[bucket-plan] B=56 a=18 NY=5 K=3 Y=1028160 Q=175616 projectedPeak=0.07GiB availableForIndex=2.57GiB
[bucket-plan] decision=ADMIT
[bucket-plan] B=56 a=18 NY=5 K=3 Y=1028160 Q=175616 projectedPeak=0.07GiB availableForIndex=2.57GiB
[bucket-plan] decision=ADMIT
[bucket-plan] B=56 a=18 NY=5 K=3 Y=1028160 Q=175616 projectedPeak=0.07GiB availableForIndex=2.57GiB
[bucket-plan] decision=ADMIT
[bucket-plan] B=56 a=18 NY=5 K=3 Y=1028160 Q=175616 projectedPeak=0.07GiB availableForIndex=2.57GiB
[bucket-plan] decision=ADMIT
[bucket-plan] B=56 a=18 NY=5 K=3 Y=1028160 Q=175616 projectedPeak=0.07GiB availableForIndex=2.57GiB
[bucket-plan] decision=ADMIT
[bucket-plan] B=56 a=18 NY=5 K=3 Y=1028160 Q=175616 projectedPeak=0.07GiB availableForIndex=2.57GiB
[bucket-plan] decision=ADMIT
[bucket-plan] B=56 a=18 NY=5 K=3 Y=1028160 Q=175616 projectedPeak=0.07GiB availableForIndex=2.57GiB
[bucket-plan] decision=ADMIT
[bucket-plan] B=56 a=18 NY=5 K=3 Y=1028160 Q=175616 projectedPeak=0.07GiB availableForIndex=2.57GiB
[bucket-plan] decision=ADMIT
[bucket-plan] B=56 a=18 NY=5 K=3 Y=1028160 Q=175616 projectedPeak=0.07GiB availableForIndex=2.57GiB
[bucket-plan] decision=ADMIT
[bucket-plan] B=56 a=18 NY=5 K=3 Y=1028160 Q=175616 projectedPeak=0.07GiB availableForIndex=2.57GiB
[bucket-plan] decision=ADMIT
[bucket-plan] B=56 a=18 NY=5 K=3 Y=1028160 Q=175616 projectedPeak=0.07GiB availableForIndex=2.57GiB
[bucket-plan] decision=ADMIT
[bucket-plan] B=56 a=18 NY=5 K=3 Y=1028160 Q=175616 projectedPeak=0.07GiB availableForIndex=2.57GiB
[bucket-plan] decision=ADMIT
[bucket-plan] B=56 a=18 NY=5 K=3 Y=1028160 Q=175616 projectedPeak=0.07GiB availableForIndex=2.57GiB
[bucket-plan] decision=ADMIT
[bucket-plan] B=56 a=18 NY=5 K=3 Y=1028160 Q=175616 projectedPeak=0.07GiB availableForIndex=2.57GiB
[bucket-plan] decision=ADMIT
[bucket-plan] B=56 a=18 NY=5 K=3 Y=1028160 Q=175616 projectedPeak=0.07GiB availableForIndex=2.57GiB
[bucket-plan] decision=ADMIT
[bucket-plan] B=56 a=18 NY=5 K=3 Y=1028160 Q=175616 projectedPeak=0.07GiB availableForIndex=2.57GiB
[bucket-plan] decision=ADMIT
[bucket-plan] B=56 a=18 NY=5 K=3 Y=1028160 Q=175616 projectedPeak=0.07GiB availableForIndex=2.57GiB
[bucket-plan] decision=ADMIT
[bucket-plan] B=56 a=18 NY=5 K=3 Y=1028160 Q=175616 projectedPeak=0.07GiB availableForIndex=2.57GiB
[bucket-plan] decision=ADMIT
[bucket-plan] B=56 a=18 NY=5 K=3 Y=1028160 Q=175616 projectedPeak=0.07GiB availableForIndex=2.57GiB
[bucket-plan] decision=ADMIT
[bucket-plan] B=56 a=18 NY=5 K=3 Y=1028160 Q=175616 projectedPeak=0.07GiB availableForIndex=2.57GiB
[bucket-plan] decision=ADMIT
[bucket-plan] B=56 a=18 NY=5 K=3 Y=1028160 Q=175616 projectedPeak=0.07GiB availableForIndex=2.57GiB
[bucket-plan] decision=ADMIT
[bucket-plan] B=56 a=18 NY=5 K=3 Y=1028160 Q=175616 projectedPeak=0.07GiB availableForIndex=2.57GiB
[bucket-plan] decision=ADMIT
[bucket-plan] B=56 a=18 NY=5 K=3 Y=1028160 Q=175616 projectedPeak=0.07GiB availableForIndex=2.57GiB
[bucket-plan] decision=ADMIT
[bucket-plan] B=56 a=18 NY=5 K=3 Y=1028160 Q=175616 projectedPeak=0.07GiB availableForIndex=2.57GiB
[bucket-plan] decision=ADMIT
[bucket-plan] B=56 a=18 NY=5 K=3 Y=1028160 Q=175616 projectedPeak=0.07GiB availableForIndex=2.57GiB
[bucket-plan] decision=ADMIT
[bucket-plan] B=56 a=18 NY=5 K=3 Y=1028160 Q=175616 projectedPeak=0.07GiB availableForIndex=2.57GiB
[bucket-plan] decision=ADMIT
[bucket-plan] B=56 a=18 NY=5 K=3 Y=1028160 Q=175616 projectedPeak=0.07GiB availableForIndex=2.57GiB
[bucket-plan] decision=ADMIT
[bucket-plan] B=56 a=18 NY=5 K=3 Y=1028160 Q=175616 projectedPeak=0.07GiB availableForIndex=2.57GiB
[bucket-plan] decision=ADMIT
[bucket-plan] B=56 a=18 NY=5 K=3 Y=1028160 Q=175616 projectedPeak=0.07GiB availableForIndex=2.57GiB
[bucket-plan] decision=ADMIT
[bucket-plan] B=56 a=18 NY=5 K=3 Y=1028160 Q=175616 projectedPeak=0.07GiB availableForIndex=2.57GiB
[bucket-plan] decision=ADMIT
[bucket-plan] B=56 a=18 NY=5 K=3 Y=1028160 Q=175616 projectedPeak=0.07GiB availableForIndex=2.57GiB
[bucket-plan] decision=ADMIT
[bucket-plan] B=56 a=18 NY=5 K=3 Y=1028160 Q=175616 projectedPeak=0.07GiB availableForIndex=2.57GiB
[bucket-plan] decision=ADMIT
[bucket-plan] B=56 a=18 NY=5 K=3 Y=1028160 Q=175616 projectedPeak=0.07GiB availableForIndex=2.57GiB
[bucket-plan] decision=ADMIT
[bucket-plan] B=56 a=18 NY=5 K=3 Y=1028160 Q=175616 projectedPeak=0.07GiB availableForIndex=2.57GiB
[bucket-plan] decision=ADMIT
[bucket-plan] B=56 a=18 NY=5 K=3 Y=1028160 Q=175616 projectedPeak=0.07GiB availableForIndex=2.57GiB
[bucket-plan] decision=ADMIT
[bucket-plan] B=56 a=18 NY=5 K=3 Y=1028160 Q=175616 projectedPeak=0.07GiB availableForIndex=2.57GiB
[bucket-plan] decision=ADMIT
[bucket-plan] B=56 a=18 NY=5 K=3 Y=1028160 Q=175616 projectedPeak=0.07GiB availableForIndex=2.57GiB
[bucket-plan] decision=ADMIT
[bucket-plan] B=56 a=18 NY=5 K=3 Y=1028160 Q=175616 projectedPeak=0.07GiB availableForIndex=2.57GiB
[bucket-plan] decision=ADMIT
[bucket-plan] B=56 a=18 NY=5 K=3 Y=1028160 Q=175616 projectedPeak=0.07GiB availableForIndex=2.57GiB
[bucket-plan] decision=ADMIT
[bucket-plan] B=56 a=18 NY=5 K=3 Y=1028160 Q=175616 projectedPeak=0.07GiB availableForIndex=2.57GiB
[bucket-plan] decision=ADMIT
[bucket-plan] B=56 a=18 NY=5 K=3 Y=1028160 Q=175616 projectedPeak=0.07GiB availableForIndex=2.57GiB
[bucket-plan] decision=ADMIT
[bucket-plan] B=56 a=18 NY=5 K=3 Y=1028160 Q=175616 projectedPeak=0.07GiB availableForIndex=2.57GiB
[bucket-plan] decision=ADMIT
[bucket-plan] B=56 a=18 NY=5 K=3 Y=1028160 Q=175616 projectedPeak=0.07GiB availableForIndex=2.57GiB
[bucket-plan] decision=ADMIT
[bucket-plan] B=56 a=18 NY=5 K=3 Y=1028160 Q=175616 projectedPeak=0.07GiB availableForIndex=2.57GiB
[bucket-plan] decision=ADMIT
[bucket-plan] B=56 a=18 NY=5 K=3 Y=1028160 Q=175616 projectedPeak=0.07GiB availableForIndex=2.57GiB
[bucket-plan] decision=ADMIT
[bucket-plan] B=56 a=18 NY=5 K=3 Y=1028160 Q=175616 projectedPeak=0.07GiB availableForIndex=2.57GiB
[bucket-plan] decision=ADMIT
[bucket-plan] B=56 a=18 NY=5 K=3 Y=1028160 Q=175616 projectedPeak=0.07GiB availableForIndex=2.57GiB
[bucket-plan] decision=ADMIT
[bucket-plan] B=56 a=18 NY=5 K=3 Y=1028160 Q=175616 projectedPeak=0.07GiB availableForIndex=2.57GiB
[bucket-plan] decision=ADMIT
[bucket-plan] B=56 a=18 NY=5 K=3 Y=1028160 Q=175616 projectedPeak=0.07GiB availableForIndex=2.57GiB
[bucket-plan] decision=ADMIT
[bucket-plan] B=56 a=18 NY=5 K=3 Y=1028160 Q=175616 projectedPeak=0.07GiB availableForIndex=2.57GiB
[bucket-plan] decision=ADMIT
[bucket-plan] B=56 a=18 NY=5 K=3 Y=1028160 Q=175616 projectedPeak=0.07GiB availableForIndex=2.57GiB
[bucket-plan] decision=ADMIT
[bucket-plan] B=56 a=18 NY=5 K=3 Y=1028160 Q=175616 projectedPeak=0.07GiB availableForIndex=2.57GiB
[bucket-plan] decision=ADMIT
[bucket-plan] B=56 a=18 NY=5 K=3 Y=1028160 Q=175616 projectedPeak=0.07GiB availableForIndex=2.57GiB
[bucket-plan] decision=ADMIT
[bucket-plan] B=56 a=18 NY=5 K=3 Y=1028160 Q=175616 projectedPeak=0.07GiB availableForIndex=2.57GiB
[bucket-plan] decision=ADMIT
[bucket-plan] B=56 a=18 NY=5 K=3 Y=1028160 Q=175616 projectedPeak=0.07GiB availableForIndex=2.57GiB
[bucket-plan] decision=ADMIT
[bucket-plan] B=56 a=18 NY=5 K=3 Y=1028160 Q=175616 projectedPeak=0.07GiB availableForIndex=2.57GiB
[bucket-plan] decision=ADMIT
[certauto]   predicted-vs-actual: family=peeled predLookups=7.344e+05 actualLookups=41860800 predScans=4.3e+06 actualScans=245076308 actualRoots=10260 wall=26.156s
[bucket-plan] B=56 T=2 Pc=11 lifts=5 P_full=12 suffixMult=3 budget=3000000KB
[bucket-plan] reject peeled NX=0 NY=7 K=2: Y=160392960 Q=3136 reason=insufficient_budget
[bucket-plan] reject peeled NX=0 NY=7 K=3: Y=160392960 Q=175616 reason=insufficient_budget
[bucket-plan] reject peeled NX=0 NY=7 K=4: Y=160392960 Q=9834496 reason=insufficient_budget
[bucket-plan] admit peeled NX=1 NY=6 K=2: Y=13366080 Q=3136 suffixMult=3 projectedPeak=0.96GiB lookups=2.448e+04 scans=1.043e+08 score=5.903e+08
[bucket-plan] admit peeled NX=1 NY=6 K=3: Y=13366080 Q=175616 suffixMult=3 projectedPeak=0.96GiB lookups=3.672e+05 scans=2.795e+07 score=2.528e+08
[bucket-plan] admit peeled NX=1 NY=6 K=4: Y=13366080 Q=9834496 suffixMult=3 projectedPeak=1.07GiB lookups=5.141e+06 scans=6.987e+06 score=2.531e+08
[bucket-plan] admit peeled NX=2 NY=5 K=2: Y=1028160 Q=3136 suffixMult=3 projectedPeak=0.07GiB lookups=3.672e+05 scans=1.204e+08 score=5.576e+08
[bucket-plan] admit peeled NX=2 NY=5 K=3: Y=1028160 Q=175616 suffixMult=3 projectedPeak=0.07GiB lookups=5.141e+06 scans=3.01e+07 score=2.374e+08
[bucket-plan] admit peeled NX=2 NY=5 K=4: Y=1028160 Q=9834496 suffixMult=3 projectedPeak=0.18GiB lookups=6.683e+07 scans=6.987e+06 score=1.252e+09
[bucket-plan] admit peeled NX=3 NY=4 K=2: Y=73440 Q=3136 suffixMult=3 projectedPeak=0.01GiB lookups=5.141e+06 scans=1.204e+08 score=6.349e+08
[bucket-plan] admit peeled NX=3 NY=4 K=3: Y=73440 Q=175616 suffixMult=3 projectedPeak=0.01GiB lookups=6.683e+07 scans=2.795e+07 score=1.33e+09
[bucket-plan] admit peeled NX=3 NY=4 K=4: Y=73440 Q=9834496 suffixMult=3 projectedPeak=0.12GiB lookups=8.02e+08 scans=5.989e+06 score=1.447e+10
[bucket-plan] admit peeled NX=4 NY=3 K=2: Y=4896 Q=3136 suffixMult=3 projectedPeak=0.00GiB lookups=6.683e+07 scans=1.043e+08 score=1.673e+09
[bucket-plan] admit peeled NX=4 NY=3 K=3: Y=4896 Q=175616 suffixMult=3 projectedPeak=0.00GiB lookups=8.02e+08 scans=2.236e+07 score=1.454e+10
[bucket-plan] admit peeled NX=4 NY=3 K=4: Y=4896 Q=9834496 suffixMult=3 projectedPeak=0.11GiB lookups=8.822e+09 scans=4.392e+06 score=1.588e+11
[bucket-plan] admit peeled NX=5 NY=2 K=2: Y=306 Q=3136 suffixMult=3 projectedPeak=0.00GiB lookups=8.02e+08 scans=7.825e+07 score=1.479e+10
[bucket-plan] admit peeled NX=5 NY=2 K=3: Y=306 Q=175616 suffixMult=3 projectedPeak=0.00GiB lookups=8.822e+09 scans=1.537e+07 score=1.589e+11
[bucket-plan] admit peeled NX=5 NY=2 K=4: Y=306 Q=9834496 suffixMult=3 projectedPeak=0.11GiB lookups=8.822e+10 scans=2.745e+06 score=1.588e+12
[bucket-plan] admit peeled NX=6 NY=1 K=2: Y=18 Q=3136 suffixMult=3 projectedPeak=0.00GiB lookups=8.822e+09 scans=5.063e+07 score=1.59e+11
[bucket-plan] admit peeled NX=6 NY=1 K=3: Y=18 Q=175616 suffixMult=3 projectedPeak=0.00GiB lookups=8.822e+10 scans=9.042e+06 score=1.588e+12
[bucket-plan] admit peeled NX=6 NY=1 K=4: Y=18 Q=9834496 suffixMult=3 projectedPeak=0.11GiB lookups=7.939e+11 scans=1.453e+06 score=1.429e+13
[bucket-plan] reject full-modulus NX=0 NY=8 K=2: Y=5079110400 Q=3136 reason=Y_exceeds_uint32
[bucket-plan] reject full-modulus NX=0 NY=8 K=3: Y=5079110400 Q=175616 reason=Y_exceeds_uint32
[bucket-plan] reject full-modulus NX=0 NY=8 K=4: Y=5079110400 Q=9834496 reason=Y_exceeds_uint32
[bucket-plan] reject full-modulus NX=1 NY=7 K=2: Y=390700800 Q=3136 reason=insufficient_budget
[bucket-plan] reject full-modulus NX=1 NY=7 K=3: Y=390700800 Q=175616 reason=insufficient_budget
[bucket-plan] reject full-modulus NX=1 NY=7 K=4: Y=390700800 Q=9834496 reason=insufficient_budget
[bucket-plan] admit full-modulus NX=2 NY=6 K=2: Y=27907200 Q=3136 projectedPeak=1.96GiB lookups=3.488e+05 scans=3.104e+09 score=4.742e+09
[bucket-plan] admit full-modulus NX=2 NY=6 K=3: Y=27907200 Q=175616 projectedPeak=1.96GiB lookups=5.581e+06 scans=8.869e+08 score=1.448e+09
[bucket-plan] admit full-modulus NX=2 NY=6 K=4: Y=27907200 Q=9834496 projectedPeak=2.07GiB lookups=8.372e+07 scans=2.376e+08 score=9.454e+08
[bucket-plan] admit full-modulus NX=3 NY=5 K=2: Y=1860480 Q=3136 projectedPeak=0.13GiB lookups=5.581e+06 scans=3.311e+09 score=5.006e+09
[bucket-plan] admit full-modulus NX=3 NY=5 K=3: Y=1860480 Q=175616 projectedPeak=0.13GiB lookups=8.372e+07 scans=8.869e+08 score=1.838e+09
[bucket-plan] admit full-modulus NX=3 NY=5 K=4: Y=1860480 Q=9834496 projectedPeak=0.24GiB lookups=1.172e+09 scans=2.217e+08 score=7.374e+09
[bucket-plan] admit full-modulus NX=4 NY=4 K=2: Y=116280 Q=3136 projectedPeak=0.01GiB lookups=8.372e+07 scans=3.104e+09 score=5.159e+09
[bucket-plan] admit full-modulus NX=4 NY=4 K=3: Y=116280 Q=175616 projectedPeak=0.01GiB lookups=1.172e+09 scans=7.761e+08 score=8.197e+09
[bucket-plan] admit full-modulus NX=4 NY=4 K=4: Y=116280 Q=9834496 projectedPeak=0.12GiB lookups=1.524e+10 scans=1.802e+08 score=9.17e+10
[bucket-plan] admit full-modulus NX=5 NY=3 K=2: Y=6840 Q=3136 projectedPeak=0.00GiB lookups=1.172e+09 scans=2.556e+09 score=1.087e+10
[bucket-plan] admit full-modulus NX=5 NY=3 K=3: Y=6840 Q=175616 projectedPeak=0.00GiB lookups=1.524e+10 scans=5.935e+08 score=9.231e+10
[bucket-plan] admit full-modulus NX=5 NY=3 K=4: Y=6840 Q=9834496 projectedPeak=0.11GiB lookups=1.828e+11 scans=1.272e+08 score=1.097e+12
[bucket-plan] admit full-modulus NX=6 NY=2 K=2: Y=380 Q=3136 projectedPeak=0.00GiB lookups=1.524e+10 scans=1.846e+09 score=9.419e+10
[bucket-plan] admit full-modulus NX=6 NY=2 K=3: Y=380 Q=175616 projectedPeak=0.00GiB lookups=1.828e+11 scans=3.956e+08 score=1.098e+12
[bucket-plan] admit full-modulus NX=6 NY=2 K=4: Y=380 Q=9834496 projectedPeak=0.11GiB lookups=2.011e+12 scans=7.772e+07 score=1.207e+13
[bucket-plan] admit full-modulus NX=7 NY=1 K=2: Y=20 Q=3136 projectedPeak=0.00GiB lookups=1.828e+11 scans=1.166e+09 score=1.099e+12
[bucket-plan] admit full-modulus NX=7 NY=1 K=3: Y=20 Q=175616 projectedPeak=0.00GiB lookups=2.011e+12 scans=2.291e+08 score=1.207e+13
[bucket-plan] admit full-modulus NX=7 NY=1 K=4: Y=20 Q=9834496 projectedPeak=0.11GiB lookups=2.011e+13 scans=4.09e+07 score=1.207e+14
[bucket-plan] decision=ADMIT family=peeled NX=2 NY=5 K=3 P=11 Y=1028160 Q=175616 suffixMult=3 projectedPeak=0.07GiB projectedLookups=5.141e+06 projectedScans=3.01e+07 score=2.374e+08
[bucket-plan] B=56 a=18 NY=5 K=3 Y=1028160 Q=175616 projectedPeak=0.07GiB availableForIndex=2.57GiB
[bucket-plan] decision=ADMIT
[bucket-plan] B=56 a=18 NY=5 K=3 Y=1028160 Q=175616 projectedPeak=0.07GiB availableForIndex=2.57GiB
[bucket-plan] decision=ADMIT
[bucket-plan] B=56 a=18 NY=5 K=3 Y=1028160 Q=175616 projectedPeak=0.07GiB availableForIndex=2.57GiB
[bucket-plan] decision=ADMIT
[certauto]   predicted-vs-actual: family=peeled predLookups=5.141e+06 actualLookups=15422400 predScans=3.01e+07 actualScans=90284044 actualRoots=4590 wall=3.372s
[certauto] base=56: FOUND with |D|=47 (dropped 8 digit(s)) family=peeled NX=2 NY=5 K=3 winningCandidate=22 wrongTurnsRefuted=0 survivors=1 (verified 1 OK / 0 FAILED) wall=3.372s peakRSS~78568KB [subsetsChecked=566448493 subsetsScanned=3]
[certauto] base=56: maximum value (83 digits): 14611462141240529114186149252246406046501939700099449176466457839715539043277294100
[certauto] base=56 STRONG CANDIDATE (direct-verified completion; NOT certified-maximal: 2 earlier-scanned subset(s) refuted only within the fixed 21-position window -- see RESULTS.md b50 audit)
[certauto] base=56 total autonomous-search wall=2131.924s
