[guard] L = 442720643463713815200  (assert OK)
[guard] L_c = 63245806209101973600
[guard] gcd(L_c mod 49, 49) = 1  (assert OK)
[guard] lifts = ceil(B^12 / L_c) = 4  (assert OK, target ~4)
[guard] fixed prefix digit count = 26 (24 + 2 = 26, assert OK)
[guard] digit count: 26 fixed + 1 candidate + 19 free + 1 suffix = 47  (assert OK)

=== Guard-rail summary ===
B=49, |D|=47, L=442720643463713815200
L_nil=7, L_c=63245806209101973600
P=12, lifts=4
===========================

[sieve] SIEVE_LEVEL=0 (bit0=root bit1=every-node bit2=depth3-joint)
[certauto] base=56 rssBudgetKB=3000000 expected=(none)
[certauto] base=56, n=55, autonomous subset+divergence+PLAN discovery starting (subsetdisc: solve_base-style descending-lex enumeration; planner: BASE-50-FULL-MODULUS-BUCKET.md Sec 9 Phase B)
[selftest-suffixdp] doc#23-Sec3.2-b50-cand21: DP=11552 brute=11552 expect=11552 -> OK
[selftest-suffixdp] b48-shape-T3-Lnil216: DP=0 brute=0 -> OK
[selftest-suffixdp] b49-shape-T1-Lnil7: DP=1 brute=1 -> OK
[selftest-suffixdp] misc-T2: DP=0 brute=0 -> OK
[bucket-plan] B=56 T=2 Pc=12 lifts=10 P_full=13 suffixMult=3 budget=3000000KB
[bucket-plan] reject peeled NX=0 NY=7 K=2: Y=253955520 Q=3136 reason=insufficient_budget
[bucket-plan] reject peeled NX=0 NY=7 K=3: Y=253955520 Q=175616 reason=insufficient_budget
[bucket-plan] reject peeled NX=0 NY=7 K=4: Y=253955520 Q=9834496 reason=insufficient_budget
[bucket-plan] admit peeled NX=1 NY=6 K=2: Y=19535040 Q=3136 suffixMult=3 projectedPeak=1.71GiB lookups=5.814e+04 scans=3.622e+08 score=1.807e+09
[bucket-plan] admit peeled NX=1 NY=6 K=3: Y=19535040 Q=175616 suffixMult=3 projectedPeak=1.71GiB lookups=9.302e+05 scans=1.035e+08 score=6.584e+08
[bucket-plan] admit peeled NX=1 NY=6 K=4: Y=19535040 Q=9834496 suffixMult=3 projectedPeak=1.82GiB lookups=1.395e+07 scans=2.772e+07 score=5.606e+08
[bucket-plan] admit peeled NX=2 NY=5 K=2: Y=1395360 Q=3136 suffixMult=3 projectedPeak=0.11GiB lookups=9.302e+05 scans=4.139e+08 score=1.892e+09
[bucket-plan] admit peeled NX=2 NY=5 K=3: Y=1395360 Q=175616 suffixMult=3 projectedPeak=0.11GiB lookups=1.395e+07 scans=1.109e+08 score=7.628e+08
[bucket-plan] admit peeled NX=2 NY=5 K=4: Y=1395360 Q=9834496 suffixMult=3 projectedPeak=0.22GiB lookups=1.954e+08 scans=2.772e+07 score=3.662e+09
[bucket-plan] admit peeled NX=3 NY=4 K=2: Y=93024 Q=3136 suffixMult=3 projectedPeak=0.01GiB lookups=1.395e+07 scans=4.139e+08 score=2.115e+09
[bucket-plan] admit peeled NX=3 NY=4 K=3: Y=93024 Q=175616 suffixMult=3 projectedPeak=0.01GiB lookups=1.954e+08 scans=1.035e+08 score=3.983e+09
[bucket-plan] admit peeled NX=3 NY=4 K=4: Y=93024 Q=9834496 suffixMult=3 projectedPeak=0.12GiB lookups=2.54e+09 scans=2.402e+07 score=4.583e+10
[bucket-plan] admit peeled NX=4 NY=3 K=2: Y=5814 Q=3136 suffixMult=3 projectedPeak=0.00GiB lookups=1.954e+08 scans=3.622e+08 score=5.146e+09
[bucket-plan] admit peeled NX=4 NY=3 K=3: Y=5814 Q=175616 suffixMult=3 projectedPeak=0.00GiB lookups=2.54e+09 scans=8.408e+07 score=4.609e+10
[bucket-plan] admit peeled NX=4 NY=3 K=4: Y=5814 Q=9834496 suffixMult=3 projectedPeak=0.11GiB lookups=3.047e+10 scans=1.802e+07 score=5.486e+11
[bucket-plan] admit peeled NX=5 NY=2 K=2: Y=342 Q=3136 suffixMult=3 projectedPeak=0.00GiB lookups=2.54e+09 scans=2.77e+08 score=4.696e+10
[bucket-plan] admit peeled NX=5 NY=2 K=3: Y=342 Q=175616 suffixMult=3 projectedPeak=0.00GiB lookups=3.047e+10 scans=5.935e+07 score=5.488e+11
[bucket-plan] admit peeled NX=5 NY=2 K=4: Y=342 Q=9834496 suffixMult=3 projectedPeak=0.11GiB lookups=3.352e+11 scans=1.166e+07 score=6.034e+12
[bucket-plan] admit peeled NX=6 NY=1 K=2: Y=19 Q=3136 suffixMult=3 projectedPeak=0.00GiB lookups=3.047e+10 scans=1.846e+08 score=5.494e+11
[bucket-plan] admit peeled NX=6 NY=1 K=3: Y=19 Q=175616 suffixMult=3 projectedPeak=0.00GiB lookups=3.352e+11 scans=3.627e+07 score=6.034e+12
[bucket-plan] admit peeled NX=6 NY=1 K=4: Y=19 Q=9834496 suffixMult=3 projectedPeak=0.11GiB lookups=3.352e+12 scans=6.476e+06 score=6.034e+13
[bucket-plan] reject full-modulus NX=0 NY=8 K=2: Y=8204716800 Q=3136 reason=Y_exceeds_uint32
[bucket-plan] reject full-modulus NX=0 NY=8 K=3: Y=8204716800 Q=175616 reason=Y_exceeds_uint32
[bucket-plan] reject full-modulus NX=0 NY=8 K=4: Y=8204716800 Q=9834496 reason=Y_exceeds_uint32
[bucket-plan] reject full-modulus NX=1 NY=7 K=2: Y=586051200 Q=3136 reason=insufficient_budget
[bucket-plan] reject full-modulus NX=1 NY=7 K=3: Y=586051200 Q=175616 reason=insufficient_budget
[bucket-plan] reject full-modulus NX=1 NY=7 K=4: Y=586051200 Q=9834496 reason=insufficient_budget
[bucket-plan] reject full-modulus NX=2 NY=6 K=2: Y=39070080 Q=3136 reason=insufficient_budget
[bucket-plan] reject full-modulus NX=2 NY=6 K=3: Y=39070080 Q=175616 reason=insufficient_budget
[bucket-plan] reject full-modulus NX=2 NY=6 K=4: Y=39070080 Q=9834496 reason=insufficient_budget
[bucket-plan] admit full-modulus NX=3 NY=5 K=2: Y=2441880 Q=3136 projectedPeak=0.21GiB lookups=9.768e+06 scans=7.606e+09 score=1.147e+10
[bucket-plan] admit full-modulus NX=3 NY=5 K=3: Y=2441880 Q=175616 projectedPeak=0.22GiB lookups=1.563e+08 scans=2.173e+09 score=4.205e+09
[bucket-plan] admit full-modulus NX=3 NY=5 K=4: Y=2441880 Q=9834496 projectedPeak=0.32GiB lookups=2.344e+09 scans=5.821e+08 score=1.495e+10
[bucket-plan] admit full-modulus NX=4 NY=4 K=2: Y=143640 Q=3136 projectedPeak=0.01GiB lookups=1.563e+08 scans=7.158e+09 score=1.168e+10
[bucket-plan] admit full-modulus NX=4 NY=4 K=3: Y=143640 Q=175616 projectedPeak=0.02GiB lookups=2.344e+09 scans=1.917e+09 score=1.694e+10
[bucket-plan] admit full-modulus NX=4 NY=4 K=4: Y=143640 Q=9834496 projectedPeak=0.12GiB lookups=3.282e+10 scans=4.793e+08 score=1.976e+11
[bucket-plan] admit full-modulus NX=5 NY=3 K=2: Y=7980 Q=3136 projectedPeak=0.00GiB lookups=2.344e+09 scans=5.965e+09 score=2.301e+10
[bucket-plan] admit full-modulus NX=5 NY=3 K=3: Y=7980 Q=175616 projectedPeak=0.00GiB lookups=3.282e+10 scans=1.491e+09 score=1.992e+11
[bucket-plan] admit full-modulus NX=5 NY=3 K=4: Y=7980 Q=9834496 projectedPeak=0.11GiB lookups=4.266e+11 scans=3.462e+08 score=2.56e+12
[bucket-plan] admit full-modulus NX=6 NY=2 K=2: Y=420 Q=3136 projectedPeak=0.00GiB lookups=3.282e+10 scans=4.395e+09 score=2.035e+11
[bucket-plan] admit full-modulus NX=6 NY=2 K=3: Y=420 Q=175616 projectedPeak=0.00GiB lookups=4.266e+11 scans=1.02e+09 score=2.561e+12
[bucket-plan] admit full-modulus NX=6 NY=2 K=4: Y=420 Q=9834496 projectedPeak=0.11GiB lookups=5.12e+12 scans=2.186e+08 score=3.072e+13
[bucket-plan] admit full-modulus NX=7 NY=1 K=2: Y=21 Q=3136 projectedPeak=0.00GiB lookups=4.266e+11 scans=2.857e+09 score=2.564e+12
[bucket-plan] admit full-modulus NX=7 NY=1 K=3: Y=21 Q=175616 projectedPeak=0.00GiB lookups=5.12e+12 scans=6.122e+08 score=3.072e+13
[bucket-plan] admit full-modulus NX=7 NY=1 K=4: Y=21 Q=9834496 projectedPeak=0.11GiB lookups=5.632e+13 scans=1.203e+08 score=3.379e+14
[bucket-plan] challenger family=peeled NX=1 NY=6 K=4 score=5.606e+08 did not beat legacy default (peeled NX=2 NY=5 K=3) score=7.628e+08 by 3x -- keeping legacy default
[bucket-plan] decision=ADMIT family=peeled NX=2 NY=5 K=3 P=12 Y=1395360 Q=175616 suffixMult=3 projectedPeak=0.11GiB projectedLookups=1.395e+07 projectedScans=1.109e+08 score=7.628e+08
[bucket-plan] B=56 a=19 NY=5 K=3 Y=1395360 Q=175616 projectedPeak=0.11GiB availableForIndex=2.61GiB
[bucket-plan] decision=ADMIT
[bucket-plan] B=56 a=19 NY=5 K=3 Y=1395360 Q=175616 projectedPeak=0.11GiB availableForIndex=2.59GiB
[bucket-plan] decision=ADMIT
[bucket-plan] B=56 a=19 NY=5 K=3 Y=1395360 Q=175616 projectedPeak=0.11GiB availableForIndex=2.61GiB
[bucket-plan] decision=ADMIT
[bucket-plan] B=56 a=19 NY=5 K=3 Y=1395360 Q=175616 projectedPeak=0.11GiB availableForIndex=2.61GiB
[bucket-plan] decision=ADMIT
[bucket-plan] B=56 a=19 NY=5 K=3 Y=1395360 Q=175616 projectedPeak=0.11GiB availableForIndex=2.61GiB
[bucket-plan] decision=ADMIT
[bucket-plan] B=56 a=19 NY=5 K=3 Y=1395360 Q=175616 projectedPeak=0.11GiB availableForIndex=2.61GiB
[bucket-plan] decision=ADMIT
[bucket-plan] B=56 a=19 NY=5 K=3 Y=1395360 Q=175616 projectedPeak=0.11GiB availableForIndex=2.61GiB
[bucket-plan] decision=ADMIT
[bucket-plan] B=56 a=19 NY=5 K=3 Y=1395360 Q=175616 projectedPeak=0.11GiB availableForIndex=2.61GiB
[bucket-plan] decision=ADMIT
[bucket-plan] B=56 a=19 NY=5 K=3 Y=1395360 Q=175616 projectedPeak=0.11GiB availableForIndex=2.61GiB
[bucket-plan] decision=ADMIT
[certauto]   predicted-vs-actual: family=peeled predLookups=1.395e+07 actualLookups=125582400 predScans=1.109e+08 actualScans=997815996 actualRoots=30780 wall=35.101s
[certauto] base=56: FOUND with |D|=48 (dropped 7 digit(s)) family=peeled NX=2 NY=5 K=3 winningCandidate=21 wrongTurnsRefuted=2 survivors=1 (verified 1 OK / 0 FAILED) wall=35.101s peakRSS~125932KB [subsetsChecked=159959046 subsetsScanned=1]
[certauto] base=56: maximum value (84 digits): 818241795167031571216125942108524047248252714836991418093245122512858064867506776900
[certauto] base=56 CERTIFICATION (direct-verified, no external target to compare): PASS
[certauto] base=56 total autonomous-search wall=676.998s
