[guard] L = 442720643463713815200  (assert OK)
[guard] L_c = 63245806209101973600
[guard] gcd(L_c mod 49, 49) = 1  (assert OK)
[guard] lifts = ceil(B^12 / L_c) = 4  (assert OK, target ~4)
[guard] fixed prefix digit count = 26 (24 + 2 = 26, assert OK)
[guard] digit count: 26 fixed + 1 candidate + 19 free + 1 suffix = 47  (assert OK)

=== Guard-rail summary ===
B=49, |D|=47, L=442720643463713815200
L_nil=7, L_c=63245806209101973600
P=12, lifts=4
===========================

[sieve] SIEVE_LEVEL=0 (bit0=root bit1=every-node bit2=depth3-joint)
[certauto] base=58 rssBudgetKB=3000000 expected=(none)
[certauto] base=58, n=57, autonomous subset+divergence+PLAN discovery starting (subsetdisc: solve_base-style descending-lex enumeration; planner: BASE-50-FULL-MODULUS-BUCKET.md Sec 9 Phase B)
[selftest-suffixdp] doc#23-Sec3.2-b50-cand21: DP=11552 brute=11552 expect=11552 -> OK
[selftest-suffixdp] b48-shape-T3-Lnil216: DP=0 brute=0 -> OK
[selftest-suffixdp] b49-shape-T1-Lnil7: DP=1 brute=1 -> OK
[selftest-suffixdp] misc-T2: DP=0 brute=0 -> OK
[bucket-plan] B=58 T=5 Pc=12 lifts=9 P_full=13 suffixMult=72593 budget=3000000KB
[bucket-plan] admit peeled NX=0 NY=4 K=2: Y=43680 Q=3364 suffixMult=72593 projectedPeak=0.00GiB lookups=2160 scans=2.805e+04 score=1.358e+10
[bucket-plan] admit peeled NX=0 NY=4 K=3: Y=43680 Q=195112 suffixMult=72593 projectedPeak=0.01GiB lookups=3.024e+04 scans=6770 score=2.767e+10
[bucket-plan] admit peeled NX=0 NY=4 K=4: Y=43680 Q=11316496 suffixMult=72593 projectedPeak=0.13GiB lookups=3.931e+05 scans=1517 score=4.274e+11
[bucket-plan] admit peeled NX=1 NY=3 K=2: Y=3360 Q=3364 suffixMult=72593 projectedPeak=0.00GiB lookups=3.024e+04 scans=3.02e+04 score=1.727e+10
[bucket-plan] admit peeled NX=1 NY=3 K=3: Y=3360 Q=195112 suffixMult=72593 projectedPeak=0.00GiB lookups=3.931e+05 scans=6770 score=1.769e+11
[bucket-plan] admit peeled NX=1 NY=3 K=4: Y=3360 Q=11316496 suffixMult=72593 projectedPeak=0.13GiB lookups=4.717e+06 scans=1401 score=2.302e+12
[bucket-plan] admit peeled NX=2 NY=2 K=2: Y=240 Q=3364 suffixMult=72593 projectedPeak=0.00GiB lookups=3.931e+05 scans=2.805e+04 score=1.744e+11
[bucket-plan] admit peeled NX=2 NY=2 K=3: Y=240 Q=195112 suffixMult=72593 projectedPeak=0.00GiB lookups=4.717e+06 scans=5803 score=2.06e+12
[bucket-plan] admit peeled NX=2 NY=2 K=4: Y=240 Q=11316496 suffixMult=72593 projectedPeak=0.13GiB lookups=5.189e+07 scans=1101 score=2.285e+13
[bucket-plan] admit peeled NX=3 NY=1 K=2: Y=16 Q=3364 suffixMult=72593 projectedPeak=0.00GiB lookups=4.717e+06 scans=2.244e+04 score=2.057e+12
[bucket-plan] admit peeled NX=3 NY=1 K=3: Y=16 Q=195112 suffixMult=72593 projectedPeak=0.00GiB lookups=5.189e+07 scans=4255 score=2.261e+13
[bucket-plan] admit peeled NX=3 NY=1 K=4: Y=16 Q=11316496 suffixMult=72593 projectedPeak=0.13GiB lookups=5.189e+08 scans=733.7 score=2.263e+14
[bucket-plan] reject full-modulus NX=0 NY=8 K=2: Y=8204716800 Q=3364 reason=Y_exceeds_uint32
[bucket-plan] reject full-modulus NX=0 NY=8 K=3: Y=8204716800 Q=195112 reason=Y_exceeds_uint32
[bucket-plan] reject full-modulus NX=0 NY=8 K=4: Y=8204716800 Q=11316496 reason=Y_exceeds_uint32
[bucket-plan] reject full-modulus NX=1 NY=7 K=2: Y=586051200 Q=3364 reason=insufficient_budget
[bucket-plan] reject full-modulus NX=1 NY=7 K=3: Y=586051200 Q=195112 reason=insufficient_budget
[bucket-plan] reject full-modulus NX=1 NY=7 K=4: Y=586051200 Q=11316496 reason=insufficient_budget
[bucket-plan] reject full-modulus NX=2 NY=6 K=2: Y=39070080 Q=3364 reason=insufficient_budget
[bucket-plan] reject full-modulus NX=2 NY=6 K=3: Y=39070080 Q=195112 reason=insufficient_budget
[bucket-plan] reject full-modulus NX=2 NY=6 K=4: Y=39070080 Q=11316496 reason=insufficient_budget
[bucket-plan] admit full-modulus NX=3 NY=5 K=2: Y=2441880 Q=3364 projectedPeak=0.21GiB lookups=3.907e+07 scans=2.836e+10 score=4.278e+10
[bucket-plan] admit full-modulus NX=3 NY=5 K=3: Y=2441880 Q=195112 projectedPeak=0.22GiB lookups=6.251e+08 scans=7.824e+09 score=1.549e+10
[bucket-plan] admit full-modulus NX=3 NY=5 K=4: Y=2441880 Q=11316496 projectedPeak=0.34GiB lookups=9.377e+09 scans=2.023e+09 score=5.931e+10
[bucket-plan] admit full-modulus NX=4 NY=4 K=2: Y=143640 Q=3364 projectedPeak=0.01GiB lookups=6.251e+08 scans=2.669e+10 score=4.379e+10
[bucket-plan] admit full-modulus NX=4 NY=4 K=3: Y=143640 Q=195112 projectedPeak=0.02GiB lookups=9.377e+09 scans=6.903e+09 score=6.662e+10
[bucket-plan] admit full-modulus NX=4 NY=4 K=4: Y=143640 Q=11316496 projectedPeak=0.14GiB lookups=1.313e+11 scans=1.666e+09 score=7.902e+11
[bucket-plan] admit full-modulus NX=5 NY=3 K=2: Y=7980 Q=3364 projectedPeak=0.00GiB lookups=9.377e+09 scans=2.224e+10 score=8.963e+10
[bucket-plan] admit full-modulus NX=5 NY=3 K=3: Y=7980 Q=195112 projectedPeak=0.00GiB lookups=1.313e+11 scans=5.369e+09 score=7.957e+11
[... trimmed, was 19060620 bytes ...]
[bucket-plan] decision=ADMIT
[bucket-plan] B=58 a=16 NY=4 K=2 Y=43680 Q=3364 projectedPeak=0.00GiB availableForIndex=2.60GiB
[bucket-plan] decision=ADMIT
[bucket-plan] B=58 a=16 NY=4 K=2 Y=43680 Q=3364 projectedPeak=0.00GiB availableForIndex=2.60GiB
[bucket-plan] decision=ADMIT
[bucket-plan] B=58 a=16 NY=4 K=2 Y=43680 Q=3364 projectedPeak=0.00GiB availableForIndex=2.60GiB
[bucket-plan] decision=ADMIT
[bucket-plan] B=58 a=16 NY=4 K=2 Y=43680 Q=3364 projectedPeak=0.00GiB availableForIndex=2.60GiB
[bucket-plan] decision=ADMIT
[bucket-plan] B=58 a=16 NY=4 K=2 Y=43680 Q=3364 projectedPeak=0.00GiB availableForIndex=2.60GiB
[bucket-plan] decision=ADMIT
[bucket-plan] B=58 a=16 NY=4 K=2 Y=43680 Q=3364 projectedPeak=0.00GiB availableForIndex=2.60GiB
[bucket-plan] decision=ADMIT
[bucket-plan] B=58 a=16 NY=4 K=2 Y=43680 Q=3364 projectedPeak=0.00GiB availableForIndex=2.60GiB
[bucket-plan] decision=ADMIT
[bucket-plan] B=58 a=16 NY=4 K=2 Y=43680 Q=3364 projectedPeak=0.00GiB availableForIndex=2.60GiB
[bucket-plan] decision=ADMIT
[bucket-plan] B=58 a=16 NY=4 K=2 Y=43680 Q=3364 projectedPeak=0.00GiB availableForIndex=2.60GiB
[bucket-plan] decision=ADMIT
[bucket-plan] B=58 a=16 NY=4 K=2 Y=43680 Q=3364 projectedPeak=0.00GiB availableForIndex=2.60GiB
[bucket-plan] decision=ADMIT
[bucket-plan] B=58 a=16 NY=4 K=2 Y=43680 Q=3364 projectedPeak=0.00GiB availableForIndex=2.60GiB
[bucket-plan] decision=ADMIT
[bucket-plan] B=58 a=16 NY=4 K=2 Y=43680 Q=3364 projectedPeak=0.00GiB availableForIndex=2.60GiB
[bucket-plan] decision=ADMIT
[certauto]   predicted-vs-actual: family=peeled predLookups=2160 actualLookups=329253120 predScans=2.805e+04 actualScans=4275264069 actualRoots=1371888 wall=2394.219s
[certauto] base=58: FOUND with |D|=55 (dropped 2 digit(s)) family=peeled NX=0 NY=4 K=2 winningCandidate=21 wrongTurnsRefuted=1 survivors=2 (verified 2 OK / 0 FAILED) wall=2394.219s peakRSS~13856KB [subsetsChecked=464 subsetsScanned=1]
[certauto] base=58: maximum value (97 digits): 9736569208044009047215982390641931224449891752961186859894784030413187509184301962164357195502400
[certauto] base=58 CERTIFICATION (direct-verified, no external target to compare): PASS
[certauto] base=58 total autonomous-search wall=2394.619s
