[guard] L = 442720643463713815200  (assert OK)
[guard] L_c = 63245806209101973600
[guard] gcd(L_c mod 49, 49) = 1  (assert OK)
[guard] lifts = ceil(B^12 / L_c) = 4  (assert OK, target ~4)
[guard] fixed prefix digit count = 26 (24 + 2 = 26, assert OK)
[guard] digit count: 26 fixed + 1 candidate + 19 free + 1 suffix = 47  (assert OK)

=== Guard-rail summary ===
B=49, |D|=47, L=442720643463713815200
L_nil=7, L_c=63245806209101973600
P=12, lifts=4
===========================

[sieve] SIEVE_LEVEL=0 (bit0=root bit1=every-node bit2=depth3-joint)
[certauto] base=60 rssBudgetKB=3000000 expected=(none)
[certauto] base=60, n=59, autonomous subset+divergence+PLAN discovery starting (subsetdisc: solve_base-style descending-lex enumeration; planner: BASE-50-FULL-MODULUS-BUCKET.md Sec 9 Phase B)
[selftest-suffixdp] doc#23-Sec3.2-b50-cand21: DP=11552 brute=11552 expect=11552 -> OK
[selftest-suffixdp] b48-shape-T3-Lnil216: DP=0 brute=0 -> OK
[selftest-suffixdp] b49-shape-T1-Lnil7: DP=1 brute=1 -> OK
[selftest-suffixdp] misc-T2: DP=0 brute=0 -> OK
[bucket-plan] B=60 T=3 Pc=12 lifts=5 P_full=14 suffixMult=7 budget=3000000KB
[bucket-plan] admit peeled NX=0 NY=6 K=2: Y=13366080 Q=3600 suffixMult=7 projectedPeak=0.96GiB lookups=1530 scans=5.681e+06 score=3.404e+08
[bucket-plan] admit peeled NX=0 NY=6 K=3: Y=13366080 Q=216000 suffixMult=7 projectedPeak=0.96GiB lookups=2.448e+04 scans=1.515e+06 score=2.981e+08
[bucket-plan] admit peeled NX=0 NY=6 K=4: Y=13366080 Q=12960000 suffixMult=7 projectedPeak=1.11GiB lookups=3.672e+05 scans=3.787e+05 score=3.273e+08
[bucket-plan] admit peeled NX=1 NY=5 K=2: Y=1028160 Q=3600 suffixMult=7 projectedPeak=0.07GiB lookups=2.448e+04 scans=6.991e+06 score=9.604e+07
[bucket-plan] admit peeled NX=1 NY=5 K=3: Y=1028160 Q=216000 suffixMult=7 projectedPeak=0.07GiB lookups=3.672e+05 scans=1.748e+06 score=5.582e+07
[bucket-plan] admit peeled NX=1 NY=5 K=4: Y=1028160 Q=12960000 suffixMult=7 projectedPeak=0.21GiB lookups=5.141e+06 scans=4.078e+05 score=2.69e+08
[bucket-plan] admit peeled NX=2 NY=4 K=2: Y=73440 Q=3600 suffixMult=7 projectedPeak=0.01GiB lookups=3.672e+05 scans=7.491e+06 score=9.563e+07
[bucket-plan] admit peeled NX=2 NY=4 K=3: Y=73440 Q=216000 suffixMult=7 projectedPeak=0.01GiB lookups=5.141e+06 scans=1.748e+06 score=2.363e+08
[bucket-plan] admit peeled NX=2 NY=4 K=4: Y=73440 Q=12960000 suffixMult=7 projectedPeak=0.15GiB lookups=6.683e+07 scans=3.787e+05 score=2.84e+09
[bucket-plan] admit peeled NX=3 NY=3 K=2: Y=4896 Q=3600 suffixMult=7 projectedPeak=0.00GiB lookups=5.141e+06 scans=6.991e+06 score=2.894e+08
[bucket-plan] admit peeled NX=3 NY=3 K=3: Y=4896 Q=216000 suffixMult=7 projectedPeak=0.00GiB lookups=6.683e+07 scans=1.515e+06 score=2.823e+09
[bucket-plan] admit peeled NX=3 NY=3 K=4: Y=4896 Q=12960000 suffixMult=7 projectedPeak=0.15GiB lookups=8.02e+08 scans=3.03e+05 score=3.371e+10
[bucket-plan] admit peeled NX=4 NY=2 K=2: Y=306 Q=3600 suffixMult=7 projectedPeak=0.00GiB lookups=6.683e+07 scans=5.681e+06 score=2.867e+09
[bucket-plan] admit peeled NX=4 NY=2 K=3: Y=306 Q=216000 suffixMult=7 projectedPeak=0.00GiB lookups=8.02e+08 scans=1.136e+06 score=3.369e+10
[bucket-plan] admit peeled NX=4 NY=2 K=4: Y=306 Q=12960000 suffixMult=7 projectedPeak=0.14GiB lookups=8.822e+09 scans=2.083e+05 score=3.705e+11
[bucket-plan] admit peeled NX=5 NY=1 K=2: Y=18 Q=3600 suffixMult=7 projectedPeak=0.00GiB lookups=8.02e+08 scans=4.01e+06 score=3.372e+10
[bucket-plan] admit peeled NX=5 NY=1 K=3: Y=18 Q=216000 suffixMult=7 projectedPeak=0.00GiB lookups=8.822e+09 scans=7.351e+05 score=3.705e+11
[bucket-plan] admit peeled NX=5 NY=1 K=4: Y=18 Q=12960000 suffixMult=7 projectedPeak=0.14GiB lookups=8.822e+10 scans=1.225e+05 score=3.705e+12
[bucket-plan] reject full-modulus NX=0 NY=7 K=2: Y=586051200 Q=3600 reason=insufficient_budget
[bucket-plan] reject full-modulus NX=0 NY=7 K=3: Y=586051200 Q=216000 reason=insufficient_budget
[bucket-plan] reject full-modulus NX=0 NY=7 K=4: Y=586051200 Q=12960000 reason=insufficient_budget
[bucket-plan] reject full-modulus NX=1 NY=6 K=2: Y=39070080 Q=3600 reason=insufficient_budget
[bucket-plan] reject full-modulus NX=1 NY=6 K=3: Y=39070080 Q=216000 reason=insufficient_budget
[bucket-plan] reject full-modulus NX=1 NY=6 K=4: Y=39070080 Q=12960000 reason=insufficient_budget
[bucket-plan] admit full-modulus NX=2 NY=5 K=2: Y=2441880 Q=3600 projectedPeak=0.21GiB lookups=3.16e+06 scans=2.143e+09 score=3.242e+09
[bucket-plan] admit full-modulus NX=2 NY=5 K=3: Y=2441880 Q=216000 projectedPeak=0.22GiB lookups=5.372e+07 scans=6.073e+08 score=1.241e+09
[bucket-plan] admit full-modulus NX=2 NY=5 K=4: Y=2441880 Q=12960000 projectedPeak=0.36GiB lookups=8.595e+08 scans=1.62e+08 score=5.411e+09
[bucket-plan] admit full-modulus NX=3 NY=4 K=2: Y=143640 Q=3600 projectedPeak=0.01GiB lookups=5.372e+07 scans=2.143e+09 score=3.538e+09
[bucket-plan] admit full-modulus NX=3 NY=4 K=3: Y=143640 Q=216000 projectedPeak=0.02GiB lookups=8.595e+08 scans=5.716e+08 score=6.015e+09
[bucket-plan] admit full-modulus NX=3 NY=4 K=4: Y=143640 Q=12960000 projectedPeak=0.16GiB lookups=1.289e+10 scans=1.429e+08 score=7.758e+10
[bucket-plan] admit full-modulus NX=4 NY=3 K=2: Y=7980 Q=3600 projectedPeak=0.00GiB lookups=8.595e+08 scans=1.905e+09 score=8.015e+09
[bucket-plan] admit full-modulus NX=4 NY=3 K=3: Y=7980 Q=216000 projectedPeak=0.00GiB lookups=1.289e+10 scans=4.763e+08 score=7.807e+10
[bucket-plan] admit full-modulus NX=4 NY=3 K=4: Y=7980 Q=12960000 projectedPeak=0.15GiB lookups=1.805e+11 scans=1.111e+08 score=1.083e+12
[bucket-plan] admit full-modulus NX=5 NY=2 K=2: Y=420 Q=3600 projectedPeak=0.00GiB lookups=1.289e+10 scans=1.504e+09 score=7.962e+10
[bucket-plan] admit full-modulus NX=5 NY=2 K=3: Y=420 Q=216000 projectedPeak=0.00GiB lookups=1.805e+11 scans=3.51e+08 score=1.084e+12
[bucket-plan] admit full-modulus NX=5 NY=2 K=4: Y=420 Q=12960000 projectedPeak=0.14GiB lookups=2.347e+12 scans=7.605e+07 score=1.408e+13
[bucket-plan] admit full-modulus NX=6 NY=1 K=2: Y=21 Q=3600 projectedPeak=0.00GiB lookups=1.805e+11 scans=1.053e+09 score=1.085e+12
[bucket-plan] admit full-modulus NX=6 NY=1 K=3: Y=21 Q=216000 projectedPeak=0.00GiB lookups=2.347e+12 scans=2.281e+08 score=1.408e+13
[bucket-plan] admit full-modulus NX=6 NY=1 K=4: Y=21 Q=12960000 projectedPeak=0.14GiB lookups=2.816e+13 scans=4.563e+07 score=1.69e+14
[bucket-plan] decision=ADMIT family=peeled NX=1 NY=5 K=3 P=12 Y=1028160 Q=216000 suffixMult=7 projectedPeak=0.07GiB projectedLookups=3.672e+05 projectedScans=1.748e+06 score=5.582e+07
[bucket-plan] B=60 a=18 NY=5 K=3 Y=1028160 Q=216000 projectedPeak=0.07GiB availableForIndex=2.61GiB
[bucket-plan] decision=ADMIT
[bucket-plan] B=60 a=18 NY=5 K=3 Y=1028160 Q=216000 projectedPeak=0.07GiB availableForIndex=2.60GiB
[bucket-plan] decision=ADMIT
[bucket-plan] B=60 a=18 NY=5 K=3 Y=1028160 Q=216000 projectedPeak=0.07GiB availableForIndex=2.57GiB
[bucket-plan] decision=ADMIT
[bucket-plan] B=60 a=18 NY=5 K=3 Y=1028160 Q=216000 projectedPeak=0.07GiB availableForIndex=2.57GiB
[bucket-plan] decision=ADMIT
[bucket-plan] B=60 a=18 NY=5 K=3 Y=1028160 Q=216000 projectedPeak=0.07GiB availableForIndex=2.57GiB
[bucket-plan] decision=ADMIT
[bucket-plan] B=60 a=18 NY=5 K=3 Y=1028160 Q=216000 projectedPeak=0.07GiB availableForIndex=2.57GiB
[bucket-plan] decision=ADMIT
[bucket-plan] B=60 a=18 NY=5 K=3 Y=1028160 Q=216000 projectedPeak=0.07GiB availableForIndex=2.57GiB
[bucket-plan] decision=ADMIT
[bucket-plan] B=60 a=18 NY=5 K=3 Y=1028160 Q=216000 projectedPeak=0.07GiB availableForIndex=2.57GiB
[bucket-plan] decision=ADMIT
[bucket-plan] B=60 a=18 NY=5 K=3 Y=1028160 Q=216000 projectedPeak=0.07GiB availableForIndex=2.57GiB
[bucket-plan] decision=ADMIT
[bucket-plan] B=60 a=18 NY=5 K=3 Y=1028160 Q=216000 projectedPeak=0.07GiB availableForIndex=2.57GiB
[bucket-plan] decision=ADMIT
[bucket-plan] B=60 a=18 NY=5 K=3 Y=1028160 Q=216000 projectedPeak=0.07GiB availableForIndex=2.57GiB
[bucket-plan] decision=ADMIT
[bucket-plan] B=60 a=18 NY=5 K=3 Y=1028160 Q=216000 projectedPeak=0.07GiB availableForIndex=2.57GiB
[bucket-plan] decision=ADMIT
[bucket-plan] B=60 a=18 NY=5 K=3 Y=1028160 Q=216000 projectedPeak=0.07GiB availableForIndex=2.57GiB
[bucket-plan] decision=ADMIT
[bucket-plan] B=60 a=18 NY=5 K=3 Y=1028160 Q=216000 projectedPeak=0.07GiB availableForIndex=2.57GiB
[bucket-plan] decision=ADMIT
[bucket-plan] B=60 a=18 NY=5 K=3 Y=1028160 Q=216000 projectedPeak=0.07GiB availableForIndex=2.57GiB
[bucket-plan] decision=ADMIT
[bucket-plan] B=60 a=18 NY=5 K=3 Y=1028160 Q=216000 projectedPeak=0.07GiB availableForIndex=2.57GiB
[bucket-plan] decision=ADMIT
[bucket-plan] B=60 a=18 NY=5 K=3 Y=1028160 Q=216000 projectedPeak=0.07GiB availableForIndex=2.57GiB
[bucket-plan] decision=ADMIT
[bucket-plan] B=60 a=18 NY=5 K=3 Y=1028160 Q=216000 projectedPeak=0.07GiB availableForIndex=2.57GiB
[bucket-plan] decision=ADMIT
[bucket-plan] B=60 a=18 NY=5 K=3 Y=1028160 Q=216000 projectedPeak=0.07GiB availableForIndex=2.57GiB
[bucket-plan] decision=ADMIT
[bucket-plan] B=60 a=18 NY=5 K=3 Y=1028160 Q=216000 projectedPeak=0.07GiB availableForIndex=2.57GiB
[bucket-plan] decision=ADMIT
[bucket-plan] B=60 a=18 NY=5 K=3 Y=1028160 Q=216000 projectedPeak=0.07GiB availableForIndex=2.57GiB
[bucket-plan] decision=ADMIT
[bucket-plan] B=60 a=18 NY=5 K=3 Y=1028160 Q=216000 projectedPeak=0.07GiB availableForIndex=2.57GiB
[bucket-plan] decision=ADMIT
[bucket-plan] B=60 a=18 NY=5 K=3 Y=1028160 Q=216000 projectedPeak=0.07GiB availableForIndex=2.57GiB
[bucket-plan] decision=ADMIT
[bucket-plan] B=60 a=18 NY=5 K=3 Y=1028160 Q=216000 projectedPeak=0.07GiB availableForIndex=2.57GiB
[bucket-plan] decision=ADMIT
[bucket-plan] B=60 a=18 NY=5 K=3 Y=1028160 Q=216000 projectedPeak=0.07GiB availableForIndex=2.57GiB
[bucket-plan] decision=ADMIT
[bucket-plan] B=60 a=18 NY=5 K=3 Y=1028160 Q=216000 projectedPeak=0.07GiB availableForIndex=2.57GiB
[bucket-plan] decision=ADMIT
[bucket-plan] B=60 a=18 NY=5 K=3 Y=1028160 Q=216000 projectedPeak=0.07GiB availableForIndex=2.57GiB
[bucket-plan] decision=ADMIT
[bucket-plan] B=60 a=18 NY=5 K=3 Y=1028160 Q=216000 projectedPeak=0.07GiB availableForIndex=2.57GiB
[bucket-plan] decision=ADMIT
[bucket-plan] B=60 a=18 NY=5 K=3 Y=1028160 Q=216000 projectedPeak=0.07GiB availableForIndex=2.57GiB
[bucket-plan] decision=ADMIT
[bucket-plan] B=60 a=18 NY=5 K=3 Y=1028160 Q=216000 projectedPeak=0.07GiB availableForIndex=2.57GiB
[bucket-plan] decision=ADMIT
[certauto]   predicted-vs-actual: family=peeled predLookups=3.672e+05 actualLookups=11016000 predScans=1.748e+06 actualScans=52431008 actualRoots=2700 wall=13.905s
[certauto] base=60: FOUND with |D|=47 (dropped 12 digit(s)) family=peeled NX=1 NY=5 K=3 winningCandidate=23 wrongTurnsRefuted=3 survivors=1 (verified 1 OK / 0 FAILED) wall=13.905s peakRSS~77444KB [subsetsChecked=21 subsetsScanned=1]
[certauto] base=60: maximum value (84 digits): 374096795553866901593729675694543662806191148614834420420657978999648347496776816352
[certauto] base=60 CERTIFICATION (direct-verified, no external target to compare): PASS
[certauto] base=60 total autonomous-search wall=14.074s
