[guard] L = 442720643463713815200  (assert OK)
[guard] L_c = 63245806209101973600
[guard] gcd(L_c mod 49, 49) = 1  (assert OK)
[guard] lifts = ceil(B^12 / L_c) = 4  (assert OK, target ~4)
[guard] fixed prefix digit count = 26 (24 + 2 = 26, assert OK)
[guard] digit count: 26 fixed + 1 candidate + 19 free + 1 suffix = 47  (assert OK)

=== Guard-rail summary ===
B=49, |D|=47, L=442720643463713815200
L_nil=7, L_c=63245806209101973600
P=12, lifts=4
===========================

[sieve] SIEVE_LEVEL=0 (bit0=root bit1=every-node bit2=depth3-joint)
[certauto] base=63 rssBudgetKB=3000000 expected=(none)
[certauto] base=63, n=62, autonomous subset+divergence+PLAN discovery starting (subsetdisc: solve_base-style descending-lex enumeration; planner: BASE-50-FULL-MODULUS-BUCKET.md Sec 9 Phase B)
[selftest-suffixdp] doc#23-Sec3.2-b50-cand21: DP=11552 brute=11552 expect=11552 -> OK
[selftest-suffixdp] b48-shape-T3-Lnil216: DP=0 brute=0 -> OK
[selftest-suffixdp] b49-shape-T1-Lnil7: DP=1 brute=1 -> OK
[selftest-suffixdp] misc-T2: DP=0 brute=0 -> OK
[bucket-plan] B=63 T=2 Pc=14 lifts=35 P_full=15 suffixMult=3 budget=3000000KB
[bucket-plan] admit peeled NX=0 NY=5 K=2: Y=1395360 Q=3969 suffixMult=3 projectedPeak=0.11GiB lookups=1.197e+04 scans=4.208e+06 score=3.171e+07
[bucket-plan] admit peeled NX=0 NY=5 K=3: Y=1395360 Q=250047 suffixMult=3 projectedPeak=0.11GiB lookups=2.035e+05 scans=1.136e+06 score=2.156e+07
[bucket-plan] admit peeled NX=0 NY=5 K=4: Y=1395360 Q=15752961 suffixMult=3 projectedPeak=0.29GiB lookups=3.256e+06 scans=2.884e+05 score=8.664e+07
[bucket-plan] admit peeled NX=1 NY=4 K=2: Y=93024 Q=3969 suffixMult=3 projectedPeak=0.01GiB lookups=2.035e+05 scans=4.769e+06 score=2.597e+07
[bucket-plan] admit peeled NX=1 NY=4 K=3: Y=93024 Q=250047 suffixMult=3 projectedPeak=0.01GiB lookups=3.256e+06 scans=1.211e+06 score=6.512e+07
[bucket-plan] admit peeled NX=1 NY=4 K=4: Y=93024 Q=15752961 suffixMult=3 projectedPeak=0.18GiB lookups=4.884e+07 scans=2.884e+05 score=8.954e+08
[bucket-plan] admit peeled NX=2 NY=3 K=2: Y=5814 Q=3969 suffixMult=3 projectedPeak=0.00GiB lookups=3.256e+06 scans=4.769e+06 score=8.012e+07
[bucket-plan] admit peeled NX=2 NY=3 K=3: Y=5814 Q=250047 suffixMult=3 projectedPeak=0.00GiB lookups=4.884e+07 scans=1.136e+06 score=8.845e+08
[bucket-plan] admit peeled NX=2 NY=3 K=4: Y=5814 Q=15752961 suffixMult=3 projectedPeak=0.18GiB lookups=6.837e+08 scans=2.523e+05 score=1.232e+10
[bucket-plan] admit peeled NX=3 NY=2 K=2: Y=342 Q=3969 suffixMult=3 projectedPeak=0.00GiB lookups=4.884e+07 scans=4.208e+06 score=8.98e+08
[bucket-plan] admit peeled NX=3 NY=2 K=3: Y=342 Q=250047 suffixMult=3 projectedPeak=0.00GiB lookups=6.837e+08 scans=9.352e+05 score=1.231e+10
[bucket-plan] admit peeled NX=3 NY=2 K=4: Y=342 Q=15752961 suffixMult=3 projectedPeak=0.18GiB lookups=8.888e+09 scans=1.93e+05 score=1.6e+11
[bucket-plan] admit peeled NX=4 NY=1 K=2: Y=19 Q=3969 suffixMult=3 projectedPeak=0.00GiB lookups=6.837e+08 scans=3.273e+06 score=1.232e+10
[bucket-plan] admit peeled NX=4 NY=1 K=3: Y=19 Q=250047 suffixMult=3 projectedPeak=0.00GiB lookups=8.888e+09 scans=6.754e+05 score=1.6e+11
[bucket-plan] admit peeled NX=4 NY=1 K=4: Y=19 Q=15752961 suffixMult=3 projectedPeak=0.18GiB lookups=1.067e+11 scans=1.286e+05 score=1.92e+12
[bucket-plan] reject full-modulus NX=0 NY=6 K=2: Y=39070080 Q=3969 reason=insufficient_budget
[bucket-plan] reject full-modulus NX=0 NY=6 K=3: Y=39070080 Q=250047 reason=insufficient_budget
[bucket-plan] reject full-modulus NX=0 NY=6 K=4: Y=39070080 Q=15752961 reason=insufficient_budget
[bucket-plan] admit full-modulus NX=1 NY=5 K=2: Y=2441880 Q=3969 projectedPeak=0.21GiB lookups=1.277e+05 scans=7.855e+07 score=1.259e+08
[bucket-plan] admit full-modulus NX=1 NY=5 K=3: Y=2441880 Q=250047 projectedPeak=0.22GiB lookups=2.298e+06 scans=2.244e+07 score=5.486e+07
[bucket-plan] admit full-modulus NX=1 NY=5 K=4: Y=2441880 Q=15752961 projectedPeak=0.39GiB lookups=3.907e+07 scans=6.056e+06 score=2.556e+08
[bucket-plan] admit full-modulus NX=2 NY=4 K=2: Y=143640 Q=3969 projectedPeak=0.01GiB lookups=2.298e+06 scans=8.317e+07 score=1.39e+08
[bucket-plan] admit full-modulus NX=2 NY=4 K=3: Y=143640 Q=250047 projectedPeak=0.02GiB lookups=3.907e+07 scans=2.244e+07 score=2.686e+08
[bucket-plan] admit full-modulus NX=2 NY=4 K=4: Y=143640 Q=15752961 projectedPeak=0.19GiB lookups=6.251e+08 scans=5.7e+06 score=3.764e+09
[bucket-plan] admit full-modulus NX=3 NY=3 K=2: Y=7980 Q=3969 projectedPeak=0.00GiB lookups=3.907e+07 scans=7.855e+07 score=3.523e+08
[bucket-plan] admit full-modulus NX=3 NY=3 K=3: Y=7980 Q=250047 projectedPeak=0.00GiB lookups=6.251e+08 scans=1.995e+07 score=3.781e+09
[bucket-plan] admit full-modulus NX=3 NY=3 K=4: Y=7980 Q=15752961 projectedPeak=0.18GiB lookups=9.377e+09 scans=4.75e+06 score=5.627e+10
[bucket-plan] admit full-modulus NX=4 NY=2 K=2: Y=420 Q=3969 projectedPeak=0.00GiB lookups=6.251e+08 scans=6.615e+07 score=3.85e+09
[bucket-plan] admit full-modulus NX=4 NY=2 K=3: Y=420 Q=250047 projectedPeak=0.00GiB lookups=9.377e+09 scans=1.575e+07 score=5.628e+10
[bucket-plan] admit full-modulus NX=4 NY=2 K=4: Y=420 Q=15752961 projectedPeak=0.18GiB lookups=1.313e+11 scans=3.5e+06 score=7.877e+11
[bucket-plan] admit full-modulus NX=5 NY=1 K=2: Y=21 Q=3969 projectedPeak=0.00GiB lookups=9.377e+09 scans=4.961e+07 score=5.634e+10
[bucket-plan] admit full-modulus NX=5 NY=1 K=3: Y=21 Q=250047 projectedPeak=0.00GiB lookups=1.313e+11 scans=1.103e+07 score=7.877e+11
[bucket-plan] admit full-modulus NX=5 NY=1 K=4: Y=21 Q=15752961 projectedPeak=0.18GiB lookups=1.707e+12 scans=2.275e+06 score=1.024e+13
[bucket-plan] decision=ADMIT family=peeled NX=0 NY=5 K=3 P=14 Y=1395360 Q=250047 suffixMult=3 projectedPeak=0.11GiB projectedLookups=2.035e+05 projectedScans=1.136e+06 score=2.156e+07
[bucket-plan] B=63 a=19 NY=5 K=3 Y=1395360 Q=250047 projectedPeak=0.11GiB availableForIndex=2.61GiB
[bucket-plan] decision=ADMIT
[bucket-plan] B=63 a=19 NY=5 K=3 Y=1395360 Q=250047 projectedPeak=0.11GiB availableForIndex=2.59GiB
[bucket-plan] decision=ADMIT
[bucket-plan] B=63 a=19 NY=5 K=3 Y=1395360 Q=250047 projectedPeak=0.11GiB availableForIndex=2.61GiB
[bucket-plan] decision=ADMIT
[bucket-plan] B=63 a=19 NY=5 K=3 Y=1395360 Q=250047 projectedPeak=0.11GiB availableForIndex=2.61GiB
[bucket-plan] decision=ADMIT
[bucket-plan] B=63 a=19 NY=5 K=3 Y=1395360 Q=250047 projectedPeak=0.11GiB availableForIndex=2.61GiB
[bucket-plan] decision=ADMIT
[bucket-plan] B=63 a=19 NY=5 K=3 Y=1395360 Q=250047 projectedPeak=0.11GiB availableForIndex=2.61GiB
[bucket-plan] decision=ADMIT
[bucket-plan] B=63 a=19 NY=5 K=3 Y=1395360 Q=250047 projectedPeak=0.11GiB availableForIndex=2.61GiB
[bucket-plan] decision=ADMIT
[bucket-plan] B=63 a=19 NY=5 K=3 Y=1395360 Q=250047 projectedPeak=0.11GiB availableForIndex=2.61GiB
[bucket-plan] decision=ADMIT
[bucket-plan] B=63 a=19 NY=5 K=3 Y=1395360 Q=250047 projectedPeak=0.11GiB availableForIndex=2.61GiB
[bucket-plan] decision=ADMIT
[bucket-plan] B=63 a=19 NY=5 K=3 Y=1395360 Q=250047 projectedPeak=0.11GiB availableForIndex=2.61GiB
[bucket-plan] decision=ADMIT
[bucket-plan] B=63 a=19 NY=5 K=3 Y=1395360 Q=250047 projectedPeak=0.11GiB availableForIndex=2.61GiB
[bucket-plan] decision=ADMIT
[bucket-plan] B=63 a=19 NY=5 K=3 Y=1395360 Q=250047 projectedPeak=0.11GiB availableForIndex=2.61GiB
[bucket-plan] decision=ADMIT
[bucket-plan] B=63 a=19 NY=5 K=3 Y=1395360 Q=250047 projectedPeak=0.11GiB availableForIndex=2.61GiB
[bucket-plan] decision=ADMIT
[bucket-plan] B=63 a=19 NY=5 K=3 Y=1395360 Q=250047 projectedPeak=0.11GiB availableForIndex=2.61GiB
[bucket-plan] decision=ADMIT
[bucket-plan] B=63 a=19 NY=5 K=3 Y=1395360 Q=250047 projectedPeak=0.11GiB availableForIndex=2.61GiB
[bucket-plan] decision=ADMIT
[bucket-plan] B=63 a=19 NY=5 K=3 Y=1395360 Q=250047 projectedPeak=0.11GiB availableForIndex=2.61GiB
[bucket-plan] decision=ADMIT
[bucket-plan] B=63 a=19 NY=5 K=3 Y=1395360 Q=250047 projectedPeak=0.11GiB availableForIndex=2.61GiB
[bucket-plan] decision=ADMIT
[bucket-plan] B=63 a=19 NY=5 K=3 Y=1395360 Q=250047 projectedPeak=0.11GiB availableForIndex=2.61GiB
[bucket-plan] decision=ADMIT
[bucket-plan] B=63 a=19 NY=5 K=3 Y=1395360 Q=250047 projectedPeak=0.11GiB availableForIndex=2.61GiB
[bucket-plan] decision=ADMIT
[bucket-plan] B=63 a=19 NY=5 K=3 Y=1395360 Q=250047 projectedPeak=0.11GiB availableForIndex=2.61GiB
[bucket-plan] decision=ADMIT
[bucket-plan] B=63 a=19 NY=5 K=3 Y=1395360 Q=250047 projectedPeak=0.11GiB availableForIndex=2.61GiB
[bucket-plan] decision=ADMIT
[bucket-plan] B=63 a=19 NY=5 K=3 Y=1395360 Q=250047 projectedPeak=0.11GiB availableForIndex=2.61GiB
[bucket-plan] decision=ADMIT
[bucket-plan] B=63 a=19 NY=5 K=3 Y=1395360 Q=250047 projectedPeak=0.11GiB availableForIndex=2.61GiB
[bucket-plan] decision=ADMIT
[bucket-plan] B=63 a=19 NY=5 K=3 Y=1395360 Q=250047 projectedPeak=0.11GiB availableForIndex=2.61GiB
[bucket-plan] decision=ADMIT
[bucket-plan] B=63 a=19 NY=5 K=3 Y=1395360 Q=250047 projectedPeak=0.11GiB availableForIndex=2.61GiB
[bucket-plan] decision=ADMIT
[bucket-plan] B=63 a=19 NY=5 K=3 Y=1395360 Q=250047 projectedPeak=0.11GiB availableForIndex=2.61GiB
[bucket-plan] decision=ADMIT
[bucket-plan] B=63 a=19 NY=5 K=3 Y=1395360 Q=250047 projectedPeak=0.11GiB availableForIndex=2.61GiB
[bucket-plan] decision=ADMIT
[bucket-plan] B=63 a=19 NY=5 K=3 Y=1395360 Q=250047 projectedPeak=0.11GiB availableForIndex=2.61GiB
[bucket-plan] decision=ADMIT
[bucket-plan] B=63 a=19 NY=5 K=3 Y=1395360 Q=250047 projectedPeak=0.11GiB availableForIndex=2.61GiB
[bucket-plan] decision=ADMIT
[bucket-plan] B=63 a=19 NY=5 K=3 Y=1395360 Q=250047 projectedPeak=0.11GiB availableForIndex=2.61GiB
[bucket-plan] decision=ADMIT
[bucket-plan] B=63 a=19 NY=5 K=3 Y=1395360 Q=250047 projectedPeak=0.11GiB availableForIndex=2.61GiB
[bucket-plan] decision=ADMIT
[bucket-plan] B=63 a=19 NY=5 K=3 Y=1395360 Q=250047 projectedPeak=0.11GiB availableForIndex=2.61GiB
[bucket-plan] decision=ADMIT
[bucket-plan] B=63 a=19 NY=5 K=3 Y=1395360 Q=250047 projectedPeak=0.11GiB availableForIndex=2.61GiB
[bucket-plan] decision=ADMIT
[bucket-plan] B=63 a=19 NY=5 K=3 Y=1395360 Q=250047 projectedPeak=0.11GiB availableForIndex=2.61GiB
[bucket-plan] decision=ADMIT
[bucket-plan] B=63 a=19 NY=5 K=3 Y=1395360 Q=250047 projectedPeak=0.11GiB availableForIndex=2.61GiB
[bucket-plan] decision=ADMIT
[bucket-plan] B=63 a=19 NY=5 K=3 Y=1395360 Q=250047 projectedPeak=0.11GiB availableForIndex=2.61GiB
[bucket-plan] decision=ADMIT
[bucket-plan] B=63 a=19 NY=5 K=3 Y=1395360 Q=250047 projectedPeak=0.11GiB availableForIndex=2.61GiB
[bucket-plan] decision=ADMIT
[bucket-plan] B=63 a=19 NY=5 K=3 Y=1395360 Q=250047 projectedPeak=0.11GiB availableForIndex=2.61GiB
[bucket-plan] decision=ADMIT
[bucket-plan] B=63 a=19 NY=5 K=3 Y=1395360 Q=250047 projectedPeak=0.11GiB availableForIndex=2.61GiB
[bucket-plan] decision=ADMIT
[bucket-plan] B=63 a=19 NY=5 K=3 Y=1395360 Q=250047 projectedPeak=0.11GiB availableForIndex=2.61GiB
[bucket-plan] decision=ADMIT
[bucket-plan] B=63 a=19 NY=5 K=3 Y=1395360 Q=250047 projectedPeak=0.11GiB availableForIndex=2.61GiB
[bucket-plan] decision=ADMIT
[bucket-plan] B=63 a=19 NY=5 K=3 Y=1395360 Q=250047 projectedPeak=0.11GiB availableForIndex=2.61GiB
[bucket-plan] decision=ADMIT
[bucket-plan] B=63 a=19 NY=5 K=3 Y=1395360 Q=250047 projectedPeak=0.11GiB availableForIndex=2.61GiB
[bucket-plan] decision=ADMIT
[bucket-plan] B=63 a=19 NY=5 K=3 Y=1395360 Q=250047 projectedPeak=0.11GiB availableForIndex=2.61GiB
[bucket-plan] decision=ADMIT
[bucket-plan] B=63 a=19 NY=5 K=3 Y=1395360 Q=250047 projectedPeak=0.11GiB availableForIndex=2.61GiB
[bucket-plan] decision=ADMIT
[bucket-plan] B=63 a=19 NY=5 K=3 Y=1395360 Q=250047 projectedPeak=0.11GiB availableForIndex=2.61GiB
[bucket-plan] decision=ADMIT
[bucket-plan] B=63 a=19 NY=5 K=3 Y=1395360 Q=250047 projectedPeak=0.11GiB availableForIndex=2.61GiB
[bucket-plan] decision=ADMIT
[bucket-plan] B=63 a=19 NY=5 K=3 Y=1395360 Q=250047 projectedPeak=0.11GiB availableForIndex=2.61GiB
[bucket-plan] decision=ADMIT
[bucket-plan] B=63 a=19 NY=5 K=3 Y=1395360 Q=250047 projectedPeak=0.11GiB availableForIndex=2.61GiB
[bucket-plan] decision=ADMIT
[bucket-plan] B=63 a=19 NY=5 K=3 Y=1395360 Q=250047 projectedPeak=0.11GiB availableForIndex=2.61GiB
[bucket-plan] decision=ADMIT
[bucket-plan] B=63 a=19 NY=5 K=3 Y=1395360 Q=250047 projectedPeak=0.11GiB availableForIndex=2.61GiB
[bucket-plan] decision=ADMIT
[bucket-plan] B=63 a=19 NY=5 K=3 Y=1395360 Q=250047 projectedPeak=0.11GiB availableForIndex=2.61GiB
[bucket-plan] decision=ADMIT
[bucket-plan] B=63 a=19 NY=5 K=3 Y=1395360 Q=250047 projectedPeak=0.11GiB availableForIndex=2.61GiB
[bucket-plan] decision=ADMIT
[bucket-plan] B=63 a=19 NY=5 K=3 Y=1395360 Q=250047 projectedPeak=0.11GiB availableForIndex=2.61GiB
[bucket-plan] decision=ADMIT
[bucket-plan] B=63 a=19 NY=5 K=3 Y=1395360 Q=250047 projectedPeak=0.11GiB availableForIndex=2.61GiB
[bucket-plan] decision=ADMIT
[bucket-plan] B=63 a=19 NY=5 K=3 Y=1395360 Q=250047 projectedPeak=0.11GiB availableForIndex=2.61GiB
[bucket-plan] decision=ADMIT
[bucket-plan] B=63 a=19 NY=5 K=3 Y=1395360 Q=250047 projectedPeak=0.11GiB availableForIndex=2.61GiB
[bucket-plan] decision=ADMIT
[bucket-plan] B=63 a=19 NY=5 K=3 Y=1395360 Q=250047 projectedPeak=0.11GiB availableForIndex=2.61GiB
[bucket-plan] decision=ADMIT
[bucket-plan] B=63 a=19 NY=5 K=3 Y=1395360 Q=250047 projectedPeak=0.11GiB availableForIndex=2.61GiB
[bucket-plan] decision=ADMIT
[bucket-plan] B=63 a=19 NY=5 K=3 Y=1395360 Q=250047 projectedPeak=0.11GiB availableForIndex=2.61GiB
[bucket-plan] decision=ADMIT
[certauto]   predicted-vs-actual: family=peeled predLookups=2.035e+05 actualLookups=12209400 predScans=1.136e+06 actualScans=68135782 actualRoots=2100 wall=39.694s
