[guard] L = 442720643463713815200  (assert OK)
[guard] L_c = 63245806209101973600
[guard] gcd(L_c mod 49, 49) = 1  (assert OK)
[guard] lifts = ceil(B^12 / L_c) = 4  (assert OK, target ~4)
[guard] fixed prefix digit count = 26 (24 + 2 = 26, assert OK)
[guard] digit count: 26 fixed + 1 candidate + 19 free + 1 suffix = 47  (assert OK)

=== Guard-rail summary ===
B=49, |D|=47, L=442720643463713815200
L_nil=7, L_c=63245806209101973600
P=12, lifts=4
===========================

[sieve] SIEVE_LEVEL=0 (bit0=root bit1=every-node bit2=depth3-joint)
[certauto] base=73 rssBudgetKB=3000000 expected=(none)
[setup] base=73 P_full=17 CERTPOS_default=25 CERTPOS_validrange=[20,27]
[setup] sizeof(BucketRecordGen)=32 sizeof(BucketRecordFM)=48
[certauto] base=73, n=72, autonomous subset+divergence+PLAN discovery starting (subsetdisc: solve_base-style descending-lex enumeration; planner: BASE-50-FULL-MODULUS-BUCKET.md Sec 9 Phase B)
[selftest-suffixdp] doc#23-Sec3.2-b50-cand21: DP=11552 brute=11552 expect=11552 -> OK
[selftest-suffixdp] b48-shape-T3-Lnil216: DP=0 brute=0 -> OK
[selftest-suffixdp] b49-shape-T1-Lnil7: DP=1 brute=1 -> OK
[selftest-suffixdp] misc-T2: DP=0 brute=0 -> OK
[bucket-plan] B=73 T=1 Pc=17 lifts=9 P_full=17 suffixMult=25 budget=3000000KB
[bucket-plan] reject peeled NX=0 NY=7 K=2: Y=1744364160 Q=5329 reason=insufficient_budget
[bucket-plan] reject peeled NX=0 NY=7 K=3: Y=1744364160 Q=389017 reason=insufficient_budget
[bucket-plan] reject peeled NX=0 NY=7 K=4: Y=1744364160 Q=28398241 reason=insufficient_budget
[bucket-plan] reject peeled NX=1 NY=6 K=2: Y=96909120 Q=5329 reason=insufficient_budget
[bucket-plan] reject peeled NX=1 NY=6 K=3: Y=96909120 Q=389017 reason=insufficient_budget
[bucket-plan] reject peeled NX=1 NY=6 K=4: Y=96909120 Q=28398241 reason=insufficient_budget
[bucket-plan] admit peeled NX=2 NY=5 K=2: Y=5100480 Q=5329 suffixMult=25 projectedPeak=0.43GiB lookups=2.295e+06 scans=2.197e+09 score=1.428e+16
[bucket-plan] admit peeled NX=2 NY=5 K=3: Y=5100480 Q=389017 suffixMult=25 projectedPeak=0.44GiB lookups=4.59e+07 scans=6.019e+08 score=3.003e+10
[bucket-plan] admit peeled NX=2 NY=5 K=4: Y=5100480 Q=28398241 suffixMult=25 projectedPeak=0.75GiB lookups=8.722e+08 scans=1.566e+08 score=1.376e+11
[bucket-plan] admit peeled NX=3 NY=4 K=2: Y=255024 Q=5329 suffixMult=25 projectedPeak=0.02GiB lookups=4.59e+07 scans=2.197e+09 score=1.541e+16
[bucket-plan] admit peeled NX=3 NY=4 K=3: Y=255024 Q=389017 suffixMult=25 projectedPeak=0.02GiB lookups=8.722e+08 scans=5.718e+08 score=1.523e+11
[bucket-plan] admit peeled NX=3 NY=4 K=4: Y=255024 Q=28398241 suffixMult=25 projectedPeak=0.33GiB lookups=1.57e+10 scans=1.41e+08 score=2.361e+12
[bucket-plan] admit peeled NX=4 NY=3 K=2: Y=12144 Q=5329 suffixMult=25 projectedPeak=0.00GiB lookups=8.722e+08 scans=1.988e+09 score=3.546e+16
[bucket-plan] admit peeled NX=4 NY=3 K=3: Y=12144 Q=389017 suffixMult=25 projectedPeak=0.01GiB lookups=1.57e+10 scans=4.901e+08 score=2.373e+12
[bucket-plan] admit peeled NX=4 NY=3 K=4: Y=12144 Q=28398241 suffixMult=25 projectedPeak=0.32GiB lookups=2.669e+11 scans=1.141e+08 score=4.004e+13
[bucket-plan] admit peeled NX=5 NY=2 K=2: Y=552 Q=5329 suffixMult=25 projectedPeak=0.00GiB lookups=1.57e+10 scans=1.626e+09 score=4.171e+17
[bucket-plan] admit peeled NX=5 NY=2 K=3: Y=552 Q=389017 suffixMult=25 projectedPeak=0.00GiB lookups=2.669e+11 scans=3.787e+08 score=4.005e+13
[bucket-plan] admit peeled NX=5 NY=2 K=4: Y=552 Q=28398241 suffixMult=25 projectedPeak=0.32GiB lookups=4.27e+12 scans=8.3e+07 score=6.405e+14
[bucket-plan] admit peeled NX=6 NY=1 K=2: Y=24 Q=5329 suffixMult=25 projectedPeak=0.00GiB lookups=2.669e+11 scans=1.202e+09 score=6.92e+18
[bucket-plan] admit peeled NX=6 NY=1 K=3: Y=24 Q=389017 suffixMult=25 projectedPeak=0.00GiB lookups=4.27e+12 scans=2.634e+08 score=6.405e+14
[bucket-plan] admit peeled NX=6 NY=1 K=4: Y=24 Q=28398241 suffixMult=25 projectedPeak=0.32GiB lookups=6.405e+13 scans=5.413e+07 score=9.608e+15
[bucket-plan] reject full-modulus NX=0 NY=8 K=2: Y=43609104000 Q=5329 reason=Y_exceeds_uint32
[bucket-plan] reject full-modulus NX=0 NY=8 K=3: Y=43609104000 Q=389017 reason=Y_exceeds_uint32
[bucket-plan] reject full-modulus NX=0 NY=8 K=4: Y=43609104000 Q=28398241 reason=Y_exceeds_uint32
[bucket-plan] reject full-modulus NX=1 NY=7 K=2: Y=2422728000 Q=5329 reason=insufficient_budget
[bucket-plan] reject full-modulus NX=1 NY=7 K=3: Y=2422728000 Q=389017 reason=insufficient_budget
[bucket-plan] reject full-modulus NX=1 NY=7 K=4: Y=2422728000 Q=28398241 reason=insufficient_budget
[bucket-plan] reject full-modulus NX=2 NY=6 K=2: Y=127512000 Q=5329 reason=insufficient_budget
[bucket-plan] reject full-modulus NX=2 NY=6 K=3: Y=127512000 Q=389017 reason=insufficient_budget
[bucket-plan] reject full-modulus NX=2 NY=6 K=4: Y=127512000 Q=28398241 reason=insufficient_budget
[bucket-plan] admit full-modulus NX=3 NY=5 K=2: Y=6375600 Q=5329 projectedPeak=0.69GiB lookups=6.376e+07 scans=7.628e+10 score=1.982e+16
[bucket-plan] admit full-modulus NX=3 NY=5 K=3: Y=6375600 Q=389017 projectedPeak=0.70GiB lookups=1.275e+09 scans=2.09e+10 score=3.903e+10
[bucket-plan] admit full-modulus NX=3 NY=5 K=4: Y=6375600 Q=28398241 projectedPeak=1.01GiB lookups=2.423e+10 scans=5.439e+09 score=1.536e+11
[bucket-plan] admit full-modulus NX=4 NY=4 K=2: Y=303600 Q=5329 projectedPeak=0.04GiB lookups=1.275e+09 scans=7.265e+10 score=2.013e+16
[bucket-plan] admit full-modulus NX=4 NY=4 K=3: Y=303600 Q=389017 projectedPeak=0.04GiB lookups=2.423e+10 scans=1.891e+10 score=1.737e+11
[bucket-plan] admit full-modulus NX=4 NY=4 K=4: Y=303600 Q=28398241 projectedPeak=0.36GiB lookups=4.361e+11 scans=4.662e+09 score=2.624e+12
[bucket-plan] admit full-modulus NX=5 NY=3 K=2: Y=13800 Q=5329 projectedPeak=0.00GiB lookups=2.423e+10 scans=6.274e+10 score=4.134e+16
[bucket-plan] admit full-modulus NX=5 NY=3 K=3: Y=13800 Q=389017 projectedPeak=0.01GiB lookups=4.361e+11 scans=1.547e+10 score=2.64e+12
[bucket-plan] admit full-modulus NX=5 NY=3 K=4: Y=13800 Q=28398241 projectedPeak=0.32GiB lookups=7.414e+12 scans=3.603e+09 score=4.449e+13
[bucket-plan] admit full-modulus NX=6 NY=2 K=2: Y=600 Q=5329 projectedPeak=0.00GiB lookups=4.361e+11 scans=4.91e+10 score=4.645e+17
[bucket-plan] admit full-modulus NX=6 NY=2 K=3: Y=600 Q=389017 projectedPeak=0.00GiB lookups=7.414e+12 scans=1.143e+10 score=4.45e+13
[bucket-plan] admit full-modulus NX=6 NY=2 K=4: Y=600 Q=28398241 projectedPeak=0.32GiB lookups=1.186e+14 scans=2.506e+09 score=7.117e+14
[bucket-plan] admit full-modulus NX=7 NY=1 K=2: Y=25 Q=5329 projectedPeak=0.00GiB lookups=7.414e+12 scans=3.478e+10 score=7.689e+18
[bucket-plan] admit full-modulus NX=7 NY=1 K=3: Y=25 Q=389017 projectedPeak=0.00GiB lookups=1.186e+14 scans=7.623e+09 score=7.117e+14
[bucket-plan] admit full-modulus NX=7 NY=1 K=4: Y=25 Q=28398241 projectedPeak=0.32GiB lookups=1.779e+15 scans=1.566e+09 score=1.068e+16
[bucket-plan] decision=ADMIT family=peeled NX=2 NY=5 K=3 P=17 Y=5100480 Q=389017 suffixMult=25 projectedPeak=0.44GiB projectedLookups=4.59e+07 projectedScans=6.019e+08 score=3.003e+10
[bucket-plan] B=73 a=24 NY=5 K=3 Y=5100480 Q=389017 projectedPeak=0.44GiB availableForIndex=2.61GiB
[bucket-plan] decision=ADMIT
[bucket-plan] B=73 a=24 NY=5 K=3 Y=5100480 Q=389017 projectedPeak=0.44GiB availableForIndex=2.60GiB
[bucket-plan] decision=ADMIT
[bucket-plan] B=73 a=24 NY=5 K=3 Y=5100480 Q=389017 projectedPeak=0.44GiB availableForIndex=2.60GiB
[bucket-plan] decision=ADMIT
[bucket-plan] B=73 a=24 NY=5 K=3 Y=5100480 Q=389017 projectedPeak=0.44GiB availableForIndex=2.60GiB
[bucket-plan] decision=ADMIT
[bucket-plan] B=73 a=24 NY=5 K=3 Y=5100480 Q=389017 projectedPeak=0.44GiB availableForIndex=2.60GiB
[bucket-plan] decision=ADMIT
[bucket-plan] B=73 a=24 NY=5 K=3 Y=5100480 Q=389017 projectedPeak=0.44GiB availableForIndex=2.60GiB
[bucket-plan] decision=ADMIT
[bucket-plan] B=73 a=24 NY=5 K=3 Y=5100480 Q=389017 projectedPeak=0.44GiB availableForIndex=2.60GiB
[bucket-plan] decision=ADMIT
[bucket-plan] B=73 a=24 NY=5 K=3 Y=5100480 Q=389017 projectedPeak=0.44GiB availableForIndex=2.60GiB
[bucket-plan] decision=ADMIT
[bucket-plan] B=73 a=24 NY=5 K=3 Y=5100480 Q=389017 projectedPeak=0.44GiB availableForIndex=2.60GiB
[bucket-plan] decision=ADMIT
[bucket-plan] B=73 a=24 NY=5 K=3 Y=5100480 Q=389017 projectedPeak=0.44GiB availableForIndex=2.60GiB
[bucket-plan] decision=ADMIT
[bucket-plan] B=73 a=24 NY=5 K=3 Y=5100480 Q=389017 projectedPeak=0.44GiB availableForIndex=2.60GiB
[bucket-plan] decision=ADMIT
[bucket-plan] B=73 a=24 NY=5 K=3 Y=5100480 Q=389017 projectedPeak=0.44GiB availableForIndex=2.60GiB
[bucket-plan] decision=ADMIT
[bucket-plan] B=73 a=24 NY=5 K=3 Y=5100480 Q=389017 projectedPeak=0.44GiB availableForIndex=2.60GiB
[bucket-plan] decision=ADMIT
[bucket-plan] B=73 a=24 NY=5 K=3 Y=5100480 Q=389017 projectedPeak=0.44GiB availableForIndex=2.60GiB
[bucket-plan] decision=ADMIT
[bucket-plan] B=73 a=24 NY=5 K=3 Y=5100480 Q=389017 projectedPeak=0.44GiB availableForIndex=2.60GiB
[bucket-plan] decision=ADMIT
[bucket-plan] B=73 a=24 NY=5 K=3 Y=5100480 Q=389017 projectedPeak=0.44GiB availableForIndex=2.60GiB
[bucket-plan] decision=ADMIT
[bucket-plan] B=73 a=24 NY=5 K=3 Y=5100480 Q=389017 projectedPeak=0.44GiB availableForIndex=2.60GiB
[bucket-plan] decision=ADMIT
[bucket-plan] B=73 a=24 NY=5 K=3 Y=5100480 Q=389017 projectedPeak=0.44GiB availableForIndex=2.60GiB
[bucket-plan] decision=ADMIT
[bucket-plan] B=73 a=24 NY=5 K=3 Y=5100480 Q=389017 projectedPeak=0.44GiB availableForIndex=2.60GiB
[bucket-plan] decision=ADMIT
[bucket-plan] B=73 a=24 NY=5 K=3 Y=5100480 Q=389017 projectedPeak=0.44GiB availableForIndex=2.60GiB
[bucket-plan] decision=ADMIT
[bucket-plan] B=73 a=24 NY=5 K=3 Y=5100480 Q=389017 projectedPeak=0.44GiB availableForIndex=2.60GiB
[bucket-plan] decision=ADMIT
[bucket-plan] B=73 a=24 NY=5 K=3 Y=5100480 Q=389017 projectedPeak=0.44GiB availableForIndex=2.60GiB
[bucket-plan] decision=ADMIT
[bucket-plan] B=73 a=24 NY=5 K=3 Y=5100480 Q=389017 projectedPeak=0.44GiB availableForIndex=2.60GiB
[bucket-plan] decision=ADMIT
[bucket-plan] B=73 a=24 NY=5 K=3 Y=5100480 Q=389017 projectedPeak=0.44GiB availableForIndex=2.60GiB
[bucket-plan] decision=ADMIT
[bucket-plan] B=73 a=24 NY=5 K=3 Y=5100480 Q=389017 projectedPeak=0.44GiB availableForIndex=2.60GiB
[bucket-plan] decision=ADMIT
[bucket-plan] B=73 a=24 NY=5 K=3 Y=5100480 Q=389017 projectedPeak=0.44GiB availableForIndex=2.60GiB
[bucket-plan] decision=ADMIT
[bucket-plan] B=73 a=24 NY=5 K=3 Y=5100480 Q=389017 projectedPeak=0.44GiB availableForIndex=2.60GiB
[bucket-plan] decision=ADMIT
[bucket-plan] B=73 a=24 NY=5 K=3 Y=5100480 Q=389017 projectedPeak=0.44GiB availableForIndex=2.60GiB
[bucket-plan] decision=ADMIT
[bucket-plan] B=73 a=24 NY=5 K=3 Y=5100480 Q=389017 projectedPeak=0.44GiB availableForIndex=2.60GiB
[bucket-plan] decision=ADMIT
[bucket-plan] B=73 a=24 NY=5 K=3 Y=5100480 Q=389017 projectedPeak=0.44GiB availableForIndex=2.60GiB
[bucket-plan] decision=ADMIT
[bucket-plan] B=73 a=24 NY=5 K=3 Y=5100480 Q=389017 projectedPeak=0.44GiB availableForIndex=2.60GiB
[bucket-plan] decision=ADMIT
[bucket-plan] B=73 a=24 NY=5 K=3 Y=5100480 Q=389017 projectedPeak=0.44GiB availableForIndex=2.60GiB
[bucket-plan] decision=ADMIT
[bucket-plan] B=73 a=24 NY=5 K=3 Y=5100480 Q=389017 projectedPeak=0.44GiB availableForIndex=2.60GiB
[bucket-plan] decision=ADMIT
[bucket-plan] B=73 a=24 NY=5 K=3 Y=5100480 Q=389017 projectedPeak=0.44GiB availableForIndex=2.60GiB
[bucket-plan] decision=ADMIT
[bucket-plan] B=73 a=24 NY=5 K=3 Y=5100480 Q=389017 projectedPeak=0.44GiB availableForIndex=2.60GiB
[bucket-plan] decision=ADMIT
[bucket-plan] B=73 a=24 NY=5 K=3 Y=5100480 Q=389017 projectedPeak=0.44GiB availableForIndex=2.60GiB
[bucket-plan] decision=ADMIT
[bucket-plan] B=73 a=24 NY=5 K=3 Y=5100480 Q=389017 projectedPeak=0.44GiB availableForIndex=2.60GiB
[bucket-plan] decision=ADMIT
[bucket-plan] B=73 a=24 NY=5 K=3 Y=5100480 Q=389017 projectedPeak=0.44GiB availableForIndex=2.60GiB
[bucket-plan] decision=ADMIT
[bucket-plan] B=73 a=24 NY=5 K=3 Y=5100480 Q=389017 projectedPeak=0.44GiB availableForIndex=2.60GiB
[bucket-plan] decision=ADMIT
[bucket-plan] B=73 a=24 NY=5 K=3 Y=5100480 Q=389017 projectedPeak=0.44GiB availableForIndex=2.60GiB
[bucket-plan] decision=ADMIT
[bucket-plan] B=73 a=24 NY=5 K=3 Y=5100480 Q=389017 projectedPeak=0.44GiB availableForIndex=2.60GiB
[bucket-plan] decision=ADMIT
[bucket-plan] B=73 a=24 NY=5 K=3 Y=5100480 Q=389017 projectedPeak=0.44GiB availableForIndex=2.60GiB
[bucket-plan] decision=ADMIT
[bucket-plan] B=73 a=24 NY=5 K=3 Y=5100480 Q=389017 projectedPeak=0.44GiB availableForIndex=2.60GiB
[bucket-plan] decision=ADMIT
[bucket-plan] B=73 a=24 NY=5 K=3 Y=5100480 Q=389017 projectedPeak=0.44GiB availableForIndex=2.60GiB
[bucket-plan] decision=ADMIT
[bucket-plan] B=73 a=24 NY=5 K=3 Y=5100480 Q=389017 projectedPeak=0.44GiB availableForIndex=2.60GiB
[bucket-plan] decision=ADMIT
[bucket-plan] B=73 a=24 NY=5 K=3 Y=5100480 Q=389017 projectedPeak=0.44GiB availableForIndex=2.60GiB
[bucket-plan] decision=ADMIT
[bucket-plan] B=73 a=24 NY=5 K=3 Y=5100480 Q=389017 projectedPeak=0.44GiB availableForIndex=2.60GiB
[bucket-plan] decision=ADMIT
[bucket-plan] B=73 a=24 NY=5 K=3 Y=5100480 Q=389017 projectedPeak=0.44GiB availableForIndex=2.60GiB
[bucket-plan] decision=ADMIT
[bucket-plan] B=73 a=24 NY=5 K=3 Y=5100480 Q=389017 projectedPeak=0.44GiB availableForIndex=2.60GiB
[bucket-plan] decision=ADMIT
[bucket-plan] B=73 a=24 NY=5 K=3 Y=5100480 Q=389017 projectedPeak=0.44GiB availableForIndex=2.60GiB
[bucket-plan] decision=ADMIT
[bucket-plan] B=73 a=24 NY=5 K=3 Y=5100480 Q=389017 projectedPeak=0.44GiB availableForIndex=2.60GiB
[bucket-plan] decision=ADMIT
[bucket-plan] B=73 a=24 NY=5 K=3 Y=5100480 Q=389017 projectedPeak=0.44GiB availableForIndex=2.60GiB
[bucket-plan] decision=ADMIT
[bucket-plan] B=73 a=24 NY=5 K=3 Y=5100480 Q=389017 projectedPeak=0.44GiB availableForIndex=2.60GiB
[bucket-plan] decision=ADMIT
[bucket-plan] B=73 a=24 NY=5 K=3 Y=5100480 Q=389017 projectedPeak=0.44GiB availableForIndex=2.60GiB
[bucket-plan] decision=ADMIT
[bucket-plan] B=73 a=24 NY=5 K=3 Y=5100480 Q=389017 projectedPeak=0.44GiB availableForIndex=2.60GiB
[bucket-plan] decision=ADMIT
[bucket-plan] B=73 a=24 NY=5 K=3 Y=5100480 Q=389017 projectedPeak=0.44GiB availableForIndex=2.60GiB
[bucket-plan] decision=ADMIT
[bucket-plan] B=73 a=24 NY=5 K=3 Y=5100480 Q=389017 projectedPeak=0.44GiB availableForIndex=2.60GiB
[bucket-plan] decision=ADMIT
[bucket-plan] B=73 a=24 NY=5 K=3 Y=5100480 Q=389017 projectedPeak=0.44GiB availableForIndex=2.60GiB
[bucket-plan] decision=ADMIT
[bucket-plan] B=73 a=24 NY=5 K=3 Y=5100480 Q=389017 projectedPeak=0.44GiB availableForIndex=2.60GiB
[bucket-plan] decision=ADMIT
[bucket-plan] B=73 a=24 NY=5 K=3 Y=5100480 Q=389017 projectedPeak=0.44GiB availableForIndex=2.60GiB
[bucket-plan] decision=ADMIT
[bucket-plan] B=73 a=24 NY=5 K=3 Y=5100480 Q=389017 projectedPeak=0.44GiB availableForIndex=2.60GiB
[bucket-plan] decision=ADMIT
[bucket-plan] B=73 a=24 NY=5 K=3 Y=5100480 Q=389017 projectedPeak=0.44GiB availableForIndex=2.60GiB
[bucket-plan] decision=ADMIT
[bucket-plan] B=73 a=24 NY=5 K=3 Y=5100480 Q=389017 projectedPeak=0.44GiB availableForIndex=2.60GiB
[bucket-plan] decision=ADMIT
[bucket-plan] B=73 a=24 NY=5 K=3 Y=5100480 Q=389017 projectedPeak=0.44GiB availableForIndex=2.60GiB
[bucket-plan] decision=ADMIT
[bucket-plan] B=73 a=24 NY=5 K=3 Y=5100480 Q=389017 projectedPeak=0.44GiB availableForIndex=2.60GiB
[bucket-plan] decision=ADMIT
[bucket-plan] B=73 a=24 NY=5 K=3 Y=5100480 Q=389017 projectedPeak=0.44GiB availableForIndex=2.60GiB
[bucket-plan] decision=ADMIT
[bucket-plan] B=73 a=24 NY=5 K=3 Y=5100480 Q=389017 projectedPeak=0.44GiB availableForIndex=2.60GiB
[bucket-plan] decision=ADMIT
[bucket-plan] B=73 a=24 NY=5 K=3 Y=5100480 Q=389017 projectedPeak=0.44GiB availableForIndex=2.60GiB
[bucket-plan] decision=ADMIT
[bucket-plan] B=73 a=24 NY=5 K=3 Y=5100480 Q=389017 projectedPeak=0.44GiB availableForIndex=2.60GiB
[bucket-plan] decision=ADMIT
[bucket-plan] B=73 a=24 NY=5 K=3 Y=5100480 Q=389017 projectedPeak=0.44GiB availableForIndex=2.60GiB
[bucket-plan] decision=ADMIT
[bucket-plan] B=73 a=24 NY=5 K=3 Y=5100480 Q=389017 projectedPeak=0.44GiB availableForIndex=2.60GiB
[bucket-plan] decision=ADMIT
[bucket-plan] B=73 a=24 NY=5 K=3 Y=5100480 Q=389017 projectedPeak=0.44GiB availableForIndex=2.60GiB
[bucket-plan] decision=ADMIT
[bucket-plan] B=73 a=24 NY=5 K=3 Y=5100480 Q=389017 projectedPeak=0.44GiB availableForIndex=2.60GiB
[bucket-plan] decision=ADMIT
[bucket-plan] B=73 a=24 NY=5 K=3 Y=5100480 Q=389017 projectedPeak=0.44GiB availableForIndex=2.60GiB
[bucket-plan] decision=ADMIT
[bucket-plan] B=73 a=24 NY=5 K=3 Y=5100480 Q=389017 projectedPeak=0.44GiB availableForIndex=2.60GiB
[bucket-plan] decision=ADMIT
[bucket-plan] B=73 a=24 NY=5 K=3 Y=5100480 Q=389017 projectedPeak=0.44GiB availableForIndex=2.60GiB
[bucket-plan] decision=ADMIT
[bucket-plan] B=73 a=24 NY=5 K=3 Y=5100480 Q=389017 projectedPeak=0.44GiB availableForIndex=2.60GiB
[bucket-plan] decision=ADMIT
[bucket-plan] B=73 a=24 NY=5 K=3 Y=5100480 Q=389017 projectedPeak=0.44GiB availableForIndex=2.60GiB
[bucket-plan] decision=ADMIT
[bucket-plan] B=73 a=24 NY=5 K=3 Y=5100480 Q=389017 projectedPeak=0.44GiB availableForIndex=2.60GiB
[bucket-plan] decision=ADMIT
[bucket-plan] B=73 a=24 NY=5 K=3 Y=5100480 Q=389017 projectedPeak=0.44GiB availableForIndex=2.60GiB
[bucket-plan] decision=ADMIT
[bucket-plan] B=73 a=24 NY=5 K=3 Y=5100480 Q=389017 projectedPeak=0.44GiB availableForIndex=2.60GiB
[bucket-plan] decision=ADMIT
[bucket-plan] B=73 a=24 NY=5 K=3 Y=5100480 Q=389017 projectedPeak=0.44GiB availableForIndex=2.60GiB
[bucket-plan] decision=ADMIT
[bucket-plan] B=73 a=24 NY=5 K=3 Y=5100480 Q=389017 projectedPeak=0.44GiB availableForIndex=2.60GiB
[bucket-plan] decision=ADMIT
[bucket-plan] B=73 a=24 NY=5 K=3 Y=5100480 Q=389017 projectedPeak=0.44GiB availableForIndex=2.60GiB
[bucket-plan] decision=ADMIT
[bucket-plan] B=73 a=24 NY=5 K=3 Y=5100480 Q=389017 projectedPeak=0.44GiB availableForIndex=2.60GiB
[bucket-plan] decision=ADMIT
[bucket-plan] B=73 a=24 NY=5 K=3 Y=5100480 Q=389017 projectedPeak=0.44GiB availableForIndex=2.60GiB
[bucket-plan] decision=ADMIT
[bucket-plan] B=73 a=24 NY=5 K=3 Y=5100480 Q=389017 projectedPeak=0.44GiB availableForIndex=2.60GiB
[bucket-plan] decision=ADMIT
[bucket-plan] B=73 a=24 NY=5 K=3 Y=5100480 Q=389017 projectedPeak=0.44GiB availableForIndex=2.60GiB
[bucket-plan] decision=ADMIT
[bucket-plan] B=73 a=24 NY=5 K=3 Y=5100480 Q=389017 projectedPeak=0.44GiB availableForIndex=2.60GiB
[bucket-plan] decision=ADMIT
[bucket-plan] B=73 a=24 NY=5 K=3 Y=5100480 Q=389017 projectedPeak=0.44GiB availableForIndex=2.60GiB
[bucket-plan] decision=ADMIT
[bucket-plan] B=73 a=24 NY=5 K=3 Y=5100480 Q=389017 projectedPeak=0.44GiB availableForIndex=2.60GiB
[bucket-plan] decision=ADMIT
[bucket-plan] B=73 a=24 NY=5 K=3 Y=5100480 Q=389017 projectedPeak=0.44GiB availableForIndex=2.60GiB
[bucket-plan] decision=ADMIT
[bucket-plan] B=73 a=24 NY=5 K=3 Y=5100480 Q=389017 projectedPeak=0.44GiB availableForIndex=2.60GiB
[bucket-plan] decision=ADMIT
[bucket-plan] B=73 a=24 NY=5 K=3 Y=5100480 Q=389017 projectedPeak=0.44GiB availableForIndex=2.60GiB
[bucket-plan] decision=ADMIT
[bucket-plan] B=73 a=24 NY=5 K=3 Y=5100480 Q=389017 projectedPeak=0.44GiB availableForIndex=2.60GiB
[bucket-plan] decision=ADMIT
[bucket-plan] B=73 a=24 NY=5 K=3 Y=5100480 Q=389017 projectedPeak=0.44GiB availableForIndex=2.60GiB
[bucket-plan] decision=ADMIT
[bucket-plan] B=73 a=24 NY=5 K=3 Y=5100480 Q=389017 projectedPeak=0.44GiB availableForIndex=2.60GiB
[bucket-plan] decision=ADMIT
[bucket-plan] B=73 a=24 NY=5 K=3 Y=5100480 Q=389017 projectedPeak=0.44GiB availableForIndex=2.60GiB
[bucket-plan] decision=ADMIT
[bucket-plan] B=73 a=24 NY=5 K=3 Y=5100480 Q=389017 projectedPeak=0.44GiB availableForIndex=2.60GiB
[bucket-plan] decision=ADMIT
[bucket-plan] B=73 a=24 NY=5 K=3 Y=5100480 Q=389017 projectedPeak=0.44GiB availableForIndex=2.60GiB
[bucket-plan] decision=ADMIT
[bucket-plan] B=73 a=24 NY=5 K=3 Y=5100480 Q=389017 projectedPeak=0.44GiB availableForIndex=2.60GiB
[bucket-plan] decision=ADMIT
[bucket-plan] B=73 a=24 NY=5 K=3 Y=5100480 Q=389017 projectedPeak=0.44GiB availableForIndex=2.60GiB
[bucket-plan] decision=ADMIT
[bucket-plan] B=73 a=24 NY=5 K=3 Y=5100480 Q=389017 projectedPeak=0.44GiB availableForIndex=2.60GiB
[bucket-plan] decision=ADMIT
[bucket-plan] B=73 a=24 NY=5 K=3 Y=5100480 Q=389017 projectedPeak=0.44GiB availableForIndex=2.60GiB
[bucket-plan] decision=ADMIT
[bucket-plan] B=73 a=24 NY=5 K=3 Y=5100480 Q=389017 projectedPeak=0.44GiB availableForIndex=2.60GiB
[bucket-plan] decision=ADMIT
[bucket-plan] B=73 a=24 NY=5 K=3 Y=5100480 Q=389017 projectedPeak=0.44GiB availableForIndex=2.60GiB
[bucket-plan] decision=ADMIT
[bucket-plan] B=73 a=24 NY=5 K=3 Y=5100480 Q=389017 projectedPeak=0.44GiB availableForIndex=2.60GiB
[bucket-plan] decision=ADMIT
[bucket-plan] B=73 a=24 NY=5 K=3 Y=5100480 Q=389017 projectedPeak=0.44GiB availableForIndex=2.60GiB
[bucket-plan] decision=ADMIT
[bucket-plan] B=73 a=24 NY=5 K=3 Y=5100480 Q=389017 projectedPeak=0.44GiB availableForIndex=2.60GiB
[bucket-plan] decision=ADMIT
[bucket-plan] B=73 a=24 NY=5 K=3 Y=5100480 Q=389017 projectedPeak=0.44GiB availableForIndex=2.60GiB
[bucket-plan] decision=ADMIT
[bucket-plan] B=73 a=24 NY=5 K=3 Y=5100480 Q=389017 projectedPeak=0.44GiB availableForIndex=2.60GiB
[bucket-plan] decision=ADMIT
[bucket-plan] B=73 a=24 NY=5 K=3 Y=5100480 Q=389017 projectedPeak=0.44GiB availableForIndex=2.60GiB
[bucket-plan] decision=ADMIT
[bucket-plan] B=73 a=24 NY=5 K=3 Y=5100480 Q=389017 projectedPeak=0.44GiB availableForIndex=2.60GiB
[bucket-plan] decision=ADMIT
[bucket-plan] B=73 a=24 NY=5 K=3 Y=5100480 Q=389017 projectedPeak=0.44GiB availableForIndex=2.60GiB
[bucket-plan] decision=ADMIT
[bucket-plan] B=73 a=24 NY=5 K=3 Y=5100480 Q=389017 projectedPeak=0.44GiB availableForIndex=2.60GiB
[bucket-plan] decision=ADMIT
[bucket-plan] B=73 a=24 NY=5 K=3 Y=5100480 Q=389017 projectedPeak=0.44GiB availableForIndex=2.60GiB
[bucket-plan] decision=ADMIT
[bucket-plan] B=73 a=24 NY=5 K=3 Y=5100480 Q=389017 projectedPeak=0.44GiB availableForIndex=2.60GiB
[bucket-plan] decision=ADMIT
[bucket-plan] B=73 a=24 NY=5 K=3 Y=5100480 Q=389017 projectedPeak=0.44GiB availableForIndex=2.60GiB
[bucket-plan] decision=ADMIT
[bucket-plan] B=73 a=24 NY=5 K=3 Y=5100480 Q=389017 projectedPeak=0.44GiB availableForIndex=2.60GiB
[bucket-plan] decision=ADMIT
[bucket-plan] B=73 a=24 NY=5 K=3 Y=5100480 Q=389017 projectedPeak=0.44GiB availableForIndex=2.60GiB
[bucket-plan] decision=ADMIT
[bucket-plan] B=73 a=24 NY=5 K=3 Y=5100480 Q=389017 projectedPeak=0.44GiB availableForIndex=2.60GiB
[bucket-plan] decision=ADMIT
[bucket-plan] B=73 a=24 NY=5 K=3 Y=5100480 Q=389017 projectedPeak=0.44GiB availableForIndex=2.60GiB
[bucket-plan] decision=ADMIT
[bucket-plan] B=73 a=24 NY=5 K=3 Y=5100480 Q=389017 projectedPeak=0.44GiB availableForIndex=2.60GiB
[bucket-plan] decision=ADMIT
[bucket-plan] B=73 a=24 NY=5 K=3 Y=5100480 Q=389017 projectedPeak=0.44GiB availableForIndex=2.60GiB
[bucket-plan] decision=ADMIT
[bucket-plan] B=73 a=24 NY=5 K=3 Y=5100480 Q=389017 projectedPeak=0.44GiB availableForIndex=2.60GiB
[bucket-plan] decision=ADMIT
[bucket-plan] B=73 a=24 NY=5 K=3 Y=5100480 Q=389017 projectedPeak=0.44GiB availableForIndex=2.60GiB
[bucket-plan] decision=ADMIT
[bucket-plan] B=73 a=24 NY=5 K=3 Y=5100480 Q=389017 projectedPeak=0.44GiB availableForIndex=2.60GiB
[bucket-plan] decision=ADMIT
[bucket-plan] B=73 a=24 NY=5 K=3 Y=5100480 Q=389017 projectedPeak=0.44GiB availableForIndex=2.60GiB
[bucket-plan] decision=ADMIT
[bucket-plan] B=73 a=24 NY=5 K=3 Y=5100480 Q=389017 projectedPeak=0.44GiB availableForIndex=2.60GiB
[bucket-plan] decision=ADMIT
[bucket-plan] B=73 a=24 NY=5 K=3 Y=5100480 Q=389017 projectedPeak=0.44GiB availableForIndex=2.60GiB
[bucket-plan] decision=ADMIT
[bucket-plan] B=73 a=24 NY=5 K=3 Y=5100480 Q=389017 projectedPeak=0.44GiB availableForIndex=2.60GiB
[bucket-plan] decision=ADMIT
[bucket-plan] B=73 a=24 NY=5 K=3 Y=5100480 Q=389017 projectedPeak=0.44GiB availableForIndex=2.60GiB
[bucket-plan] decision=ADMIT
[bucket-plan] B=73 a=24 NY=5 K=3 Y=5100480 Q=389017 projectedPeak=0.44GiB availableForIndex=2.60GiB
[bucket-plan] decision=ADMIT
[bucket-plan] B=73 a=24 NY=5 K=3 Y=5100480 Q=389017 projectedPeak=0.44GiB availableForIndex=2.60GiB
[bucket-plan] decision=ADMIT
[bucket-plan] B=73 a=24 NY=5 K=3 Y=5100480 Q=389017 projectedPeak=0.44GiB availableForIndex=2.60GiB
[bucket-plan] decision=ADMIT
[bucket-plan] B=73 a=24 NY=5 K=3 Y=5100480 Q=389017 projectedPeak=0.44GiB availableForIndex=2.60GiB
[bucket-plan] decision=ADMIT
[bucket-plan] B=73 a=24 NY=5 K=3 Y=5100480 Q=389017 projectedPeak=0.44GiB availableForIndex=2.60GiB
[bucket-plan] decision=ADMIT
[bucket-plan] B=73 a=24 NY=5 K=3 Y=5100480 Q=389017 projectedPeak=0.44GiB availableForIndex=2.60GiB
[bucket-plan] decision=ADMIT
[bucket-plan] B=73 a=24 NY=5 K=3 Y=5100480 Q=389017 projectedPeak=0.44GiB availableForIndex=2.60GiB
[bucket-plan] decision=ADMIT
[bucket-plan] B=73 a=24 NY=5 K=3 Y=5100480 Q=389017 projectedPeak=0.44GiB availableForIndex=2.60GiB
[bucket-plan] decision=ADMIT
[bucket-plan] B=73 a=24 NY=5 K=3 Y=5100480 Q=389017 projectedPeak=0.44GiB availableForIndex=2.60GiB
[bucket-plan] decision=ADMIT
[bucket-plan] B=73 a=24 NY=5 K=3 Y=5100480 Q=389017 projectedPeak=0.44GiB availableForIndex=2.60GiB
[bucket-plan] decision=ADMIT
[bucket-plan] B=73 a=24 NY=5 K=3 Y=5100480 Q=389017 projectedPeak=0.44GiB availableForIndex=2.60GiB
[bucket-plan] decision=ADMIT
[bucket-plan] B=73 a=24 NY=5 K=3 Y=5100480 Q=389017 projectedPeak=0.44GiB availableForIndex=2.60GiB
[bucket-plan] decision=ADMIT
[bucket-plan] B=73 a=24 NY=5 K=3 Y=5100480 Q=389017 projectedPeak=0.44GiB availableForIndex=2.60GiB
[bucket-plan] decision=ADMIT
[bucket-plan] B=73 a=24 NY=5 K=3 Y=5100480 Q=389017 projectedPeak=0.44GiB availableForIndex=2.60GiB
[bucket-plan] decision=ADMIT
[bucket-plan] B=73 a=24 NY=5 K=3 Y=5100480 Q=389017 projectedPeak=0.44GiB availableForIndex=2.60GiB
[bucket-plan] decision=ADMIT
[bucket-plan] B=73 a=24 NY=5 K=3 Y=5100480 Q=389017 projectedPeak=0.44GiB availableForIndex=2.60GiB
[bucket-plan] decision=ADMIT
[bucket-plan] B=73 a=24 NY=5 K=3 Y=5100480 Q=389017 projectedPeak=0.44GiB availableForIndex=2.60GiB
[bucket-plan] decision=ADMIT
[bucket-plan] B=73 a=24 NY=5 K=3 Y=5100480 Q=389017 projectedPeak=0.44GiB availableForIndex=2.60GiB
[bucket-plan] decision=ADMIT
[bucket-plan] B=73 a=24 NY=5 K=3 Y=5100480 Q=389017 projectedPeak=0.44GiB availableForIndex=2.60GiB
[bucket-plan] decision=ADMIT
[bucket-plan] B=73 a=24 NY=5 K=3 Y=5100480 Q=389017 projectedPeak=0.44GiB availableForIndex=2.60GiB
[bucket-plan] decision=ADMIT
[bucket-plan] B=73 a=24 NY=5 K=3 Y=5100480 Q=389017 projectedPeak=0.44GiB availableForIndex=2.60GiB
[bucket-plan] decision=ADMIT
[bucket-plan] B=73 a=24 NY=5 K=3 Y=5100480 Q=389017 projectedPeak=0.44GiB availableForIndex=2.60GiB
[bucket-plan] decision=ADMIT
[bucket-plan] B=73 a=24 NY=5 K=3 Y=5100480 Q=389017 projectedPeak=0.44GiB availableForIndex=2.60GiB
[bucket-plan] decision=ADMIT
[bucket-plan] B=73 a=24 NY=5 K=3 Y=5100480 Q=389017 projectedPeak=0.44GiB availableForIndex=2.60GiB
[bucket-plan] decision=ADMIT
[bucket-plan] B=73 a=24 NY=5 K=3 Y=5100480 Q=389017 projectedPeak=0.44GiB availableForIndex=2.60GiB
[bucket-plan] decision=ADMIT
[bucket-plan] B=73 a=24 NY=5 K=3 Y=5100480 Q=389017 projectedPeak=0.44GiB availableForIndex=2.60GiB
[bucket-plan] decision=ADMIT
[bucket-plan] B=73 a=24 NY=5 K=3 Y=5100480 Q=389017 projectedPeak=0.44GiB availableForIndex=2.60GiB
[bucket-plan] decision=ADMIT
[bucket-plan] B=73 a=24 NY=5 K=3 Y=5100480 Q=389017 projectedPeak=0.44GiB availableForIndex=2.60GiB
[bucket-plan] decision=ADMIT
[bucket-plan] B=73 a=24 NY=5 K=3 Y=5100480 Q=389017 projectedPeak=0.44GiB availableForIndex=2.60GiB
[bucket-plan] decision=ADMIT
[bucket-plan] B=73 a=24 NY=5 K=3 Y=5100480 Q=389017 projectedPeak=0.44GiB availableForIndex=2.60GiB
[bucket-plan] decision=ADMIT
[bucket-plan] B=73 a=24 NY=5 K=3 Y=5100480 Q=389017 projectedPeak=0.44GiB availableForIndex=2.60GiB
[bucket-plan] decision=ADMIT
[bucket-plan] B=73 a=24 NY=5 K=3 Y=5100480 Q=389017 projectedPeak=0.44GiB availableForIndex=2.60GiB
[bucket-plan] decision=ADMIT
[bucket-plan] B=73 a=24 NY=5 K=3 Y=5100480 Q=389017 projectedPeak=0.44GiB availableForIndex=2.60GiB
[bucket-plan] decision=ADMIT
[bucket-plan] B=73 a=24 NY=5 K=3 Y=5100480 Q=389017 projectedPeak=0.44GiB availableForIndex=2.60GiB
[bucket-plan] decision=ADMIT
[bucket-plan] B=73 a=24 NY=5 K=3 Y=5100480 Q=389017 projectedPeak=0.44GiB availableForIndex=2.60GiB
[bucket-plan] decision=ADMIT
[bucket-plan] B=73 a=24 NY=5 K=3 Y=5100480 Q=389017 projectedPeak=0.44GiB availableForIndex=2.60GiB
[bucket-plan] decision=ADMIT
[bucket-plan] B=73 a=24 NY=5 K=3 Y=5100480 Q=389017 projectedPeak=0.44GiB availableForIndex=2.60GiB
[bucket-plan] decision=ADMIT
[bucket-plan] B=73 a=24 NY=5 K=3 Y=5100480 Q=389017 projectedPeak=0.44GiB availableForIndex=2.60GiB
[bucket-plan] decision=ADMIT
[bucket-plan] B=73 a=24 NY=5 K=3 Y=5100480 Q=389017 projectedPeak=0.44GiB availableForIndex=2.60GiB
[bucket-plan] decision=ADMIT
[bucket-plan] B=73 a=24 NY=5 K=3 Y=5100480 Q=389017 projectedPeak=0.44GiB availableForIndex=2.60GiB
[bucket-plan] decision=ADMIT
[bucket-plan] B=73 a=24 NY=5 K=3 Y=5100480 Q=389017 projectedPeak=0.44GiB availableForIndex=2.60GiB
[bucket-plan] decision=ADMIT
[bucket-plan] B=73 a=24 NY=5 K=3 Y=5100480 Q=389017 projectedPeak=0.44GiB availableForIndex=2.60GiB
[bucket-plan] decision=ADMIT
[bucket-plan] B=73 a=24 NY=5 K=3 Y=5100480 Q=389017 projectedPeak=0.44GiB availableForIndex=2.60GiB
[bucket-plan] decision=ADMIT
[bucket-plan] B=73 a=24 NY=5 K=3 Y=5100480 Q=389017 projectedPeak=0.44GiB availableForIndex=2.60GiB
[bucket-plan] decision=ADMIT
[bucket-plan] B=73 a=24 NY=5 K=3 Y=5100480 Q=389017 projectedPeak=0.44GiB availableForIndex=2.60GiB
[bucket-plan] decision=ADMIT
[bucket-plan] B=73 a=24 NY=5 K=3 Y=5100480 Q=389017 projectedPeak=0.44GiB availableForIndex=2.60GiB
[bucket-plan] decision=ADMIT
[bucket-plan] B=73 a=24 NY=5 K=3 Y=5100480 Q=389017 projectedPeak=0.44GiB availableForIndex=2.60GiB
[bucket-plan] decision=ADMIT
[bucket-plan] B=73 a=24 NY=5 K=3 Y=5100480 Q=389017 projectedPeak=0.44GiB availableForIndex=2.60GiB
[bucket-plan] decision=ADMIT
[bucket-plan] B=73 a=24 NY=5 K=3 Y=5100480 Q=389017 projectedPeak=0.44GiB availableForIndex=2.60GiB
[bucket-plan] decision=ADMIT
[bucket-plan] B=73 a=24 NY=5 K=3 Y=5100480 Q=389017 projectedPeak=0.44GiB availableForIndex=2.60GiB
[bucket-plan] decision=ADMIT
[bucket-plan] B=73 a=24 NY=5 K=3 Y=5100480 Q=389017 projectedPeak=0.44GiB availableForIndex=2.60GiB
[bucket-plan] decision=ADMIT
[bucket-plan] B=73 a=24 NY=5 K=3 Y=5100480 Q=389017 projectedPeak=0.44GiB availableForIndex=2.60GiB
[bucket-plan] decision=ADMIT
[bucket-plan] B=73 a=24 NY=5 K=3 Y=5100480 Q=389017 projectedPeak=0.44GiB availableForIndex=2.60GiB
[bucket-plan] decision=ADMIT
[bucket-plan] B=73 a=24 NY=5 K=3 Y=5100480 Q=389017 projectedPeak=0.44GiB availableForIndex=2.60GiB
[bucket-plan] decision=ADMIT
[bucket-plan] B=73 a=24 NY=5 K=3 Y=5100480 Q=389017 projectedPeak=0.44GiB availableForIndex=2.60GiB
[bucket-plan] decision=ADMIT
[bucket-plan] B=73 a=24 NY=5 K=3 Y=5100480 Q=389017 projectedPeak=0.44GiB availableForIndex=2.60GiB
[bucket-plan] decision=ADMIT
[bucket-plan] B=73 a=24 NY=5 K=3 Y=5100480 Q=389017 projectedPeak=0.44GiB availableForIndex=2.60GiB
[bucket-plan] decision=ADMIT
[bucket-plan] B=73 a=24 NY=5 K=3 Y=5100480 Q=389017 projectedPeak=0.44GiB availableForIndex=2.60GiB
[bucket-plan] decision=ADMIT
[bucket-plan] B=73 a=24 NY=5 K=3 Y=5100480 Q=389017 projectedPeak=0.44GiB availableForIndex=2.60GiB
[bucket-plan] decision=ADMIT
[bucket-plan] B=73 a=24 NY=5 K=3 Y=5100480 Q=389017 projectedPeak=0.44GiB availableForIndex=2.60GiB
[bucket-plan] decision=ADMIT
[bucket-plan] B=73 a=24 NY=5 K=3 Y=5100480 Q=389017 projectedPeak=0.44GiB availableForIndex=2.60GiB
[bucket-plan] decision=ADMIT
[bucket-plan] B=73 a=24 NY=5 K=3 Y=5100480 Q=389017 projectedPeak=0.44GiB availableForIndex=2.60GiB
[bucket-plan] decision=ADMIT
[bucket-plan] B=73 a=24 NY=5 K=3 Y=5100480 Q=389017 projectedPeak=0.44GiB availableForIndex=2.60GiB
[bucket-plan] decision=ADMIT
[bucket-plan] B=73 a=24 NY=5 K=3 Y=5100480 Q=389017 projectedPeak=0.44GiB availableForIndex=2.60GiB
[bucket-plan] decision=ADMIT
[bucket-plan] B=73 a=24 NY=5 K=3 Y=5100480 Q=389017 projectedPeak=0.44GiB availableForIndex=2.60GiB
[bucket-plan] decision=ADMIT
[bucket-plan] B=73 a=24 NY=5 K=3 Y=5100480 Q=389017 projectedPeak=0.44GiB availableForIndex=2.60GiB
[bucket-plan] decision=ADMIT
[bucket-plan] B=73 a=24 NY=5 K=3 Y=5100480 Q=389017 projectedPeak=0.44GiB availableForIndex=2.60GiB
[bucket-plan] decision=ADMIT
[bucket-plan] B=73 a=24 NY=5 K=3 Y=5100480 Q=389017 projectedPeak=0.44GiB availableForIndex=2.60GiB
[bucket-plan] decision=ADMIT
[bucket-plan] B=73 a=24 NY=5 K=3 Y=5100480 Q=389017 projectedPeak=0.44GiB availableForIndex=2.60GiB
[bucket-plan] decision=ADMIT
[bucket-plan] B=73 a=24 NY=5 K=3 Y=5100480 Q=389017 projectedPeak=0.44GiB availableForIndex=2.60GiB
[bucket-plan] decision=ADMIT
[bucket-plan] B=73 a=24 NY=5 K=3 Y=5100480 Q=389017 projectedPeak=0.44GiB availableForIndex=2.60GiB
[bucket-plan] decision=ADMIT
[bucket-plan] B=73 a=24 NY=5 K=3 Y=5100480 Q=389017 projectedPeak=0.44GiB availableForIndex=2.60GiB
[bucket-plan] decision=ADMIT
[bucket-plan] B=73 a=24 NY=5 K=3 Y=5100480 Q=389017 projectedPeak=0.44GiB availableForIndex=2.60GiB
[bucket-plan] decision=ADMIT
[bucket-plan] B=73 a=24 NY=5 K=3 Y=5100480 Q=389017 projectedPeak=0.44GiB availableForIndex=2.60GiB
[bucket-plan] decision=ADMIT
[bucket-plan] B=73 a=24 NY=5 K=3 Y=5100480 Q=389017 projectedPeak=0.44GiB availableForIndex=2.60GiB
[bucket-plan] decision=ADMIT
[bucket-plan] B=73 a=24 NY=5 K=3 Y=5100480 Q=389017 projectedPeak=0.44GiB availableForIndex=2.60GiB
[bucket-plan] decision=ADMIT
[bucket-plan] B=73 a=24 NY=5 K=3 Y=5100480 Q=389017 projectedPeak=0.44GiB availableForIndex=2.60GiB
[bucket-plan] decision=ADMIT
[bucket-plan] B=73 a=24 NY=5 K=3 Y=5100480 Q=389017 projectedPeak=0.44GiB availableForIndex=2.60GiB
[bucket-plan] decision=ADMIT
[bucket-plan] B=73 a=24 NY=5 K=3 Y=5100480 Q=389017 projectedPeak=0.44GiB availableForIndex=2.60GiB
[bucket-plan] decision=ADMIT
[bucket-plan] B=73 a=24 NY=5 K=3 Y=5100480 Q=389017 projectedPeak=0.44GiB availableForIndex=2.60GiB
[bucket-plan] decision=ADMIT
[bucket-plan] B=73 a=24 NY=5 K=3 Y=5100480 Q=389017 projectedPeak=0.44GiB availableForIndex=2.60GiB
[bucket-plan] decision=ADMIT
[bucket-plan] B=73 a=24 NY=5 K=3 Y=5100480 Q=389017 projectedPeak=0.44GiB availableForIndex=2.60GiB
[bucket-plan] decision=ADMIT
[bucket-plan] B=73 a=24 NY=5 K=3 Y=5100480 Q=389017 projectedPeak=0.44GiB availableForIndex=2.60GiB
[bucket-plan] decision=ADMIT
[bucket-plan] B=73 a=24 NY=5 K=3 Y=5100480 Q=389017 projectedPeak=0.44GiB availableForIndex=2.60GiB
[bucket-plan] decision=ADMIT
