P 17 bdffe 31 6
P 16 3dffe 28 1
P 15 1dffe 69 0
P 14 dffe 67 2
P 10 5f74 61 2
P 10 8b7e 62 2
P 10 8bde 60 0
P 10 c7ba 62 5
P 10 cf2e 60 3
P 10 c3fc 77 6
P 12 d7fa 18 1
P 10 d2de 19 6
P 10 d1fc 20 4
P 11 dd6e 19 3
P 10 5ed6 36 0
P 10 d2de 23 3
P 11 cf76 51 4
P 10 df4a 27 1
P 10 d39e 37 2
P 10 5f9a 33 4
P 10 de8e 32 2
P 10 93ee 78 0
P 10 cfcc 57 1
P 10 dad6 77 3
P 10 9ef4 31 3
P 10 cf5a 65 5
P 10 5f78 60 1
P 14 15ffe 66 1
P 10 4f7c 28 6
P 10 17ee 51 4
P 10 113fa 13 0
P 10 11bb6 51 0
P 10 145be 68 6
P 11 14fba 30 4
P 10 156d6 65 6
P 10 155f4 62 3
P 11 11bbe 32 3
P 10 119ee 25 1
P 10 158de 20 1
P 10 4ef6 43 1
P 10 15ee2 21 6
P 10 14a7e 25 3
P 10 1177a 64 3
P 10 15db2 28 0
P 10 15eb4 26 4
P 10 11f1e 36 5
P 10 14de6 28 1
P 10 15dc6 33 4
P 11 11df6 62 1
P 10 14fd4 17 6
P 10 14f3a 35 2
P 10 14ddc 27 6
P 10 15bf0 74 3
P 14 19ffe 65 0
P 12 9fbe 55 0
P 10 107de 56 4
P 10 115de 53 1
P 11 186fe 24 6
P 10 18de6 11 3
P 10 192be 26 0
P 10 117b6 26 0
P 10 199ea 62 4
P 10 19b6a 60 2
P 10 18cfc 75 6
P 13 19efe 63 1
P 10 1969e 17 6
P 10 1173e 38 2
P 11 19f4e 21 3
P 10 1179e 20 2
P 10 18bb6 60 0
P 11 19bda 52 3
P 10 19f92 65 6
P 10 196ae 74 6
P 10 10ff4 26 5
P 10 19f32 33 2
P 10 10bfa 76 1
P 10 197f0 16 4
P 10 1997c 72 5
P 14 1cffe 63 5
P 11 8fbe 65 1
P 10 cf56 8 0
P 10 146de 62 1
P 10 10fce 61 0
P 10 18bea 57 2
P 10 18f66 55 0
P 10 185fa 33 1
P 11 1c7f8 67 1
P 10 1cadc 25 6
P 10 49fe 65 5
P 11 14dbe 75 6
P 10 146ee 23 1
P 10 1c4de 18 0
P 10 8d7e 77 2
P 10 1cb6a 12 0
P 10 1c63e 29 0
P 10 18f36 27 4
P 10 1cbd8 27 5
P 10 1cf58 66 5
P 10 18e6e 34 5
P 10 cf74 70 0
P 10 18f36 19 0
P 10 87fa 70 3
P 10 cfe8 50 4
P 10 18d7c 24 4
P 10 187f8 67 6
P 14 1d7fe 62 4
P 10 d37a 45 4
P 10 56be 21 3
P 10 146be 17 3
P 10 1177c 17 5
P 10 1974e 10 2
P 10 185de 28 1
P 10 c7ce 25 2
P 10 1c3e6 63 6
P 10 1d2e6 59 0
P 10 151fa 36 5
P 10 1d5f0 53 0
P 10 1d4bc 28 3
P 10 477e 68 1
P 10 d73c 6 2
P 10 1179e 62 1
P 10 1939e 57 0
P 11 195de 18 2
P 10 1d3c6 14 2
P 10 1c5ce 34 3
P 10 157c6 31 5
P 10 195e6 18 6
P 10 1c6f4 16 0
P 10 156f2 40 5
P 10 147ec 28 1
P 10 1d59c 71 2
P 14 1dbfe 61 3
P 10 4bf6 29 2
P 10 dbe2 8 1
P 10 1537a 22 1
P 10 14bf4 60 0
P 10 199f8 17 1
P 10 9bbc 38 0
P 10 1437e 12 4
P 10 93fc 13 0
P 10 193ae 6 4
P 10 150fe 64 5
P 10 d1de 62 0
P 10 198f6 21 3
P 10 1d86e 15 1
P 10 14b5e 76 1
P 10 1db34 12 1
P 10 1d32e 69 0
P 10 1cbaa 65 1
P 11 1d9da 17 2
P 10 1db94 60 2
P 10 d36e 59 0
P 11 153f6 18 3
P 10 1d3a6 57 5
P 10 199da 37 1
P 10 15bd2 36 2
P 10 1d2ec 27 1
P 10 1d8f4 24 4
P 14 1ddfe 60 2
P 10 5cde 22 5
P 10 ddb4 42 4
P 10 15c6e 16 5
P 10 8df6 31 1
P 10 19db4 10 5
P 10 14dba 67 1
P 10 1c5dc 23 3
P 12 1c5fe 21 4
P 10 d5d6 1 3
P 10 150fe 14 3
P 10 99fa 54 3
P 10 198f6 51 4
P 10 1cc7c 48 3
P 10 1547e 65 6
P 10 d9ba 62 4
P 10 1d91e 56 3
P 10 14d9e 36 2
P 11 1dd8e 23 5
P 10 19daa 74 5
P 10 1d5cc 31 2
P 11 1c5f6 64 1
P 10 1cdd2 12 5
P 10 1d1da 34 5
P 10 15dd8 29 5
P 10 1cd6c 18 5
P 14 1defe 59 1
P 10 98fe 18 3
P 10 5cde 14 4
P 10 14e76 52 4
P 10 15c6e 50 1
P 10 116de 26 5
P 10 19eb4 43 0
P 10 1caae 59 2
P 10 1c6ea 56 5
P 11 1d4fa 25 5
P 10 1d6d4 51 6
P 10 1d27c 26 1
P 11 5cfe 31 4
P 10 dcd6 2 6
P 10 11c7e 60 3
P 10 11e6e 17 6
P 10 18eba 53 1
P 10 1ce36 51 1
P 10 192de 29 1
P 11 1dada 74 1
P 10 1d8ce 21 6
P 10 1d4ec 18 1
P 10 dcd6 76 5
P 10 deca 32 6
P 10 1da78 33 6
P 10 96fc 77 2
P 10 1ced4 14 3
P 14 1df7e 58 0
P 10 d47e 12 5
P 10 9d76 10 2
P 10 15a7a 7 6
P 10 15e3a 3 1
P 10 18d5e 20 1
P 11 19f5c 0 2
P 10 1ce4e 55 0
P 10 d376 70 2
P 10 d73a 27 5
P 10 15b6a 65 3
P 10 1d95c 21 5
P 10 4d7e 20 0
P 10 dd72 78 4
P 10 1563e 12 5
P 10 18e7a 50 3
P 10 19b3c 49 6
P 10 1cf1c 46 5
P 10 1c55e 63 2
P 11 dd6e 19 4
P 10 1da66 55 0
P 10 15b36 34 4
P 10 15f16 71 1
P 10 19f62 31 4
P 10 1dd58 29 4
P 10 1477c 31 2
P 10 1cf70 10 1
P 14 1dfbe 57 6
P 10 d93e 47 0
P 10 cdbc 5 6
P 10 15cbc 42 1
P 10 9f1e 17 5
P 10 1971e 16 6
P 11 14fae 24 3
P 10 1cf86 49 2
P 10 195b6 66 0
P 10 157aa 23 3
P 10 1cbb2 60 6
P 10 1dab4 17 3
P 10 99be 16 5
P 10 ddb8 75 3
P 10 15c9e 8 3
P 10 c73e 25 3
P 11 1ce3e 74 1
P 10 1578e 60 2
P 10 1d31e 58 6
P 10 9dae 34 3
P 10 1db8a 50 3
P 10 1cd36 68 4
P 10 19f26 65 0
P 10 1d7b0 24 5
P 10 1deb0 25 2
P 10 18dbc 27 0
P 14 1dfde 56 5
P 10 5bda 47 3
P 10 db1e 43 5
P 10 116de 18 1
P 11 15e9e 41 4
P 10 18f4e 11 6
P 10 19b4e 9 3
P 10 c7ce 67 2
P 10 1cf92 43 1
P 10 1d2d6 60 1
P 10 197d2 58 5
P 10 1d9d8 54 1
P 10 1db58 52 5
P 10 cd5e 10 0
P 10 5edc 48 4
P 10 15e8e 3 6
P 10 18b5e 21 1
P 10 cf4e 17 1
P 10 1c796 14 6
P 10 1d596 11 1
P 10 155ce 29 6
P 10 1dbc8 45 6
P 10 1da56 64 2
P 10 1cf54 59 2
P 11 1ddd8 58 4
P 10 11f5c 23 2
P 10 1c75c 21 3
P 14 1dfee 55 4
P 10 cbec 42 6
P 10 db8e 40 4
P 10 152ee 13 4
P 10 5ee6 11 1
P 10 19b66 7 4
P 10 19d6a 5 1
P 10 14dce 22 4
P 10 1cfa8 40 0
P 10 1d666 56 6
P 10 cbea 71 1
P 11 1db6c 29 4
P 10 15dac 66 2
P 10 d5ce 6 5
P 11 14eee 76 6
P 10 15ec6 0 4
P 10 1956e 14 5
P 10 14f6a 13 6
P 10 1cbaa 49 1
P 10 1d6ac 7 6
P 10 199ce 23 2
P 10 dde4 60 4
P 10 1de26 59 6
P 10 157ca 34 2
P 10 df68 35 3
P 10 18fac 18 5
P 10 1cbcc 17 1
P 14 1dff6 54 3
P 11 d9f6 41 0
P 10 dbd2 35 0
P 10 158f6 10 3
P 10 11ef4 6 5
P 10 19e72 3 2
P 10 ceb6 60 4
P 10 18f56 18 2
P 10 157d4 54 4
P 10 1d726 12 2
P 10 193f2 67 6
P 10 dbd4 24 3
P 10 1cdd4 61 5
P 10 d9f2 1 1
P 10 5af6 17 4
P 10 15ee4 76 2
P 10 19c76 10 3
P 10 97b6 27 3
P 10 1ceb4 45 6
P 10 15b56 21 3
P 10 1cb56 18 6
P 11 19ee6 24 5
P 10 1dd86 12 6
P 10 1cbd2 29 5
P 10 15fc2 68 6
P 10 dbd4 12 4
P 10 15df0 49 2
P 14 1dffa 53 2
P 10 4efa 48 5
P 10 57ea 47 5
P 10 1567a 42 5
P 10 10dfa 17 2
P 10 19bb8 36 5
P 10 18eba 53 2
P 10 1c6da 49 3
P 11 1c7ba 72 1
P 10 1d74a 44 4
P 10 1d1da 18 6
P 10 15bd2 16 3
P 10 1d9e2 13 0
P 10 1dce8 9 1
P 10 19cf8 27 3
P 10 df70 64 5
P 10 de3a 4 1
P 10 117ba 17 1
P 11 19f9a 42 6
P 10 18f9a 12 1
P 10 1cbca 10 2
P 10 d3ea 66 6
P 10 1d7c2 6 4
P 10 1d8f2 21 2
P 10 19ef0 17 3
P 10 1ddb0 18 5
P 14 1dffc 52 1
P 10 5eec 55 4
P 10 cf74 12 2
P 10 11ff0 50 5
P 10 15f38 8 4
P 10 93fc 43 2
P 11 11fec 53 4
P 10 14bdc 0 3
P 10 18df4 38 3
P 10 c5fc 14 6
P 10 1c7e8 75 1
P 10 1d27c 6 4
P 10 9cfc 25 0
P 10 1d978 2 6
P 10 15e3c 18 6
P 10 1ce3c 15 1
P 11 19f5c 26 6
P 10 1df0c 8 0
P 10 1cbac 64 4
P 10 15fa4 22 3
P 10 1d7c4 59 5
P 10 1ddd0 17 4
P 10 9dec 55 6
P 10 5fe4 54 5
P 10 15e74 49 6
P 10 147f8 64 4
P 11 1cf78 75 3
P 15 2dffe 68 6
P 14 dffe 29 6
P 10 573e 24 4
P 10 576e 22 2
P 10 9bf4 63 1
P 10 9fb2 22 2
P 10 c4fe 67 1
P 11 cefc 70 0
P 10 d75a 68 6
P 10 91fe 71 3
P 11 dade 64 5
P 10 cddc 36 3
P 10 59f6 18 4
P 11 dafa 11 1
P 10 ded2 65 4
P 10 d97c 40 0
P 11 1fbe 56 1
P 10 9f36 19 5
P 10 9ade 76 0
P 10 9b9e 74 4
P 10 ceea 31 2
P 10 de8e 32 0
P 10 9b76 43 5
P 10 d7e4 20 0
P 10 da7a 36 5
P 10 d5f8 32 1
P 10 dd74 29 4
P 14 25ffe 27 4
P 10 4efa 68 6
P 10 5ff0 10 0
P 10 2173e 55 2
P 10 207be 34 0
P 10 24f5c 54 4
P 10 247ba 72 2
P 10 253ec 29 0
P 10 249fc 15 2
P 10 253da 53 2
P 10 254ee 73 5
P 10 5dec 72 4
P 10 24eae 17 4
P 10 2197e 73 2
P 10 5b5e 72 6
P 10 24eb6 28 4
P 10 25cae 26 1
P 10 217ce 3 3
P 10 25f94 60 3
P 10 25b66 77 3
P 10 257e2 73 5
P 10 25af4 63 6
P 10 5f78 8 0
P 10 247ba 30 5
P 10 57f4 23 5
P 10 25b6c 67 2
P 14 29ffe 26 3
P 10 8dde 25 2
P 10 9fb8 46 2
P 10 21eba 63 1
P 10 21bf8 60 5
P 10 20fbc 46 6
P 10 216de 67 6
P 10 292de 62 5
P 11 28bee 56 5
P 10 29bc6 58 4
P 10 294fc 35 6
P 10 1dfa 17 3
P 10 298f6 20 4
P 10 29c7c 57 2
P 10 21e3e 76 4
P 10 9f3a 72 5
P 10 29e1e 70 4
P 10 217ce 3 4
P 11 29f96 56 5
P 10 28faa 38 5
P 10 29bcc 76 5
P 11 9bf6 64 3
P 10 9fd2 13 1
P 10 299da 78 6
P 10 21fd8 75 2
P 10 2976c 25 5
P 14 2cffe 24 1
P 10 8cfe 62 6
P 10 4ede 59 1
P 10 24776 16 2
P 10 24e6e 14 0
P 10 20bde 70 3
P 10 28fb4 8 0
P 10 2c5ae 64 6
P 10 2c3ea 61 3
P 11 2cafa 60 6
P 10 2cbd4 57 5
P 10 2c97c 31 6
P 11 20efe 23 0
P 10 24ed6 49 1
P 10 2867e 28 0
P 10 2476e 25 1
P 10 2c3ba 21 4
P 10 2cb36 18 0
P 10 28ade 75 5
P 11 2ceda 67 6
P 10 2cd4e 67 3
P 10 2cb6c 64 6
P 10 ced6 41 4
P 10 cfca 40 5
P 10 2cd72 75 6
P 10 20ff8 10 1
P 10 2cfb0 70 0
P 14 2d7fe 23 0
P 10 537e 8 6
P 10 87f6 47 0
P 10 215fa 45 0
P 10 247ba 44 3
P 10 282fe 19 5
P 11 295fc 79 6
P 10 2c56e 53 3
P 10 d17e 72 4
P 10 d33e 69 4
P 10 255b6 66 3
P 10 2d49e 61 2
P 10 216f6 1 0
P 10 2d6e4 57 1
P 10 2c73a 72 3
P 10 2c774 30 1
P 12 2d5be 26 5
P 10 d79c 46 4
P 10 252de 21 0
P 11 c7ee 56 4
P 10 29766 15 0
P 10 252f6 73 4
P 10 253b6 71 0
P 10 295f2 69 6
P 10 2d55a 64 6
P 10 287bc 2 0
P 11 2d7ac 20 3
P 14 2dbfe 22 6
P 10 d9ae 56 4
P 10 d3ea 54 2
P 11 25afa 67 0
P 10 25bd4 10 2
P 10 2997c 63 2
P 11 4bfe 32 2
P 10 cbd6 41 5
P 10 2137e 17 4
P 10 213ee 56 2
P 10 289fa 53 3
P 10 2c9b6 50 2
P 10 290fe 70 6
P 11 2d8fa 73 4
P 10 2d86e 60 1
P 10 2d27c 59 6
P 10 da9e 76 6
P 10 db96 71 6
P 10 2d94e 69 5
P 10 21be6 4 0
P 10 2dba4 62 4
P 10 29b72 78 0
P 10 2cbd4 35 4
P 12 2d3fa 31 3
P 10 dbb2 52 1
P 10 251fc 26 2
P 10 9bf8 66 4
P 14 2ddfe 21 5
P 10 cd6e 43 5
P 10 58fe 61 5
P 10 59be 59 6
P 10 21cf6 17 1
P 10 29c5e 11 6
P 10 20dbe 32 1
P 10 2cd6c 47 6
P 10 2c59e 23 4
P 10 2c5d6 20 6
P 11 2d1f6 61 2
P 10 2d9ca 14 6
P 10 2d0fa 32 4
P 10 25cf8 27 4
P 10 2dc74 24 1
P 10 5cbe 61 6
P 10 21d9e 59 5
P 10 21dda 17 3
P 10 29d4e 53 5
P 10 285ee 72 1
P 11 2d5e6 71 1
P 10 2d1d6 64 6
P 10 2d1f2 61 1
P 10 d97a 79 3
P 10 2dce8 16 4
P 10 2d8bc 72 1
P 14 2defe 20 4
P 10 1eee 68 2
P 10 deaa 47 0
P 10 21e76 23 1
P 10 24eda 60 5
P 10 28ef8 17 0
P 10 29eac 55 6
P 10 c2fe 52 1
P 11 24efa 5 2
P 10 254ee 7 4
P 10 294fc 45 3
P 10 ca7e 22 0
P 10 d4f6 20 1
P 10 2d43e 13 4
P 10 21c7e 33 5
P 10 2da5c 49 4
P 10 29e1e 66 6
P 10 2ce2e 63 0
P 11 2cece 57 3
P 10 2de86 56 6
P 10 2d2e6 74 1
P 10 25ee2 70 2
P 10 2dae2 69 2
P 10 2dcf0 65 3
P 10 9e7a 62 2
P 10 5ef4 20 6
P 10 25e3c 17 5
P 14 2df7e 19 3
P 10 877e 17 6
P 10 cf6c 35 2
P 10 2535e 50 3
P 10 25376 48 0
P 11 29a7e 33 2
P 10 29d6a 42 0
P 10 2c93e 20 6
P 10 24f3c 17 2
P 10 2d65a 13 5
P 10 da6e 30 3
P 10 29b36 66 4
P 10 25d74 23 1
P 10 2dd1a 59 3
P 10 2967c 75 0
P 11 de76 3 6
P 10 d72e 51 0
P 10 25b3a 50 1
P 10 9b5e 67 5
P 10 29f54 44 1
P 10 2d46e 61 2
P 10 9d76 38 1
P 10 2de34 59 0
P 10 25e72 77 1
P 10 cf5a 57 6
P 10 2cb78 62 2
P 10 2db2c 58 4
P 14 2dfbe 18 2
P 10 cb3e 16 1
P 11 df3a 4 2
P 10 25d8e 11 2
P 10 25b9c 9 6
P 10 9eb6 66 4
P 10 cfa6 64 0
P 10 2cd3a 20 2
P 10 217bc 35 4
P 10 2d798 13 0
P 10 cb3e 50 5
P 10 24bb6 48 5
P 10 255bc 6 2
P 10 29d9a 42 5
P 10 2c2be 19 4
P 10 d6bc 57 2
P 10 2d536 12 3
P 10 d99e 31 2
P 10 25c9e 27 3
P 10 25f2a 64 2
P 10 2dd0e 65 6
P 10 28fb4 40 6
P 12 2dfa6 59 6
P 10 2c73a 22 3
P 10 2c7b2 60 2
P 11 2dbac 57 6
P 10 2df18 21 5
P 14 2dfde 17 1
P 10 d6da 57 0
P 11 5fdc 62 2
P 10 25f4c 12 6
P 10 8dde 47 0
P 10 1fce 49 5
P 10 247d6 44 3
P 10 28ed6 2 2
P 10 243de 59 0
P 10 2c7d8 37 5
P 10 2d19e 51 5
P 10 2c9dc 51 1
P 11 2dc5e 31 2
P 10 de4e 63 1
P 10 2d61e 21 5
P 10 5f4e 78 4
P 10 2df0a 54 6
P 10 29d96 71 3
P 10 29f8a 27 5
P 10 2cfc8 66 3
P 10 deca 46 4
P 10 28bd6 66 5
P 11 2d7d4 76 1
P 10 2dd1a 63 2
P 10 d79c 78 4
P 11 25f5c 72 4
P 14 2dfee 16 0
P 10 8fae 43 5
P 10 cbce 42 1
P 11 253ee 38 0
P 10 257c6 78 0
P 10 298ee 51 1
P 10 21dea 50 6
P 10 2ccea 7 1
P 10 2ce6c 4 4
P 10 296ae 61 2
P 10 dbac 18 6
P 10 2db0e 54 1
P 10 255e6 30 6
P 10 ddaa 68 4
P 10 29eca 25 0
P 10 2dacc 62 4
P 10 576e 18 0
P 10 df62 77 5
P 10 25aae 53 3
P 10 28fac 9 6
P 10 29dcc 47 3
P 10 d766 26 4
P 10 2cce6 24 4
P 11 25fca 16 6
P 10 2df22 64 6
P 10 28bec 63 0
P 10 cfcc 65 6
P 14 2dff6 15 6
P 10 d3d6 2 5
P 10 d9f2 39 3
P 10 5cf6 58 1
P 10 25de4 76 4
P 10 29c76 51 0
P 10 8fb6 28 3
P 10 2cf34 5 5
P 10 25756 21 1
P 10 2c7a6 58 5
P 11 29bf2 23 0
P 10 2db92 14 2
P 10 2c9f4 27 1
P 10 5df2 6 1
P 10 dae6 44 5
P 10 25cf4 42 5
P 10 21d76 58 1
P 10 cfb2 16 2
P 10 2ce36 12 3
P 10 24bd6 67 6
P 11 2db56 73 5
P 10 29ea6 23 3
P 10 2d6a6 20 6
P 10 cfe2 38 6
P 10 2df82 20 2
P 10 299f4 59 5
P 10 24ff0 59 1
P 14 2dffa 14 5
P 10 d6ea 78 3
P 10 5cfa 15 1
P 10 21d7a 11 1
P 10 21ef2 10 1
P 10 29e3a 5 1
P 10 287ba 21 4
P 11 2cf9a 39 6
P 10 2c79a 16 4
P 10 2d3ca 12 6
P 10 d3f2 69 4
P 10 2dbc2 8 1
P 10 2d8f8 22 5
P 10 1efa 62 3
P 10 de72 39 1
P 10 21e7a 56 2
P 10 28f3a 51 2
P 10 28fb8 11 5
P 10 2cf1a 8 0
P 10 2c3da 62 2
P 10 dbca 60 6
P 10 2d6ca 18 6
P 10 2dae2 15 2
P 10 25bd2 31 1
P 10 2dfa0 50 4
P 10 dcf8 13 2
P 14 2dffc 13 4
P 10 ffc 53 5
P 10 9fb4 31 6
P 10 2477c 6 1
P 10 247dc 4 6
P 10 293f8 2 3
P 10 29bac 79 0
P 10 2c2fc 14 0
P 10 cef4 13 6
P 10 2d56c 8 0
P 10 2d578 6 5
P 10 25adc 61 0
P 10 ddd4 19 5
P 10 2dc6c 55 0
P 10 24ef4 69 1
P 11 2deb8 31 4
P 10 29f38 64 2
P 10 d76c 4 5
P 11 257bc 77 5
P 10 25f94 40 2
P 10 299dc 53 1
P 10 24fd8 53 4
P 10 2cde4 9 5
P 10 daf4 65 3
P 10 29cf4 23 1
P 10 25f70 62 2
P 10 2de38 20 1
P 15 35ffe 67 5
P 14 15ffe 70 2
P 10 47fc 36 6
P 10 5fe8 19 3
P 10 11cbe 63 1
P 10 116fa 61 6
P 10 14ef8 27 0
P 10 17be 27 1
P 10 1479e 72 0
P 10 10bfa 60 2
P 10 14bae 58 3
P 10 145f6 1 0
P 11 15df2 58 6
P 10 15adc 36 3
P 10 5afc 57 1
P 12 15f3e 29 3
P 10 1f9e 67 6
P 10 11b9e 65 6
P 11 14bde 13 0
P 10 157c6 61 5
P 10 155ea 4 2
P 10 57ea 33 6
P 10 15dd4 0 3
P 10 117f2 50 5
P 10 157d8 23 2
P 10 15af8 45 3
P 14 25ffe 69 1
P 10 1bfc 17 6
P 10 5dae 53 3
P 10 20df6 33 0
P 10 1fda 75 4
P 10 249ee 22 6
P 10 24cf6 19 3
P 10 55fa 42 2
P 10 257e2 61 0
P 10 2587e 25 2
P 10 1d7e 4 5
P 10 25db2 27 1
P 10 4e7e 23 6
P 10 20eee 63 4
P 10 25772 72 5
P 10 25e74 72 1
P 10 4dbe 27 3
P 10 5fb8 9 5
P 10 24e9e 26 2
P 10 57e6 50 2
P 11 25f6a 10 4
P 10 24db6 75 3
P 10 25756 75 0
P 10 25af8 70 3
P 10 25f62 73 0
P 10 2177c 78 0
P 14 31ffe 67 6
P 10 17ee 9 5
P 10 10eee 10 0
P 10 1afe 70 4
P 10 21df2 7 0
P 10 30d6e 67 0
P 10 307ea 64 4
P 10 1177a 48 0
P 10 10bbe 68 3
P 10 30abe 67 6
P 10 21ddc 70 2
P 10 31d96 66 5
P 10 30afa 79 4
P 10 11eec 39 5
P 10 3196e 65 0
P 10 3197a 63 4
P 10 11d3e 40 2
P 10 31eb4 57 4
P 10 31c9e 33 1
P 10 10fce 47 3
P 10 31f4c 26 0
P 10 21f72 45 4
P 10 317b4 0 5
P 10 31778 30 0
P 10 31f2a 28 5
P 10 30ddc 2 5
P 11 31fd8 57 0
P 14 34ffe 65 4
P 10 14f36 58 2
P 10 4bfa 74 0
P 11 24fbc 66 5
P 10 20fdc 31 1
P 10 10dee 7 3
P 11 243fe 72 5
P 10 247e6 5 3
P 10 3097e 57 2
P 10 243fa 22 6
P 10 344fa 55 3
P 10 349bc 13 3
P 10 30c7e 29 4
P 10 14e7c 28 6
P 10 34f0e 63 3
P 10 24bae 1 3
P 10 14f96 38 5
P 10 30fc6 75 2
P 10 34dca 31 4
P 10 247ec 47 6
P 10 34fe0 25 4
P 10 14d76 61 0
P 10 247f4 18 5
P 10 24ef8 56 1
P 10 147bc 76 3
P 10 3437c 32 5
P 14 357fe 64 3
P 10 116fc 14 6
P 10 156ce 8 5
P 10 245be 63 1
P 10 57ae 63 0
P 10 313d6 18 6
P 10 316d6 16 4
P 10 245f6 34 0
P 10 347e8 51 3
P 10 352ba 66 3
P 10 343f8 65 2
P 12 355be 21 6
P 10 56de 20 6
P 10 252de 55 6
P 11 3077e 21 1
P 10 31766 10 2
P 10 342be 68 6
P 10 253b6 67 3
P 10 351da 62 5
P 10 3555a 59 1
P 10 3156e 36 6
P 11 3576c 66 1
P 10 35696 28 4
P 10 153da 44 1
P 10 1576a 2 5
P 10 257cc 40 3
P 10 355b4 75 4
P 14 35bfe 63 2
P 10 4bfc 73 6
P 10 15be4 52 5
P 10 597e 6 5
P 10 20bfa 47 5
P 10 21afa 43 6
P 10 30bbc 44 1
P 10 3037e 21 1
P 10 151fc 61 6
P 10 351ae 53 1
P 10 2517e 74 4
P 10 1595e 69 2
P 10 31ab6 66 1
P 10 358ae 62 1
P 10 24b7a 42 0
P 10 35b70 18 2
P 10 3533c 34 5
P 10 14bbc 13 5
P 10 15adc 50 0
P 10 11bae 68 3
P 10 3136e 63 2
P 11 253f6 55 6
P 10 34ba6 18 5
P 10 318fa 76 2
P 10 25ada 74 5
P 10 34bb4 31 4
P 10 35aac 28 0
P 14 35dfe 62 1
P 10 119f6 66 4
P 10 15de8 4 0
P 10 25cba 58 1
P 10 255f8 56 6
P 12 31dbe 54 1
P 10 4dde 14 2
P 10 249de 49 2
P 11 305fe 27 0
P 10 315e6 4 5
P 10 3417e 20 5
P 10 251f6 20 3
P 10 350fa 57 6
P 10 358ba 52 6
P 10 3193e 33 6
P 11 35d3c 70 4
P 10 35c8e 23 1
P 10 155ce 41 0
P 10 15d56 78 3
P 10 25dc6 36 1
P 10 359aa 72 3
P 10 21df4 8 6
P 10 35dd0 65 2
P 10 1557a 21 5
P 10 24df2 59 4
P 10 259f8 17 0
P 10 31db8 15 1
P 14 35efe 61 0
P 10 1467e 52 3
P 10 5afc 53 0
P 10 25aae 45 2
P 10 21a7e 26 0
P 10 11e5e 22 6
P 10 30eb6 60 4
P 10 34cae 56 4
P 10 246ee 34 4
P 10 356d4 49 3
P 10 352b6 25 1
P 10 34af2 22 3
P 11 358fc 59 3
P 10 35cd8 16 3
P 10 1563e 54 0
P 11 21ebe 63 6
P 10 25e96 47 6
P 10 30cde 27 6
P 10 24ece 24 0
P 10 34aea 61 0
P 10 35a66 57 1
P 10 316e6 39 6
P 11 35ee2 64 4
P 10 25cba 58 6
P 10 146fc 36 3
P 11 35e5c 18 0
P 14 35f7e 60 6
P 10 11f2e 19 0
P 10 15756 56 4
P 11 24f7a 26 4
P 10 25f4a 51 5
P 10 3157c 25 3
P 10 1f7a 7 0
P 10 14d76 3 6
P 10 24e7c 41 5
P 10 2167e 19 4
P 10 14b7a 57 6
P 10 34b1e 49 1
P 10 2497e 29 5
P 11 3595e 74 5
P 10 31c6e 21 2
P 10 3546e 18 3
P 10 14f1e 38 0
P 10 35e32 51 0
P 10 3554e 31 6
P 10 31f4a 27 0
P 10 35b64 24 5
P 10 35e64 22 1
P 10 34d74 77 5
P 12 25f7a 74 1
P 10 15f1a 12 6
P 10 21b7c 27 1
P 10 11f5c 27 3
P 14 35fbe 59 5
P 10 147ae 5 6
P 10 155b6 43 5
P 10 59be 21 4
P 10 25bb2 38 6
P 10 31c3e 53 0
P 10 30ebc 50 3
P 10 34e3c 9 0
P 10 1571e 67 1
P 10 3472e 23 3
P 11 25bb6 58 1
P 10 35b86 15 0
P 10 319ba 32 5
P 10 25dac 69 1
P 10 34eb4 25 3
P 10 15cba 5 4
P 10 21b3e 20 6
P 10 25f38 79 4
P 10 31d1e 16 1
P 10 147ae 33 2
P 11 35aae 67 6
P 10 25f16 70 4
P 10 35726 30 1
P 11 24fba 67 3
P 10 25f8a 50 1
P 10 3533c 72 4
P 10 25f34 70 1
P 14 35fde 58 4
P 10 15dc6 9 0
P 10 15dcc 7 4
P 10 21eda 62 0
P 10 11fd2 62 5
P 10 31e5c 18 0
P 10 107de 14 2
P 10 14fcc 74 0
P 10 2479e 9 2
P 10 313d6 6 1
P 11 343de 73 3
P 10 34bca 42 5
P 10 350de 56 6
P 10 259dc 16 6
P 10 358da 51 0
P 10 15c5e 29 0
P 10 31e1e 27 0
P 10 25f1c 22 6
P 10 35e0e 63 4
P 10 317ca 77 4
P 10 15f8c 36 4
P 10 31796 18 5
P 10 34bd2 15 4
P 10 15b5a 36 6
P 10 35ec8 53 0
P 10 25adc 19 2
P 14 35fee 57 3
P 11 117ee 77 6
P 10 14fa6 77 1
P 10 24aee 51 2
P 10 21bce 50 1
P 10 315ea 7 2
P 10 31d66 4 5
P 10 30b6e 22 2
P 11 34f6a 0 0
P 10 3558e 14 0
P 10 353ac 11 3
P 10 15ae6 29 4
P 10 15dc6 67 2
P 10 3596a 23 4
P 10 21eec 38 0
P 10 35ea8 16 3
P 10 14e6e 53 0
P 10 24f66 9 3
P 10 257ac 47 0
P 10 31f2a 46 1
P 10 343ce 21 5
P 10 157cc 59 3
P 10 35d46 61 3
P 10 15baa 76 5
P 10 5f6a 21 0
P 10 31bcc 25 2
P 10 359ac 21 4
P 14 35ff6 56 2
P 10 5776 59 0
P 10 15ee2 77 4
P 10 25ab6 52 6
P 10 24fb2 48 1
P 10 31dd4 7 5
P 10 31f54 5 2
P 10 346f2 61 6
P 11 157f4 59 2
P 10 35754 56 0
P 10 119f6 12 4
P 10 5bd6 52 4
P 10 24de6 7 4
P 10 31ce6 5 5
P 10 246f6 63 4
P 10 34ef0 39 6
P 10 35336 54 1
P 10 34b74 12 6
P 11 35cb6 69 2
P 10 15e96 26 1
P 10 35656 63 5
P 10 5fc6 40 4
P 10 35f42 16 6
P 10 14df2 18 6
P 10 21fd2 57 0
P 10 353e4 20 5
P 10 35ae4 17 2
P 14 35ffa 55 1
P 10 11d7a 54 4
P 10 15ef0 74 2
P 10 25e3a 48 4
P 10 117da 24 6
P 11 31f6a 36 5
P 10 24faa 61 0
P 10 34bb2 16 1
P 10 117f8 74 1
P 10 357c8 52 5
P 10 152fa 7 0
P 10 21bf2 46 0
P 10 259f2 3 2
P 10 31d78 0 1
P 10 30cfa 58 1
P 10 15778 55 6
P 10 3565a 50 6
P 10 255ba 27 5
P 10 15d3a 24 0
P 10 31eca 20 3
P 10 35a9a 18 0
P 10 24fca 34 5
P 10 35f88 51 1
P 10 15af2 53 5
P 10 24ff0 9 1
P 10 355f0 55 0
P 14 35ffc 54 0
P 10 5e7c 12 4
P 10 14e7c 8 5
P 10 21f78 7 4
P 10 25f1c 2 5
P 10 30bdc 17 5
P 10 11fcc 58 1
P 10 347cc 54 6
P 10 34de4 12 6
P 10 253f8 27 6
P 10 357e0 8 1
P 10 15a7c 2 3
P 10 10dfc 20 6
P 10 25d78 78 5
P 10 24ebc 56 3
P 10 346bc 51 2
P 11 31b7c 29 3
P 10 3574c 45 2
P 10 349bc 21 6
P 10 25dac 19 3
P 10 356d4 15 6
P 10 35cd4 13 3
P 10 31bac 68 6
P 11 35fa8 34 1
P 10 35d64 23 2
P 10 57f8 22 1
P 11 25f78 77 6
P 15 39ffe 66 4
P 14 19ffe 31 5
P 10 96be 24 5
P 10 96ee 22 3
P 10 11bf4 24 5
P 10 11fb2 63 6
P 10 186be 32 6
P 11 18fbc 66 4
P 10 1879e 59 5
P 10 113de 2 0
P 11 19bdc 55 4
P 10 18ddc 38 6
P 10 99f6 59 4
P 11 18afe 19 3
P 10 18eea 17 0
P 10 1947e 30 6
P 10 11b7c 70 0
P 10 19e3a 68 2
P 10 9e9e 4 5
P 10 18f4e 1 4
P 10 8fea 25 2
P 10 11f4e 64 3
P 10 10bf6 35 3
P 10 19df0 22 1
P 10 19a7a 34 1
P 10 1fbc 15 0
P 10 19f94 34 0
P 14 29ffe 30 4
P 10 99ee 68 1
P 10 1fe6 67 0
P 10 20eee 55 1
P 10 216fc 13 1
P 10 8f76 79 1
P 10 207ee 66 4
P 10 294de 23 4
P 10 8bfc 8 1
P 10 29be4 66 6
P 10 997e 21 1
P 10 20dfa 20 3
P 10 28cfa 21 1
P 10 296bc 58 6
P 10 28a7e 73 0
P 10 9dbc 73 2
P 10 29e2e 27 2
P 10 21b9e 4 1
P 10 9f8e 4 3
P 10 97ce 65 3
P 10 21de6 63 4
P 10 9b76 47 0
P 10 29fa2 67 2
P 10 29a7a 79 2
P 11 21f7c 3 3
P 10 29eac 71 2
P 14 31ffe 29 3
P 10 111fe 24 5
P 11 11df6 74 2
P 10 21dce 61 0
P 10 21dda 59 5
P 11 3077e 67 3
P 10 113ee 69 3
P 10 315ae 69 4
P 11 303fe 20 5
P 10 30be6 14 4
P 10 3117e 68 6
P 10 219f6 69 6
P 10 318fa 64 1
P 10 31cba 60 3
P 10 30d3e 77 3
P 11 31f3c 63 6
P 10 31e8e 70 2
P 10 11bce 7 0
P 10 11f56 45 4
P 10 21fc6 3 2
P 10 31daa 38 3
P 10 113f6 4 3
P 10 317e2 21 6
P 10 11cfa 67 3
P 10 21bf8 34 2
P 10 11f6c 22 1
P 14 38ffe 26 0
P 10 10cfe 65 4
P 10 8ede 62 5
P 10 28776 57 6
P 10 28e6e 55 4
P 10 20bde 32 1
P 10 30fb4 49 4
P 10 385ae 66 2
P 10 383ea 63 6
P 11 38afa 58 5
P 10 38bd4 59 1
P 10 3897c 33 2
P 11 8efe 63 6
P 10 18ed6 49 5
P 10 20e7e 66 4
P 10 20f6e 24 0
P 10 307ba 58 6
P 10 38736 59 0
P 10 309de 37 6
P 11 38dda 66 6
P 10 38cce 28 3
P 10 38aec 25 6
P 10 18eb6 2 4
P 10 18faa 39 1
P 10 38d5a 75 3
P 10 20fec 12 1
P 10 38fa8 69 3
P 14 397fe 25 6
P 10 1877a 65 3
P 10 187ec 23 2
P 10 293f8 60 3
P 10 97ba 40 6
P 10 212fe 52 3
P 11 307fc 1 3
P 10 3076e 49 2
P 10 190fe 71 0
P 10 191be 69 1
P 10 294f6 67 2
P 10 3945e 60 5
P 10 216be 42 4
P 10 3966c 55 6
P 10 3871e 31 4
P 10 38756 28 6
P 11 393b6 14 5
P 10 3978a 22 6
P 10 391da 77 2
P 10 297d8 75 6
P 10 396e4 71 2
P 10 96f6 29 2
P 10 217b6 67 6
P 10 217f2 25 4
P 10 3175a 60 5
P 10 303fc 1 6
P 11 393ec 22 6
P 14 39bfe 24 5
P 10 198de 53 1
P 10 192fa 52 0
P 11 29abe 70 5
P 10 29b6c 46 0
P 10 3195e 20 1
P 10 8bee 41 0
P 10 38baa 16 6
P 10 29376 33 5
P 10 313da 71 1
P 10 319f8 69 5
P 10 399ac 24 5
P 10 182fe 62 4
P 11 29afa 78 3
P 10 2996e 54 1
P 10 3197c 12 0
P 10 18abe 31 2
P 10 193d6 28 1
P 10 3925e 23 0
P 10 21aee 43 5
P 10 399ac 58 3
P 10 31b36 35 3
P 10 38b56 31 3
P 11 38bda 51 6
P 10 39b8a 25 3
P 10 391ec 79 5
P 10 29be4 78 3
P 14 39dfe 23 4
P 10 19cea 56 5
P 10 19cf8 53 2
P 10 1dbe 51 1
P 10 1df6 10 1
P 10 21d5e 44 0
P 10 205fe 71 6
P 10 30dec 41 6
P 10 381de 59 5
P 10 381f6 57 1
P 11 3917e 63 5
P 10 398ea 11 3
P 10 390be 30 2
P 10 29cbc 26 3
P 10 39c5a 21 5
P 10 19cae 38 3
P 10 31d3a 37 3
P 10 29dd8 73 6
P 10 39d1c 30 2
P 10 185ee 65 4
P 11 29de6 74 5
P 10 295d6 60 5
P 10 319f2 17 2
P 10 189fa 36 5
P 10 38de8 14 2
P 10 3987c 67 3
P 14 39efe 22 3
P 10 1ebe 70 2
P 10 19e3a 6 1
P 10 21e5e 63 1
P 10 28ece 19 3
P 10 30eec 56 5
P 10 31ea6 14 4
P 10 382fa 29 1
P 10 18ef4 69 2
P 10 392ec 24 2
P 10 194fc 4 4
P 10 9a7e 20 5
P 10 11cf6 18 6
P 10 31c3e 11 2
P 10 2167e 35 5
P 10 38e5c 49 1
P 10 31a9e 26 2
P 10 38aae 22 1
P 11 38e5e 58 5
P 10 39cc6 15 0
P 10 392ae 33 2
P 10 29eaa 30 4
P 10 39ad2 26 1
P 10 39cd4 24 4
P 10 31cf2 1 3
P 10 19ef0 37 5
P 10 39e38 72 6
P 14 39f7e 21 2
P 10 877e 51 5
P 10 9f6c 33 0
P 10 2175e 46 6
P 10 28b76 6 4
P 11 3137e 35 6
P 10 3176a 1 5
P 10 3887e 16 2
P 10 28d7c 57 4
P 10 3947a 11 3
P 10 19a3e 30 0
P 10 31b1e 67 2
P 10 29d5c 24 0
P 10 39d0e 59 0
P 10 31676 76 6
P 10 19e6a 32 0
P 10 38f2a 29 1
P 10 39b34 67 6
P 10 9b5e 25 5
P 10 19f54 3 2
P 10 29c6e 18 4
P 10 10f76 78 3
P 10 31e74 12 4
P 10 2973a 70 1
P 10 3873a 66 1
P 11 31d7c 54 3
P 10 39b4c 59 0
P 14 39fbe 20 1
P 10 1933e 17 4
P 10 9f36 15 1
P 10 29b96 52 0
P 10 29d9a 50 4
P 10 21db6 27 2
P 10 31fa8 44 4
P 10 38e3a 21 5
P 10 187bc 37 2
P 12 3979e 54 2
P 10 11b9e 53 5
P 10 293ae 9 6
P 11 30dbe 72 5
P 10 31da6 3 6
P 10 384be 20 0
P 10 296ba 59 6
P 10 3933a 14 0
P 10 39a3c 52 5
P 10 31c9e 71 4
P 10 19eac 26 5
P 10 39e0e 62 1
P 10 29796 39 0
P 10 19f26 77 5
P 10 31f8a 34 1
P 10 39b92 70 3
P 10 28fb8 5 4
P 10 39fa0 64 3
P 14 39fde 19 0
P 10 9cde 43 2
P 10 10fdc 0 0
P 10 21eda 38 3
P 10 1175e 17 2
P 10 3075e 12 1
P 10 28bdc 14 1
P 10 38b8e 7 5
P 10 312de 65 6
P 10 196ce 61 5
P 10 38b56 57 2
P 10 39956 54 4
P 10 295ce 73 0
P 10 39d98 47 3
P 10 39a56 65 5
P 10 38ed4 61 6
P 11 39d5c 60 2
P 10 19f1c 76 2
P 10 1971e 54 1
P 11 30fce 62 3
P 10 31f86 49 2
P 10 38ad6 70 6
P 10 29ec6 68 3
P 10 397c8 71 4
P 10 19dd8 50 4
P 10 29d5c 36 0
P 14 39fee 18 6
P 10 9fa6 54 2
P 10 19d4e 12 0
P 10 20fe6 66 3
P 10 29fa4 46 2
P 10 30f6a 60 1
P 10 317cc 18 1
P 12 38bee 16 0
P 10 18faa 37 2
P 10 291ee 50 1
P 10 117ec 10 2
P 10 31ae6 44 1
P 10 194ee 23 0
P 10 2956e 21 2
P 10 29aea 18 1
P 10 39a2e 13 0
P 10 30e6e 70 0
P 11 39e4e 32 6
P 10 38f0e 62 3
P 10 39726 59 5
P 10 197c6 38 3
P 10 39f82 52 4
P 10 299e6 58 0
P 10 8fea 37 5
P 10 39ce2 58 4
P 10 29dcc 37 2
P 10 21fac 62 4
P 14 39ff6 17 5
P 10 117e6 0 4
P 10 18ee6 40 3
P 10 213f6 55 3
P 10 297f0 33 1
P 10 319b6 47 1
P 10 315f4 5 0
P 11 38e76 34 5
P 10 19756 21 0
P 10 39336 57 2
P 10 9bd6 75 1
P 10 39b92 50 1
P 10 31ce6 67 6
P 10 31dd2 66 6
P 10 38ef0 20 5
P 10 39e64 59 5
P 10 18b76 15 1
P 11 29f74 5 4
P 10 29d96 9 1
P 10 18bd6 67 5
P 10 18ed6 65 1
P 10 29bc6 24 3
P 10 39966 19 3
P 10 21fb2 40 1
P 10 39f90 57 6
P 10 316f4 20 6
P 10 30fe4 63 1
P 14 39ffa 16 4
P 10 195f2 0 0
P 10 19b78 37 5
P 10 28cfa 51 5
P 10 11ef8 51 0
P 10 31e5a 45 5
P 10 28bba 24 3
P 10 18f9a 62 0
P 10 317ca 19 4
P 10 395ca 55 6
P 10 28bf2 71 1
P 10 39be0 48 5
P 10 39578 24 2
P 10 18df8 3 2
P 10 19cf8 41 6
P 10 11f3a 17 4
P 10 3167a 13 5
P 11 297ba 65 0
P 10 38f2a 9 4
P 10 319da 65 2
P 10 29b9a 63 5
P 10 38ee2 19 2
P 10 39cca 18 1
P 10 317e2 75 2
P 11 39fe0 64 6
P 10 31d78 16 4
P 14 39ffc 15 3
P 10 8bfc 56 1
P 10 19778 76 5
P 10 21dbc 51 2
P 10 295bc 47 3
P 11 30f7c 35 4
P 10 31ecc 41 3
P 10 385bc 17 2
P 10 28fac 17 2
P 10 393d4 12 3
P 10 396d4 10 1
P 10 319f4 66 4
P 11 39bf0 36 6
P 10 39cb8 58 2
P 10 96fc 57 5
P 11 29ebc 43 3
P 10 21f5c 52 6
P 10 31b5c 8 1
P 10 187bc 67 5
P 10 38fa4 4 0
P 10 392dc 59 3
P 10 31bd4 58 1
P 10 399e8 54 4
P 10 39d68 51 0
P 10 38db4 67 6
P 11 19fd8 55 3
P 10 39ea8 23 3
P 15 3cffe 64 2
P 14 1cffe 33 4
P 10 86fe 34 2
P 10 cdec 53 0
P 10 14bbc 33 5
P 10 4bfa 54 4
P 10 18edc 63 4
P 10 18f9c 61 2
P 10 1c376 36 0
P 11 cbfa 3 6
P 10 1cbaa 31 1
P 10 14cfc 46 4
P 10 4dee 67 0
P 10 c6f6 23 1
P 10 14e76 60 6
P 10 10b7e 77 2
P 10 18f78 55 0
P 10 1c59e 70 5
P 10 1c3bc 29 5
P 11 1ccde 13 6
P 10 cf8e 44 4
P 10 1cb4e 1 1
P 11 18bf6 6 6
P 10 1c7c6 28 0
P 10 c9fa 34 6
P 10 4ff2 75 2
P 10 1cdcc 2 0
P 14 2cffe 32 3
P 10 49fe 69 3
P 11 cf3e 66 5
P 10 20fda 74 5
P 10 4dee 13 0
P 11 28bde 57 6
P 10 28fa6 19 4
P 10 2c4ee 74 2
P 10 247ea 74 2
P 10 2caf2 69 3
P 10 2cb74 67 1
P 10 28d7c 43 4
P 10 cef8 2 4
P 10 ce9e 58 6
P 10 20b7e 34 5
P 11 28f6e 65 5
P 10 287ae 27 2
P 10 2c5b6 67 0
P 10 c9de 45 6
P 10 2cbd2 62 1
P 10 2ccae 39 3
P 10 28fac 37 0
P 10 2cef0 76 5
P 10 24d7a 3 3
P 10 28dba 1 6
P 10 c7f4 28 1
P 10 24f6c 27 4
P 14 34ffe 31 2
P 10 10dbe 71 4
P 10 14f78 10 2
P 10 24eba 27 5
P 10 24bf8 24 2
P 10 30dbc 55 1
P 10 2475e 34 0
P 10 3435e 28 4
P 11 30bde 10 6
P 10 34ba6 22 4
P 10 344ee 77 0
P 10 24de6 77 6
P 10 34af2 72 1
P 10 34e72 69 4
P 10 30d7c 46 2
P 13 34fbe 15 0
P 10 14f1e 60 3
P 10 20bde 78 6
P 11 30f9e 22 1
P 10 307ce 75 5
P 10 345ce 70 5
P 10 14776 49 1
P 10 34ee2 66 4
P 10 34af8 6 0
P 10 20ff8 28 6
P 10 34cf4 32 1
P 14 38ffe 30 1
P 10 8ede 32 4
P 10 10fb6 31 4
P 10 20ff4 71 1
P 10 8f6e 48 5
P 10 20afe 73 3
P 10 30df4 10 6
P 10 3855e 26 3
P 10 3837a 24 1
P 11 38ade 57 2
P 10 38bac 19 2
P 10 3896e 74 4
P 10 8ef6 12 4
P 10 38eb2 67 3
P 10 28e7a 5 3
P 10 30f5c 42 5
P 10 30fb8 0 4
P 10 18f36 57 0
P 10 283de 70 6
P 11 30fda 68 6
P 10 30dce 65 0
P 10 385ec 65 0
P 10 18af6 2 3
P 10 18f6a 2 2
P 10 38d3a 38 4
P 10 ffc 43 0
P 10 18fd4 20 2
P 14 3c7fe 27 5
P 10 1437e 12 5
P 10 107f6 54 2
P 10 285fa 8 0
P 10 2c3ba 9 2
P 10 304fe 25 3
P 11 346fc 75 5
P 10 3866e 16 0
P 10 1c1be 37 6
P 10 1c39e 75 2
P 10 2c5d6 32 0
P 10 3c4ce 67 0
P 10 246f6 7 2
P 10 3c6e4 61 0
P 10 3873a 78 6
P 10 38774 36 2
P 12 3c5be 30 1
P 10 1c79c 50 3
P 10 2c2de 64 3
P 11 187ee 54 4
P 10 34766 58 3
P 10 2c2f6 78 5
P 10 2c3b6 76 0
P 10 345f2 74 0
P 10 3c55a 68 5
P 10 3077c 48 1
P 11 3c76c 17 2
P 14 3cbfe 26 4
P 10 1c99e 19 0
P 10 1c3da 17 5
P 11 2caf6 65 1
P 10 2cbcc 12 6
P 10 3497a 65 6
P 10 8bfc 4 0
P 10 38bb4 60 0
P 10 1437e 20 6
P 10 243ee 58 2
P 10 289fa 57 0
P 10 349b6 11 6
P 10 302fe 30 5
P 11 3c2fa 71 4
P 10 3c16e 21 5
P 10 3c17c 22 2
P 10 1ca3e 78 6
P 10 1cb56 34 2
P 10 3c91e 71 5
P 10 24bce 8 3
P 10 3cb8c 64 4
P 10 34b66 1 2
P 10 38bd2 0 2
P 11 38bf8 43 2
P 10 3cba8 73 1
P 10 1c1fc 28 2
P 10 cbf8 68 4
P 14 3cdfe 25 3
P 10 14d6e 4 2
P 10 c4fe 63 2
P 10 c5be 61 3
P 10 249f6 59 4
P 10 3495e 52 0
P 10 20d7e 75 2
P 10 38cec 8 4
P 10 3859e 67 3
P 10 385b6 65 4
P 11 3c1ee 58 1
P 10 3c9ca 56 1
P 10 3c0f6 75 0
P 10 2ccf4 71 1
P 10 3cc72 67 4
P 10 1ccbc 3 1
P 10 14d9e 62 6
P 10 14dda 20 5
P 10 2cd4e 55 5
P 10 305ee 71 3
P 11 38de6 70 2
P 10 385d6 64 0
P 10 3c1f2 23 3
P 10 1c8fa 42 6
P 10 3c9e8 18 4
P 10 3c87c 35 4
P 14 3cefe 24 2
P 10 4ede 33 1
P 10 1ce9a 10 3
P 10 24e6e 26 0
P 10 28ed6 64 4
P 10 30ef4 21 1
P 10 34eaa 57 3
P 10 382fc 70 2
P 11 18efa 5 6
P 10 1c4ee 9 4
P 10 2c4fc 47 3
P 10 14a7e 63 4
P 10 18cf6 61 5
P 10 38c3e 54 1
P 10 24a7e 78 4
P 10 3c65c 12 0
P 10 34c9e 69 1
P 10 38cae 67 2
P 11 38e9e 53 4
P 10 3ce46 19 2
P 10 3c2ce 76 1
P 10 2ceca 73 3
P 10 3cae2 69 0
P 10 3cce4 67 3
P 10 34cf8 5 5
P 10 1cef0 1 5
P 10 1ce3c 19 5
P 14 3cf7e 23 1
P 10 1077e 16 1
P 10 14f6c 76 6
P 10 2875e 9 5
P 10 2c376 49 3
P 11 3497e 31 3
P 10 34b6a 44 4
P 10 3887e 20 1
P 10 28e7c 18 5
P 10 3c63a 56 1
P 10 1ca5e 73 6
P 10 34b2e 30 1
P 10 2cd6c 67 6
P 10 3cd16 22 6
P 10 3467a 39 5
P 10 1ce6c 75 6
P 10 38f2c 74 4
P 10 1cb3a 52 1
P 10 cb5e 69 5
P 10 2cf54 46 1
P 10 34c6e 61 3
P 10 14776 41 2
P 10 38e74 55 3
P 10 2cb3a 33 0
P 10 38b3a 31 2
P 11 34e7c 51 1
P 10 3cd4c 22 6
P 14 3cfbe 22 0
P 10 1c39e 21 6
P 10 cf96 19 3
P 10 2cba6 15 6
P 10 2cdaa 13 3
P 10 24dba 70 1
P 10 34fb0 7 3
P 10 38e3c 62 6
P 10 87be 24 6
P 10 1c79c 0 6
P 10 24b9e 16 4
P 10 343ae 52 5
P 11 385be 64 1
P 10 38da6 46 5
P 10 3c0be 24 2
P 10 2caba 22 5
P 10 3c93a 18 2
P 10 3cc3c 15 4
P 10 34d1e 34 3
P 10 1cf2c 69 4
P 10 3ce0e 68 5
P 10 2c7a6 2 6
P 10 1cf32 1 0
P 10 34f92 77 0
P 10 3cb98 74 5
P 10 c7bc 31 2
P 10 1cfa4 11 2
P 14 3cfde 21 6
P 10 14cde 6 1
P 10 10fdc 46 2
P 10 28eda 1 2
P 10 14b5e 60 1
P 10 30b5e 57 2
P 10 28ddc 55 2
P 10 38d8e 48 6
P 10 3435e 28 5
P 10 1c74e 24 4
P 10 38b96 22 5
P 10 3c996 17 3
P 10 2c5d6 36 6
P 10 3cdc8 51 5
P 10 3ca5a 28 4
P 10 38ed8 26 0
P 12 3ce5e 62 6
P 10 cf1e 61 4
P 10 2c71e 17 0
P 11 30fce 62 4
P 10 34f86 51 5
P 10 385d6 30 3
P 10 2c7c6 27 4
P 10 3c3d2 23 0
P 10 3cad2 20 3
P 10 34adc 77 1
P 11 3ced8 26 3
P 14 3cfee 20 5
P 10 1ce2e 52 0
P 10 c7ce 67 3
P 11 2cf66 32 5
P 10 24fa6 24 1
P 10 34baa 59 2
P 10 10fec 77 1
P 10 38fc4 53 2
P 10 1c2ee 10 1
P 10 247ea 50 2
P 10 2c9ea 5 2
P 10 34b6c 43 1
P 10 30cee 60 4
P 10 1c6ec 59 2
P 10 3c64e 53 0
P 10 2c56e 31 1
P 10 1cd2e 27 1
P 10 34ea6 24 0
P 10 3ca8e 21 1
P 10 28f8e 79 2
P 10 3cf44 12 4
P 10 3c6c6 31 3
P 10 38fc2 28 5
P 11 3cbe8 53 1
P 10 3cf60 63 1
P 10 1c6ec 21 4
P 14 3cff6 19 4
P 10 4ff4 42 2
P 10 14f96 78 5
P 10 285f6 55 1
P 10 c7d6 54 5
P 10 343e6 49 6
P 10 34ae6 46 3
P 10 28af6 23 0
P 10 38df0 39 1
P 10 3c536 16 2
P 10 38774 16 1
P 11 3cad6 28 5
P 10 1cd96 28 1
P 10 3c566 64 3
P 10 cef2 42 4
P 10 3cea2 19 6
P 10 34d74 35 3
P 10 14f66 14 2
P 10 1c7b2 49 2
P 10 2ceb2 7 0
P 10 30bd6 23 3
P 11 38fd4 79 4
P 10 3c5a6 59 4
P 10 1c5f2 76 1
P 10 1ced2 77 1
P 10 14fb4 22 2
P 10 34bb4 19 1
P 14 3cffa 18 3
P 11 1c3fa 38 0
P 10 1c7ca 79 2
P 10 2c8fa 51 1
P 10 24df2 51 1
P 10 34cf2 47 3
P 10 34e78 43 5
P 10 30eba 21 4
P 10 1c7b8 59 5
P 10 3c71a 15 0
P 10 2c3ea 31 4
P 10 1cbb2 68 0
P 10 34dd2 26 5
P 10 3c9d8 23 3
P 10 c6fa 60 0
P 10 1cee2 40 0
P 10 2ca7a 53 6
P 10 30f78 11 4
P 10 34db8 47 6
P 10 1c75a 26 4
P 10 386da 24 0
P 11 2ceea 58 6
P 10 3cd4a 57 1
P 10 34bd2 35 5
P 10 2cfa2 73 3
P 10 2c7d8 57 6
P 10 34de8 15 6
P 14 3cffc 17 2
P 10 c5fc 14 5
P 10 1c7e8 75 0
P 10 2ca7c 6 3
P 10 10efc 65 5
P 10 34d78 2 5
P 10 28f3c 58 4
P 10 3873c 53 3
P 11 347dc 64 5
P 10 3c78c 49 1
P 10 389ec 26 1
P 10 2cbe4 64 5
P 10 3c5e4 20 6
P 10 3ccf0 57 4
P 10 14cfc 56 5
P 10 cf74 54 4
P 10 2ce3c 48 3
P 10 287bc 24 1
P 11 38f3c 76 0
P 10 3479c 22 2
P 10 3c39c 17 2
P 10 18dec 75 2
P 10 3cbc4 11 2
P 10 3c574 27 0
P 10 34f64 26 6
P 10 3cbd0 63 4
P 10 3ced0 61 2
P 15 3d7fe 63 1
P 14 1d7fe 74 0
P 10 55be 30 2
P 10 117e6 32 6
P 10 156dc 71 2
P 10 93de 41 0
P 10 197b2 59 4
P 10 1c56e 74 4
P 10 187ea 74 4
P 10 1d2f4 30 4
P 10 1d3b4 28 2
P 10 1c57c 3 4
P 12 156fe 1 5
P 10 d6ce 59 2
P 10 1157e 75 6
P 10 976e 33 3
P 10 187b6 69 5
P 10 1c6b6 67 5
P 10 151de 5 6
P 10 1d3d8 22 1
P 10 1d52e 0 4
P 10 1c7cc 38 3
P 10 15774 64 1
P 10 1575a 49 3
P 10 1c7b8 49 2
P 10 1c778 0 6
P 10 1d72c 76 1
P 14 2d7fe 73 6
P 10 86fe 22 6
P 10 97f8 5 3
P 10 2571e 66 2
P 10 13fe 27 6
P 10 287dc 53 6
P 10 285de 31 0
P 10 2c1ee 26 6
P 11 2c37e 52 4
P 10 2d2e6 62 6
P 10 2d0be 36 1
P 10 255ba 35 6
P 10 2d4da 31 2
P 10 2d65c 28 5
P 10 29676 5 3
P 10 d7b4 42 0
P 10 2d71a 77 1
P 10 253dc 12 3
P 11 d7ce 65 0
P 10 287ce 72 1
P 10 2c5e6 69 0
P 10 d376 10 1
P 10 2d6e2 28 4
P 10 d4fa 31 0
P 10 53fc 54 2
P 10 2d734 36 3
P 14 357fe 72 5
P 10 116fc 76 0
P 10 17ee 17 4
P 10 251f6 20 4
P 10 25576 17 1
P 10 215fa 1 6
P 10 317f0 18 2
P 10 346bc 33 2
P 10 43fe 75 0
P 10 153bc 12 6
P 10 215de 30 3
P 10 311de 24 0
P 11 312fe 12 3
P 10 346e6 59 3
P 10 3447e 76 4
P 10 25576 75 1
P 10 352ba 70 3
P 10 3563a 67 6
P 10 3159e 44 4
P 11 3579c 58 4
P 10 3568e 37 3
P 10 153f4 15 1
P 11 157b6 22 3
P 10 315da 40 0
P 10 351da 36 1
P 10 147f4 17 4
P 10 357c4 77 4
P 14 397fe 71 4
P 10 94fe 15 3
P 10 17fc 56 6
P 10 29376 55 5
P 10 1167e 32 6
P 10 217ae 34 5
P 10 287ea 73 1
P 10 38756 28 1
P 10 303fa 6 6
P 11 393ec 56 6
P 10 385dc 78 2
P 10 191fa 57 2
P 11 294fe 24 2
P 10 296ec 52 3
P 10 3147e 66 3
P 10 93be 8 0
P 10 3873a 62 2
P 10 2955e 0 5
P 10 3159e 78 0
P 10 316ec 75 6
P 10 3968e 70 5
P 10 383b6 44 0
P 10 197a6 43 5
P 10 393d2 41 6
P 10 395f0 40 2
P 10 192fc 45 6
P 14 3c7fe 69 2
P 10 c6ee 24 2
P 10 1c4be 19 1
P 10 47be 79 4
P 10 2c75a 13 1
P 10 3075e 70 1
P 10 307ce 67 2
P 10 383ec 62 3
P 10 387a6 60 1
P 10 381fa 0 2
P 10 1c3f8 37 1
P 10 3c4ec 71 6
P 10 c4fe 71 4
P 10 c6be 68 4
P 10 24776 66 5
P 10 3465e 60 2
P 10 243be 4 2
P 10 387ac 54 2
P 10 3859e 75 6
P 10 385d6 72 6
P 11 3c36e 52 1
P 10 3c6ca 64 4
P 10 3c1b6 39 0
P 10 2c7b4 37 4
P 10 3c6d2 33 0
P 10 1c6ec 49 4
P 10 34774 7 1
P 14 3d3fe 67 0
P 10 153f2 26 2
P 10 1d35c 61 3
P 10 83fe 20 3
P 10 d3f4 78 0
P 10 251de 10 4
P 10 311fa 9 0
P 11 382fe 71 2
P 10 383ec 46 5
P 10 3c07e 21 0
P 10 d17e 4 3
P 10 3d0ba 18 6
P 10 2d23e 76 1
P 10 3529e 73 1
P 10 3535c 71 2
P 10 3d30e 65 6
P 10 383b6 44 2
P 10 1d3b2 79 2
P 10 3c3ca 36 6
P 10 3d1d8 72 1
P 10 d2ee 30 6
P 10 d3e6 29 0
P 10 2d276 23 5
P 10 213fa 2 0
P 10 353b8 17 5
P 10 343bc 35 1
P 10 383dc 33 3
P 14 3d5fe 66 6
P 10 1c4fc 14 0
P 10 1d4d6 9 0
P 10 2c1be 66 5
P 10 d5ba 63 1
P 10 354d6 57 1
P 10 354dc 55 6
P 10 29576 32 3
P 10 1c5f2 30 0
P 10 3c53a 65 0
P 10 291fc 45 0
P 12 3d1ee 60 0
P 10 194de 20 0
P 10 2c4f6 57 2
P 11 3457e 24 6
P 10 3556a 50 1
P 10 390be 64 2
P 10 2c5bc 65 5
P 10 3c4da 19 4
P 10 1d46e 78 3
P 10 3546e 76 5
P 10 2d574 73 4
P 10 3d516 67 2
P 10 345da 46 4
P 10 1d5ca 2 6
P 10 395cc 40 4
P 10 3d1e4 76 6
P 14 3d6fe 65 5
P 10 d2fc 73 0
P 10 1d6e8 53 0
P 10 d47e 8 1
P 10 16fe 29 1
P 10 256ba 2 1
P 10 286be 61 1
P 10 306de 59 2
P 10 342fc 59 5
P 10 3c2ce 52 1
P 10 3827e 34 0
P 10 1d276 28 4
P 10 3c4b6 25 3
P 10 3d0ba 22 4
P 10 2d26e 40 2
P 10 3d658 56 2
P 10 3d436 32 0
P 10 196da 49 4
P 11 3d65c 14 2
P 10 2d6ac 42 3
P 10 1c6ce 21 2
P 11 296f6 60 6
P 10 2d6c6 15 2
P 10 344fa 29 3
P 10 296f2 68 2
P 10 392f4 23 2
P 10 3c678 21 3
P 14 3d77e 64 4
P 10 1547e 61 2
P 10 d67a 59 2
P 10 2d61e 51 4
P 10 2475e 72 4
P 11 3574e 70 2
P 10 3174e 66 4
P 10 39366 21 4
P 10 1877a 1 4
P 10 3c762 57 4
P 10 3c27c 33 6
P 10 1537c 13 6
P 10 1d47a 48 6
P 10 1563e 24 5
P 10 3163e 21 5
P 10 2973c 61 6
P 10 3970e 53 1
P 10 3435e 36 5
P 10 1d34e 30 2
P 10 39566 28 3
P 10 3d166 24 2
P 10 2c736 43 6
P 10 3d670 16 0
P 10 3d25a 35 3
P 10 39758 32 5
P 11 3d574 51 3
P 14 3d7be 63 3
P 10 d73a 27 6
P 10 1c73c 64 3
P 12 297be 61 0
P 10 d78e 79 4
P 10 245be 13 5
P 10 117b6 14 1
P 10 313b6 7 4
P 10 386ba 47 2
P 10 2c1be 66 0
P 10 3c3b8 44 5
P 10 3d09e 17 2
P 10 1953e 78 6
P 11 3d51e 24 5
P 10 2d68e 30 6
P 10 3c68e 68 2
P 10 15736 5 1
P 10 3d722 59 6
P 10 3959a 39 6
P 10 35794 75 0
P 10 3c7a8 32 4
P 10 1d6ac 11 3
P 10 295b6 27 6
P 10 157b8 24 4
P 10 3569a 19 4
P 10 2c3bc 36 5
P 10 1c73c 34 1
P 14 3d7de 62 2
P 10 195ce 54 2
P 10 1d1ce 50 2
P 10 c75e 28 2
P 10 2d6d2 43 1
P 10 3529e 19 5
P 10 3179a 17 2
P 10 395cc 54 1
P 10 3974c 52 5
P 10 386da 70 2
P 11 1d3dc 52 0
P 10 3d34c 22 5
P 10 151de 61 6
P 10 d5ce 18 1
P 10 296d6 55 6
P 10 354d6 11 0
P 10 2875e 29 6
P 10 39758 4 6
P 10 3c31e 61 5
P 10 3939c 61 0
P 11 3d4ce 61 5
P 10 1d696 34 6
P 10 3c656 72 4
P 10 d79a 7 6
P 10 3d712 64 2
P 10 355cc 41 1
P 10 35794 79 6
P 14 3d7ee 61 1
P 10 1c7e2 17 0
P 10 1d6e4 54 4
P 10 95ee 11 1
P 10 d7e8 71 1
P 10 256ae 4 0
P 10 183ee 62 5
P 11 3876e 38 6
P 10 2c3ce 60 2
P 10 3c1ae 54 0
P 10 152ee 75 2
P 10 3d1ca 9 6
P 10 3946e 67 0
P 10 35566 63 6
P 10 3c6ac 60 5
P 10 3d62a 56 5
P 10 39366 75 1
P 10 1d764 69 0
P 10 3d58a 67 6
P 10 1d3cc 2 1
P 10 d74e 62 2
P 10 157c6 61 5
P 10 2d5a6 17 1
P 10 217ea 34 5
P 10 357c8 10 0
P 10 3876c 25 1
P 10 387e4 25 3
P 14 3d7f6 60 0
P 10 1d1f4 3 6
P 10 1d5b4 41 5
P 10 2c676 17 2
P 11 157b6 64 6
P 10 35726 10 1
P 10 295d6 26 5
P 10 297a6 64 2
P 10 347e2 61 4
P 10 3c6d2 59 3
P 10 313f4 38 1
P 12 3d3f2 52 0
P 10 1d1b6 50 5
P 10 2c5f4 8 3
P 11 354f6 74 4
P 10 19756 21 4
P 10 39276 17 5
P 10 d3b6 77 4
P 10 3c732 51 0
P 10 354d6 69 2
P 10 35596 67 5
P 10 396e4 63 2
P 10 3d646 60 4
P 10 387b2 78 1
P 10 1d7a2 73 2
P 10 3d394 70 5
P 10 3d3d0 66 0
P 14 3d7fa 59 6
P 10 d6f8 65 0
P 10 d7d8 24 6
P 10 d5ba 1 3
P 10 17fa 19 1
P 10 257d2 76 4
P 10 3077a 9 3
P 10 307ea 52 4
P 10 383f8 44 1
P 10 3c3b2 46 4
P 10 390fa 64 0
P 10 1d2f8 59 1
P 10 3d46a 55 4
P 10 1d2ba 72 2
P 10 2d65a 29 5
P 10 2d752 66 2
P 10 3d52a 23 5
P 10 317b2 39 2
P 11 3d798 23 4
P 10 39758 74 5
P 10 1c7d2 52 3
P 11 353ea 70 6
P 10 357a8 7 5
P 10 3c1f2 27 6
P 10 d6f8 43 2
P 10 3d6c8 65 2
P 14 3d7fc 58 5
P 10 155f4 62 4
P 10 157b8 20 2
P 10 297e8 58 6
P 10 d6ec 77 1
P 10 213fc 11 0
P 10 257f0 72 2
P 10 315bc 4 6
P 10 383f8 44 5
P 11 3c2fc 36 1
P 10 1d1dc 21 0
P 10 3c17c 18 1
P 10 d57c 75 1
P 10 3d4b4 10 6
P 10 354bc 68 0
P 10 3569c 64 0
P 10 39758 62 0
P 10 3d64c 58 0
P 10 387b4 35 6
P 10 1d7b0 70 1
P 10 3d398 27 3
P 10 d3ec 65 6
P 10 d6ec 63 2
P 10 297d4 22 4
P 10 39574 17 4
P 10 255f8 38 6
P 10 3d3b0 55 0
P 15 3dbfe 62 0
P 14 1dbfe 35 3
P 10 d2fc 77 6
P 10 1bfa 60 1
P 10 15ab6 65 0
P 10 15abc 63 5
P 10 93be 72 0
P 10 149f6 72 2
P 10 1c95e 66 0
P 10 1137e 46 3
P 10 1d2ec 61 1
P 10 1c99e 77 4
P 10 1c9b6 75 0
P 11 1d2ee 46 4
P 10 1daca 68 6
P 10 1d176 45 4
P 10 15b74 41 6
P 10 1dab2 38 3
P 10 dadc 53 5
P 10 9b9e 74 2
P 10 193ea 76 6
P 10 1d34e 72 0
P 10 18bf2 16 5
P 11 1dbe4 5 5
P 10 1d93a 43 0
P 10 1cbb8 40 3
P 10 1d378 32 3
P 14 2dbfe 34 2
P 10 9b5e 33 3
P 10 cbd6 31 3
P 10 243fa 60 4
P 10 253b6 17 2
P 10 289fa 39 4
P 11 29bf8 59 4
P 10 2cadc 74 3
P 10 51fe 34 3
P 11 253be 66 0
P 10 219ee 70 2
P 10 298de 64 0
P 10 92fe 6 0
P 10 2caea 20 4
P 10 2c93e 36 4
P 10 29976 35 1
P 10 2d2bc 32 6
P 10 2da9a 27 6
P 10 2c99e 4 4
P 10 db9c 1 0
P 10 2daca 41 6
P 10 249f6 3 0
P 10 cbb6 2 4
P 10 29baa 44 3
P 10 2d99a 40 4
P 10 d1fc 52 0
P 10 2d3e4 29 0
P 14 35bfe 33 1
P 10 158de 28 3
P 10 11bdc 26 1
P 10 25b74 66 6
P 10 2197e 73 2
P 10 21b5e 73 2
P 10 30bba 31 0
P 10 34b2e 26 6
P 10 303ee 4 6
P 11 353e6 59 4
P 10 351d6 37 3
P 10 351f2 34 5
P 10 158fc 10 2
P 10 35ae8 28 5
P 10 1593e 24 2
P 10 1bbe 46 3
P 10 25b9a 18 2
P 10 30b5e 77 1
P 10 30bce 74 2
P 10 343ec 71 0
P 10 353a6 67 1
P 10 343b6 7 2
P 10 15bb2 3 3
P 10 25ada 28 0
P 10 152fc 12 5
P 10 15b5c 51 0
P 14 39bfe 32 0
P 10 11bd6 32 1
P 10 199da 67 2
P 11 213fe 28 0
P 10 21be6 48 2
P 10 3187e 27 6
P 10 21b7a 28 0
P 10 38aba 24 5
P 10 38b3c 22 3
P 10 3136e 79 0
P 10 199ec 77 4
P 10 39996 31 3
P 10 292fa 49 3
P 10 19adc 5 4
P 10 31b6c 43 3
P 10 19976 20 6
P 10 93be 38 4
P 10 29bb2 15 0
P 10 3195e 28 6
P 10 30bdc 71 0
P 10 38aec 25 6
P 10 199b6 43 2
P 10 38976 39 2
P 11 29bda 39 3
P 10 39b8a 75 3
P 10 289fc 76 0
P 10 11bec 37 2
P 14 3cbfe 30 5
P 10 189ee 52 3
P 10 1c2fa 12 2
P 10 c8fe 70 0
P 10 2c9f4 49 0
P 10 34a3e 60 3
P 10 10bbe 42 2
P 10 38b3c 56 5
P 10 2c39e 36 5
P 10 383ce 74 1
P 11 349f6 7 2
P 10 3c9c6 27 5
P 10 388fa 43 3
P 10 2caf4 0 5
P 10 3c374 36 0
P 10 1ca7c 15 0
P 10 24abe 31 2
P 10 14bda 29 2
P 10 34b1e 23 0
P 10 283ee 5 2
P 11 3c3ae 59 6
P 10 349d6 38 3
P 10 3c1d6 34 3
P 10 18b7a 12 4
P 10 3cae2 27 2
P 10 3c2bc 2 5
P 10 34bb4 1 3
P 14 3d3fe 29 4
P 10 1d2ea 58 4
P 10 1d36c 56 2
P 10 2937a 32 5
P 10 153f8 70 4
P 10 3539c 24 3
P 10 111fe 62 4
P 11 293ee 37 1
P 10 283ee 19 5
P 10 342f6 53 4
P 10 181fe 75 3
P 10 391f2 51 4
P 10 3c0be 24 5
P 10 350fc 68 0
P 10 3d07c 22 6
P 10 1d31e 78 5
P 10 3931e 79 0
P 11 2d3ce 4 5
P 10 3d386 69 3
P 10 351e6 6 1
P 10 2d3ca 44 5
P 10 393e2 2 3
P 10 3d2e4 37 4
P 10 151fa 74 0
P 10 1d3f0 54 0
P 10 2d2bc 66 5
P 14 3d9fe 27 2
P 10 89fe 68 0
P 10 199bc 43 3
P 10 251de 60 5
P 10 2c1de 57 6
P 11 3197e 21 4
P 10 358e6 51 3
P 10 388be 27 1
P 10 299b6 26 5
P 10 3c1da 63 1
P 10 3c95a 59 2
P 10 350f6 36 6
P 11 3d1f4 66 3
P 10 3d85a 29 1
P 10 1c97c 48 2
P 11 1d95e 72 4
P 10 159ae 63 4
P 10 2d1ae 20 6
P 10 119de 38 6
P 10 359d2 12 4
P 10 3896e 28 1
P 10 349ea 28 2
P 10 3c1f4 64 5
P 10 3d1b4 20 0
P 10 3987a 0 5
P 11 1d9bc 43 1
P 10 3d92c 71 2
P 14 3dafe 26 1
P 10 152ee 71 1
P 10 dad6 27 3
P 10 29ae6 65 1
P 10 2d8ea 21 3
P 10 24afc 38 0
P 10 35af0 15 3
P 10 198be 50 5
P 10 28afc 9 5
P 10 2ca7c 6 4
P 10 192de 63 5
P 10 382be 59 4
P 11 2d0fe 58 3
P 10 3c8d6 53 4
P 10 3507e 36 4
P 10 2d86e 30 1
P 10 39a3a 69 5
P 10 3d836 65 4
P 10 34ace 4 1
P 11 3daca 61 2
P 10 3d2a6 76 6
P 10 3cae4 72 6
P 10 1d8f4 48 4
P 10 1dad8 5 0
P 10 1d2ba 64 6
P 10 5afc 1 4
P 10 2dad4 57 5
P 14 3db7e 25 0
P 10 18a7e 54 0
P 10 14b76 54 2
P 10 2c37a 10 4
P 10 2d33a 46 0
P 10 3187e 65 2
P 11 35a7c 77 0
P 10 39a2e 17 2
P 10 1c35e 76 0
P 10 1cb2e 32 1
P 10 2d366 69 6
P 10 3d156 25 0
P 10 2597a 5 0
P 10 3d968 59 5
P 10 39a3c 76 4
P 10 19a7a 56 3
P 10 1d33c 54 6
P 10 2db1c 9 0
P 10 3495e 26 4
P 11 1cb6e 54 4
P 10 39a66 18 2
P 10 2d176 36 4
P 10 2d336 33 5
P 10 35972 72 1
P 10 3d85a 67 0
P 10 31b3c 7 5
P 11 3db2c 18 3
P 14 3dbbe 24 6
P 10 1d32e 61 2
P 10 1cbaa 57 3
P 11 2d9ba 25 6
P 10 2db94 51 3
P 10 352bc 27 0
P 11 9bbe 71 3
P 10 19b96 41 0
P 10 24abe 19 5
P 10 24bae 57 1
P 10 313ba 14 6
P 10 39336 49 6
P 10 341be 31 4
P 11 3d1ba 74 1
P 10 3d0ae 62 3
P 10 3c8bc 60 5
P 10 1d91e 38 2
P 10 1db16 32 3
P 10 3d28e 74 2
P 10 25ba6 8 3
P 10 3db24 65 6
P 10 35ab2 2 3
P 10 39b94 39 6
P 12 3cbba 34 4
P 10 1db32 55 2
P 10 2c3bc 70 4
P 10 15bb8 27 1
P 14 3dbde 23 5
P 10 19ace 44 1
P 10 d1de 62 4
P 10 d35e 60 6
P 10 259d6 18 1
P 10 3589e 13 0
P 10 21b5e 73 3
P 10 39acc 6 5
P 10 38b1e 26 0
P 10 38b96 22 6
P 11 3c3d6 19 1
P 10 3d38a 56 1
P 10 3c1da 75 1
P 10 2d9d8 69 6
P 10 3d8d4 66 4
P 10 d95e 24 3
P 10 25b1e 61 6
P 10 25b9a 18 3
P 10 35a8e 54 4
P 10 30bce 36 3
P 11 3cbc6 70 2
P 10 3c396 27 6
P 10 3c3d2 23 6
P 10 1d2da 41 2
P 10 3d9c8 57 1
P 10 3d15c 35 1
P 14 3dbee 22 4
P 10 5bce 31 2
P 10 1db4a 9 6
P 10 25ae6 66 5
P 10 29baa 24 3
P 10 31be8 60 5
P 10 35b4c 18 3
P 10 183ee 54 6
P 11 29bea 6 0
P 10 2c9ce 8 3
P 10 349ec 45 1
P 10 192ee 62 4
P 10 1c9e6 61 5
P 10 3c86e 56 4
P 10 258ee 76 2
P 10 3d2ac 50 4
P 10 35a2e 68 0
P 10 39a4e 66 2
P 11 39b8e 55 0
P 10 3db06 57 5
P 10 3c3c6 37 5
P 10 2dbc2 32 4
P 10 3d3c2 73 5
P 10 3d9e0 67 3
P 10 15aea 66 5
P 10 dbe4 23 1
P 10 2da6c 60 5
P 14 3dbf6 21 3
P 10 10bf6 61 1
P 10 19bd4 36 5
P 10 2c3b6 52 4
P 10 2c3e6 50 1
P 11 352f6 71 1
P 10 359d2 4 2
P 10 39176 60 6
P 10 29b74 57 2
P 10 3cab2 13 3
P 10 1d2d6 30 1
P 10 35366 68 5
P 10 2d9e4 65 0
P 10 3d932 63 6
P 10 34af4 79 3
P 11 1dae6 40 3
P 10 1cb56 14 4
P 10 2d372 51 0
P 10 153b6 68 5
P 10 35ba4 45 0
P 10 398d6 59 1
P 10 153e6 78 4
P 10 3cae4 14 4
P 10 2d972 73 5
P 10 39972 71 1
P 11 35b74 52 2
P 10 3da94 63 6
P 14 3dbfa 20 2
P 10 1c3da 21 3
P 10 dbca 18 6
P 10 2d3ca 16 4
P 10 2d9e2 12 6
P 10 259f8 29 5
P 10 35be0 7 6
P 10 19a7a 44 0
P 10 20bfa 63 0
P 10 2cbb8 79 6
P 10 313ba 56 6
P 10 383da 52 6
P 11 391fa 66 3
P 10 3c9ca 48 1
P 10 3c0fa 66 3
P 10 2d8f2 62 4
P 10 3d272 59 2
P 10 3d878 55 2
P 10 3599a 73 4
P 10 1db98 67 2
P 10 3da4a 66 3
P 10 2cbe2 1 5
P 10 1db68 79 5
P 10 35bb0 37 2
P 10 1d3d2 16 2
P 10 cbf8 72 2
P 10 2dbc8 52 2
P 14 3dbfc 19 1
P 10 198fc 45 5
P 10 14bf8 47 4
P 10 2caf4 2 3
P 10 1597c 19 5
P 10 3197c 16 6
P 10 29af8 15 0
P 10 39a9c 8 4
P 10 343bc 27 4
P 10 1cb9c 23 4
P 10 393cc 21 4
P 10 3d1cc 16 3
P 10 2c9f4 35 2
P 10 3d9e0 51 2
P 10 3d278 27 0
P 10 9b7c 67 4
P 10 1da78 5 6
P 10 25b3c 61 4
P 10 34b3c 57 5
P 11 353dc 62 5
P 10 3cb8c 52 3
P 10 3936c 73 5
P 10 2db4c 69 6
P 10 3cbd0 71 2
P 10 1d9f0 10 4
P 10 2d1f8 71 0
P 15 3ddfe 61 6
P 14 1ddfe 76 6
P 10 5d6e 32 4
P 10 59de 20 1
P 11 14dde 12 5
P 10 15da6 22 4
P 10 194ee 77 0
P 10 11de6 76 5
P 10 1c9f2 33 0
P 10 1cd72 30 3
P 10 194fc 6 6
P 13 1d9fe 14 6
P 10 d99e 61 3
P 10 114fe 0 3
P 11 19cde 61 0
P 10 1956e 76 2
P 10 1d16e 72 2
P 10 cd3e 51 0
P 10 1dcb2 67 0
P 10 1d49e 44 6
P 10 19d9a 41 1
P 10 1d9e8 1 1
P 10 9d76 42 3
P 10 18d76 42 5
P 10 15d78 43 1
P 10 1dd2a 3 5
P 10 185fc 10 2
P 11 1d5ec 12 0
P 14 2ddfe 75 5
P 10 d9ba 32 1
P 10 d5f8 70 0
P 10 2597c 18 6
P 10 9d5e 36 3
P 10 2953e 31 1
P 11 24dde 7 3
P 10 2cd96 65 6
P 10 294ee 42 6
P 10 255e6 0 3
P 10 2c9f2 36 5
P 10 2d972 73 2
P 10 294fc 51 5
P 10 25cf8 15 1
P 10 29c5e 27 6
P 10 c5be 47 4
P 11 2d53e 15 0
P 10 259ce 39 1
P 10 2d19e 37 4
P 10 9dae 16 2
P 10 2dd4a 31 1
P 10 2ccf2 50 0
P 10 29de4 9 0
P 10 299f2 72 3
P 10 2cd78 69 2
P 10 29cdc 11 1
P 14 35dfe 74 4
P 10 115f6 63 3
P 10 1555e 58 3
P 10 20dee 0 2
P 10 25dcc 18 5
P 10 315b6 34 0
P 10 315f2 72 6
P 11 349fc 9 6
P 10 34dd8 28 6
P 10 1517e 63 0
P 11 119fe 53 1
P 10 259b6 57 0
P 10 24c7e 77 6
P 10 24cde 75 0
P 10 3157a 72 6
P 10 3552e 66 4
P 10 30d3e 47 4
P 11 35d36 56 0
P 10 3558e 38 1
P 10 3559a 36 4
P 10 159e6 54 6
P 10 35dc4 29 3
P 10 358f4 8 0
P 10 55fa 54 6
P 10 34db2 69 4
P 10 31c7c 8 4
P 10 31d5c 5 6
P 14 39dfe 73 3
P 10 195f2 66 2
P 10 19d72 24 1
P 10 20cfe 22 4
P 10 21df8 5 1
P 10 31c5e 22 1
P 10 185be 3 2
P 11 38d9e 58 0
P 10 295ce 77 2
P 10 391ce 33 3
P 10 119f6 52 4
P 10 399e2 26 2
P 10 38c7a 2 3
P 10 31cf4 42 3
P 10 39578 78 5
P 10 19d3c 56 4
P 10 28cbe 71 5
P 10 11ddc 71 0
P 10 31d4e 64 4
P 10 291ee 44 4
P 10 195ae 41 5
P 10 319e6 39 5
P 10 398d6 33 3
P 10 28dda 54 4
P 10 39da8 70 5
P 10 2997c 33 6
P 10 30df8 71 5
P 14 3cdfe 71 1
P 10 18d7a 9 2
P 10 c9be 68 2
P 10 289be 65 2
P 10 24cfc 25 0
P 10 34cce 17 2
P 10 309be 76 5
P 10 18dae 72 4
P 10 385d6 72 3
P 10 3c4d6 66 0
P 10 2c1f6 45 1
P 10 3c9e8 60 0
P 10 3c8ba 77 4
P 10 38cf8 76 1
P 12 3cd3e 30 1
P 10 cd9e 29 3
P 10 2c59e 65 4
P 11 30dde 13 1
P 10 34dc6 58 3
P 10 384ee 38 4
P 10 2c5e6 35 4
P 10 3c1f2 31 1
P 10 3c972 27 2
P 10 349ba 8 2
P 11 3cdb8 16 1
P 10 3cc9c 79 5
P 14 3d5fe 70 0
P 10 c5fa 39 6
P 11 1d5bc 22 3
P 10 255dc 33 6
P 10 d1ee 11 4
P 11 245fe 29 3
P 10 255e6 6 5
P 10 3117e 18 3
P 10 285fa 62 5
P 10 384fa 54 2
P 10 3c1bc 55 4
P 10 3507e 74 1
P 10 1d47c 33 1
P 10 3d42e 25 3
P 10 2c55e 6 1
P 10 1d54e 41 1
P 10 355a6 78 6
P 10 3d1a6 35 1
P 10 295da 53 1
P 10 3d5d0 27 6
P 10 3c56c 44 4
P 10 195ec 24 4
P 10 1d4f4 59 4
P 10 195ba 77 0
P 10 3857a 73 0
P 11 2d1fc 5 6
P 10 3c5ac 27 2
P 14 3d9fe 69 6
P 10 191be 31 6
P 10 d9ae 26 5
P 10 2c9d6 23 3
P 10 2d8d6 19 4
P 10 251f6 78 5
P 10 359e8 13 4
P 10 398ba 67 5
P 10 389f8 66 4
P 12 3c9be 63 3
P 10 d1de 62 0
P 10 2c1de 19 2
P 11 318fe 18 5
P 10 358e6 13 5
P 10 3887e 32 3
P 10 2c976 29 3
P 10 3c1ba 26 2
P 10 3d13a 21 1
P 10 3515e 3 3
P 11 3d95c 22 6
P 10 3d88e 72 3
P 10 1c9d6 10 2
P 10 1d966 46 4
P 10 2d9ca 4 2
P 10 3d1b2 41 5
P 10 99fc 1 4
P 10 1d9e4 58 6
P 14 3dcfe 67 4
P 10 1947e 14 6
P 10 14cfa 15 2
P 10 2c8fa 51 4
P 10 2d4bc 7 0
P 10 3187e 23 1
P 10 19c7c 24 2
P 10 39c2e 16 4
P 10 2c4de 37 0
P 10 1ccce 73 1
P 10 354e6 30 6
P 10 3d0e6 67 1
P 10 298fa 5 1
P 10 3d8f0 59 6
P 10 3cc3c 77 1
P 10 19c7c 58 2
P 10 1d8bc 15 6
P 10 15c9e 70 2
P 10 34c5e 66 2
P 11 2ccee 53 4
P 10 39ca6 58 0
P 10 350f6 78 5
P 10 2d4d6 74 5
P 10 398f2 72 5
P 10 3d86a 66 3
P 10 34cbc 47 3
P 11 3dcb4 17 3
P 14 3dd7e 66 3
P 10 1d92e 21 1
P 10 1cd6c 18 3
P 11 2dc7a 24 6
P 10 15d5a 31 4
P 10 3553c 67 5
P 11 11d7e 70 3
P 10 19d66 2 0
P 10 28c7e 60 5
P 10 24d76 18 1
P 10 3457a 54 4
P 10 3953a 9 5
P 10 3417e 70 2
P 11 3d17c 74 3
P 10 3d06e 21 4
P 10 1cc3e 1 5
P 10 1dc1e 40 1
P 10 2dd16 34 6
P 10 3d50e 34 0
P 10 25d66 50 4
P 10 3dd44 25 4
P 10 39c72 43 3
P 10 39d64 0 6
P 12 3d57a 75 4
P 10 1dd38 14 6
P 10 2c97c 31 4
P 14 3ddbe 65 2
P 10 9dbc 11 2
P 10 19d2e 5 1
P 10 251be 23 3
P 10 d59e 20 4
P 10 319b6 17 3
P 10 358ae 12 2
P 10 28d3e 32 6
P 10 39cb4 47 5
P 10 3c51e 26 6
P 10 38d9a 24 2
P 11 3d1b6 59 4
P 10 3d58c 16 0
P 10 3c8ba 73 5
P 10 dcbc 49 0
P 10 3dc34 26 2
P 10 1593e 66 4
P 10 25d2e 21 4
P 10 29d9a 20 2
P 10 35c96 56 3
P 10 30dae 74 2
P 11 3cdaa 69 2
P 10 3c596 26 2
P 10 3c5b4 64 6
P 10 1d8ba 2 2
P 10 1dcac 37 2
P 10 3d43c 76 1
P 14 3ddde 64 1
P 10 5dce 34 6
P 10 1dd8a 11 2
P 10 29cd6 27 5
P 10 29dca 64 1
P 10 34dd8 20 3
P 10 35d54 58 1
P 10 189de 15 6
P 11 29ddc 5 0
P 10 2ccce 48 2
P 10 191de 26 3
P 10 1955e 23 4
P 10 2c9d6 61 6
P 10 3c89e 56 5
P 10 258de 77 0
P 10 3d4cc 10 2
P 10 39c1e 29 0
P 10 39c56 26 0
P 11 3cd8e 14 2
P 10 3dd0a 17 4
P 10 3c5c6 40 5
P 10 2ddc4 34 3
P 10 3d9c2 33 4
P 10 1d9d8 48 5
P 10 15d5a 27 5
P 10 15dd4 64 1
P 10 2dc9c 21 5
P 14 3ddee 63 0
P 10 10dee 19 0
P 10 19de4 76 3
P 10 2c5ae 52 1
P 10 2c5ea 10 6
P 11 358ee 70 1
P 10 359cc 4 6
P 10 3946e 21 6
P 10 cdae 78 2
P 10 3cd2a 54 3
P 10 2d4ce 71 1
P 10 355a6 70 1
P 10 359e4 26 4
P 10 3d94a 63 0
P 10 38cec 40 3
P 11 1dcea 0 6
P 10 1d54e 55 4
P 10 2d56c 12 0
P 10 159ae 29 5
P 10 19dc6 24 0
P 10 398ce 22 3
P 10 255e6 0 3
P 10 3cd64 16 3
P 10 3596a 73 2
P 10 399aa 71 5
P 11 39d6c 51 2
P 10 3dc8c 25 0
P 14 3ddf6 62 6
P 10 1c5d6 63 4
P 10 ddd2 58 4
P 10 2d9c6 57 4
P 10 2d9e4 53 5
P 10 25cf4 70 5
P 10 19de4 28 3
P 10 19cb6 5 0
P 10 20df6 63 4
P 10 2cdd4 40 6
P 10 315b6 56 3
P 10 385e6 13 6
P 11 3c1f6 27 1
P 10 3c9d2 47 0
P 10 3c4b6 71 6
P 10 2dcb4 65 4
P 10 3d952 62 3
P 10 1d9a6 79 6
P 10 35cb2 77 6
P 10 2ddd0 32 0
P 10 3dc54 71 6
P 10 18de6 27 3
P 11 2ddc6 73 1
P 10 34db2 23 4
P 10 3c5e2 63 2
P 10 1d4f4 41 5
P 10 3dcd0 20 3
P 14 3ddfa 61 5
P 10 1d4da 58 0
P 10 5dea 73 3
P 10 2dd62 51 6
P 10 25cf2 67 3
P 10 31db8 65 2
P 10 31df0 24 1
P 10 19d6a 1 5
P 10 285fa 58 6
P 11 34df2 43 0
P 10 351da 50 4
P 10 391f8 7 1
P 10 1c8fa 64 6
P 10 1d4ea 23 5
P 10 3d07a 61 2
P 10 25d3a 39 0
P 10 3dc38 13 2
P 10 35c9a 33 0
P 10 39d8a 70 3
P 11 39dd8 51 2
P 10 3dd48 66 2
P 10 345ea 25 6
P 10 19de8 61 1
P 10 3d992 27 2
P 10 d5f8 70 6
P 10 1dc78 36 0
P 14 3ddfc 60 4
P 10 19d9c 16 6
P 10 1d59c 13 1
P 10 cdec 69 5
P 10 2ddc4 6 0
P 10 354f4 61 3
P 10 31df0 20 3
P 10 399f0 57 5
P 10 cd7c 56 0
P 10 28d7c 53 1
P 10 255f8 52 2
P 10 3559c 45 6
P 10 341fc 64 3
P 10 1c9dc 60 3
P 10 394ec 19 2
P 10 3d0ec 15 2
P 10 2cc7c 33 4
P 10 3d970 8 1
P 10 3d43c 26 3
P 10 39d38 23 5
P 11 3d9cc 19 2
P 10 1dd4c 35 4
P 10 3cce4 33 4
P 10 ddf0 48 6
P 10 3dd50 27 4
P 10 199f8 25 5
P 10 25dd8 62 2
P 15 3defe 60 5
P 14 1defe 37 2
P 10 dada 34 1
P 10 daf8 72 0
P 11 11e7e 65 4
P 10 8eee 31 1
P 10 194be 67 3
P 10 4cfe 7 4
P 10 1cada 22 2
P 10 1963e 39 4
P 10 1966e 37 6
P 10 1cabc 34 4
P 10 1da96 29 4
P 10 1c4ee 7 4
P 10 dcf2 43 0
P 10 1da6c 43 1
P 10 5abe 2 4
P 10 9e3e 40 2
P 10 156d6 39 6
P 10 1d49e 36 1
P 10 11e6e 15 6
P 10 1dccc 70 3
P 10 1ce56 48 6
P 10 1cec6 45 2
P 10 daf8 30 4
P 10 19eb8 28 4
P 10 1cc7c 50 4
P 14 2defe 36 1
P 10 5ebc 69 6
P 10 9e9e 56 2
P 10 242fe 74 3
P 11 25aee 65 1
P 10 2966e 70 2
P 10 29a76 68 6
P 10 cade 6 3
P 10 2ceb2 23 5
P 10 2d46e 77 0
P 10 296ec 76 5
P 10 2da74 71 6
P 10 dcba 8 5
P 10 2ccbc 44 6
P 10 28e7c 72 4
P 10 2ce4e 66 2
P 10 2c4be 4 4
P 10 dcb6 1 6
P 10 2d656 38 6
P 10 2da5a 36 2
P 10 25ae6 14 6
P 10 2dec8 70 4
P 10 2dc74 48 1
P 10 20efa 47 6
P 10 25eb8 66 2
P 10 29abc 5 2
P 10 2ccdc 43 0
P 14 35efe 35 0
P 10 5afa 54 5
P 10 11eba 52 6
P 10 24cde 75 3
P 11 25edc 65 6
P 10 31e4e 29 0
P 10 14af6 7 5
P 10 14eba 44 0
P 10 256ea 2 6
P 10 354dc 37 6
P 10 4afe 76 6
P 10 15af2 53 2
P 10 254be 67 3
P 10 30cfa 66 4
P 10 31a7c 65 0
P 10 34e5c 62 6
P 10 344be 79 3
P 11 15e5e 40 1
P 10 35c56 31 2
P 10 25ace 12 3
P 10 25ea6 10 2
P 10 31ee2 8 1
P 10 35cd4 45 5
P 10 252fa 50 3
P 10 356f0 66 4
P 10 35a3c 5 3
P 10 34eb8 2 6
P 14 39efe 34 6
P 10 19e78 25 5
P 10 21abe 29 4
P 10 28cde 66 0
P 10 30e7c 25 1
P 10 31e4e 21 3
P 10 382de 78 4
P 10 18ed6 77 2
P 10 392e6 72 4
P 10 394ea 70 1
P 10 298fa 47 6
P 10 39af0 64 1
P 10 39c3c 37 1
P 10 8e7e 38 3
P 10 19e5c 16 5
P 10 21e9e 32 3
P 10 316ae 68 4
P 11 386de 50 5
P 10 38ec6 64 3
P 10 390ee 2 5
P 10 29cea 79 0
P 10 39ab2 77 3
P 10 39cb4 75 6
P 10 11e7a 77 4
P 10 28ef4 0 3
P 10 38e3c 74 1
P 14 3cefe 32 4
P 10 10e7e 37 6
P 10 1ccec 11 1
P 10 2c69e 68 3
P 10 2c6d6 65 6
P 11 34af6 56 0
P 10 34eca 60 0
P 10 388fa 35 3
P 10 28ef8 33 0
P 10 3c674 30 6
P 10 ca7e 68 0
P 10 24ade 26 3
P 10 24cfa 64 2
P 10 34cae 18 1
P 10 3067e 43 5
P 11 3c676 23 6
P 10 3c2ae 31 4
P 10 3c2ba 29 0
P 10 1ca5e 47 2
P 10 3ccd4 22 6
P 10 3c8ae 41 2
P 10 14ed6 56 4
P 10 3ce54 32 5
P 10 2ce72 10 6
P 10 38eb8 9 6
P 10 18ef8 30 3
P 10 2ceac 65 4
P 14 3d6fe 31 3
P 10 182fe 62 5
P 11 1c6fa 36 1
P 10 2d0ee 18 6
P 10 2d0fc 57 6
P 10 1563e 74 5
P 10 196b6 31 3
P 10 3949e 67 4
P 10 246ee 46 3
P 10 3c6cc 21 2
P 10 352b6 79 0
P 10 392ea 37 3
P 11 394fc 5 1
P 10 3d4d4 29 1
P 10 1c27e 29 0
P 10 d67c 66 4
P 10 2d4b6 21 5
P 10 194de 78 4
P 10 2965e 75 5
P 10 2c6ea 33 0
P 10 3c62e 28 6
P 10 314f6 48 4
P 11 3d4d6 56 3
P 10 3965a 1 5
P 10 3c66a 78 6
P 10 1c6f4 56 3
P 10 3d6c4 74 5
P 14 3dafe 30 2
P 10 d27e 55 2
P 11 9afe 23 4
P 10 25ab6 48 1
P 10 24a7e 66 5
P 10 24ade 64 6
P 10 312fa 62 0
P 10 392ae 55 3
P 10 30a7e 0 0
P 11 3ca76 26 3
P 10 3c2ae 69 1
P 10 3c2ba 67 3
P 10 1d0ee 5 2
P 10 3d8d4 20 0
P 10 3d076 40 0
P 10 15aba 54 1
P 10 3da38 30 2
P 10 2da5c 47 0
P 10 19ace 26 5
P 10 19aec 64 4
P 10 2daa6 19 4
P 10 342f6 35 1
P 10 19af2 72 4
P 10 3c2ea 31 0
P 10 3d0f8 67 2
P 10 2d87c 47 1
P 14 3dcfe 29 1
P 10 dcd6 26 6
P 10 1d8ae 64 3
P 10 21cf6 79 6
P 10 2dcd4 56 1
P 10 31cba 72 5
P 10 34cec 29 1
P 12 394fe 26 6
P 10 19cda 45 4
P 10 2c0fe 22 6
P 10 14cfc 60 4
P 10 35476 13 1
P 10 1c87e 31 5
P 10 2c8be 29 6
P 10 2d47a 29 5
P 10 3d41e 22 1
P 10 31c3e 5 5
P 11 3dc2e 20 1
P 10 39c8e 76 2
P 10 3cc96 73 2
P 10 1cce6 11 5
P 10 3dcc2 65 0
P 10 3d0f2 5 5
P 10 35cf0 0 4
P 10 3d8f0 79 5
P 10 dc7c 34 0
P 10 29cbc 72 4
P 14 3de7e 27 6
P 10 11e7a 11 5
P 10 19e2e 46 6
P 10 2867e 66 3
P 11 2d676 77 5
P 10 3526e 57 0
P 10 3527a 55 3
P 10 19a3e 34 1
P 10 39c74 48 2
P 10 3c85e 69 0
P 10 1566e 4 2
P 10 3d62c 59 1
P 10 2da36 76 0
P 10 39a5a 34 3
P 11 35c7c 48 1
P 10 3dc4c 26 1
P 10 1c63e 67 0
P 10 de3a 24 3
P 10 2d656 60 6
P 10 35a5c 18 3
P 10 29a6e 35 1
P 10 1ce72 71 6
P 10 3cc36 67 1
P 10 29a7a 45 0
P 11 3da3a 19 2
P 10 35c5c 37 5
P 10 3cc5c 34 6
P 14 3debe 26 5
P 11 1ceae 63 0
P 10 1de86 11 4
P 10 2d2b6 68 3
P 10 25eb2 64 4
P 10 35ab2 62 3
P 10 35cb8 59 5
P 10 11e3e 57 5
P 10 ceba 55 1
P 10 2ce1e 10 1
P 10 306be 68 3
P 11 396ae 75 1
P 10 38aae 22 5
P 10 3c2b6 18 4
P 10 1c8be 76 5
P 10 3d4b2 11 3
P 10 3d03e 31 4
P 10 35c3c 26 3
P 10 3da1c 25 4
P 10 1dc8e 3 3
P 10 39ca6 2 5
P 11 2deb2 43 0
P 10 3de12 73 1
P 10 356b8 9 4
P 10 deaa 67 2
P 10 1ceac 24 5
P 10 2dab4 62 3
P 14 3dede 25 4
P 10 9ade 60 6
P 10 19ed4 38 3
P 10 2cc5e 13 0
P 10 11ade 71 0
P 10 3565c 7 6
P 10 29c9e 64 6
P 10 38c9e 60 6
P 11 34e9e 58 3
P 10 3ce46 53 4
P 10 392ce 74 4
P 10 2d6c6 69 2
P 10 3cad2 66 1
P 10 3d8d2 63 2
P 10 354dc 41 3
P 13 3de5e 22 2
P 10 1dc1e 16 3
P 10 24e9e 72 0
P 11 35e1e 69 3
P 10 31e8e 28 0
P 10 3968e 24 1
P 10 196d6 42 3
P 10 3cec2 56 0
P 10 3c8da 34 0
P 10 35ad2 31 2
P 10 3d4d8 28 0
P 10 3dc58 24 1
P 14 3deee 24 3
P 10 19cce 25 4
P 10 decc 61 6
P 10 2de26 58 4
P 10 256ea 74 1
P 10 15eac 31 4
P 10 31ecc 69 2
P 10 19ae6 46 5
P 10 c6ee 24 1
P 10 2cee2 1 4
P 10 3526e 15 5
P 10 316ec 55 5
P 10 398ec 10 6
P 10 1d4ae 27 0
P 10 3946e 25 2
P 11 2dc6e 56 6
P 10 3da26 56 4
P 10 3562e 77 3
P 10 2de0e 72 2
P 10 39e8a 69 1
P 10 3da86 66 1
P 10 34ee2 6 6
P 11 3dee0 58 4
P 10 3d668 79 5
P 10 ceec 76 4
P 11 2dcec 24 1
P 14 3def6 23 2
P 10 11eb6 53 5
P 10 196b6 49 6
P 11 296f6 30 3
P 10 2cec6 4 2
P 10 348f6 59 5
P 10 25ae6 58 3
P 10 394f2 53 5
P 10 39c72 49 6
P 10 34ab6 30 2
P 11 3ceb4 74 1
P 10 3d496 22 0
P 10 1cae6 38 3
P 10 1da72 35 1
P 10 15cd6 17 1
P 10 2d4d6 54 4
P 10 11e76 32 1
P 10 35e62 7 1
P 10 38cb6 24 5
P 10 34eb2 22 4
P 10 3c6d4 58 0
P 10 3d654 15 3
P 10 398e6 74 5
P 11 1deb2 48 3
P 10 3dc92 71 5
P 10 2d6f0 7 4
P 10 deb4 69 4
P 14 3defa 22 1
P 10 14eda 7 5
P 10 19aea 45 4
P 10 c6fa 22 2
P 10 2cee2 1 1
P 10 3527a 13 6
P 10 31af8 52 5
P 10 398f8 8 0
P 10 1ce3a 66 0
P 10 38e3a 25 5
P 11 2d6da 58 1
P 10 3d68a 16 2
P 10 352ea 34 1
P 10 2dad2 70 3
P 10 39ce8 30 0
P 10 1d8f2 9 6
P 10 2567a 65 0
P 10 2de70 43 3
P 10 35a3a 58 6
P 10 18eda 76 0
P 11 3ccda 26 3
P 10 2d6aa 69 6
P 10 3c66a 66 1
P 10 15cf2 42 6
P 10 3dca2 20 3
P 10 39ad8 40 0
P 10 35ed0 38 0
P 14 3defc 21 0
P 10 1d6e8 57 2
P 10 dcf8 39 3
P 10 21cfc 53 3
P 10 11ef4 52 3
P 10 31e3c 45 0
P 10 286fc 64 4
P 11 396bc 38 0
P 10 34adc 19 3
P 10 3c2dc 15 3
P 10 1967c 34 0
P 10 3d4e4 8 2
P 10 3c8bc 26 4
P 10 35ab4 23 6
P 10 3d4d8 20 4
P 10 3dc58 16 5
P 10 39a74 35 4
P 11 1deb8 50 5
P 10 3dc98 27 2
P 10 156dc 25 2
P 10 de9c 63 0
P 10 29ecc 20 3
P 10 35acc 57 0
P 10 28ef4 72 1
P 10 39ee0 50 6
P 10 3c678 25 2
P 10 396f0 65 3
P 15 3df7e 59 4
P 14 1df7e 78 5
P 10 dc7a 23 6
P 10 1e7e 29 2
P 10 11e5e 34 0
P 10 18f3a 72 0
P 10 19e2e 70 4
P 10 1876e 7 0
P 11 1cf66 55 3
P 10 1d356 79 5
P 10 1d372 76 1
P 10 d97c 52 5
P 10 1db68 71 2
P 10 d93e 29 3
P 10 4e7e 9 3
P 10 19e5a 63 5
P 10 1963e 43 1
P 10 1972e 39 1
P 10 1cd5c 77 2
P 10 1dd16 73 3
P 10 1c74e 52 1
P 10 df4a 47 1
P 10 1db54 9 3
P 10 9b7a 8 1
P 10 d67a 49 0
P 10 15d6c 7 0
P 10 1db1c 8 0
P 14 2df7e 77 4
P 11 c77e 21 3
P 10 d766 56 3
P 10 2197e 27 3
P 10 4f7c 28 0
P 10 28e76 62 6
P 10 ca7e 0 5
P 10 24b3e 76 4
P 10 2557a 74 4
P 10 2d51e 68 2
P 10 28b3e 7 6
P 11 2db2e 55 4
P 10 2cd4e 79 3
P 10 2d556 77 6
P 10 d67a 15 1
P 10 2de62 32 2
P 10 2d93c 49 6
P 10 1f5e 50 0
P 10 25e5a 67 1
P 10 2566e 45 4
P 10 2972e 42 6
P 10 29e74 41 3
P 10 2de16 37 4
P 10 c77a 41 1
P 11 25f72 17 0
P 10 2db1c 45 3
P 10 2d738 43 0
P 14 35f7e 76 3
P 10 5f3c 10 1
P 10 20f5e 67 4
P 10 24b5e 63 5
P 11 30b7e 16 5
P 10 31766 18 4
P 10 3447e 34 6
P 10 24d76 34 5
P 10 3527a 29 0
P 10 3563a 25 2
P 10 3195e 44 4
P 11 35b5c 58 4
P 10 35c4e 36 2
P 10 15676 53 0
P 10 15e3a 9 1
P 10 25f2a 8 6
P 10 35b1c 44 0
P 10 4f5e 2 6
P 10 15f52 59 2
P 10 2566e 75 5
P 10 30f6a 72 4
P 10 34b74 32 0
P 10 35734 69 4
P 10 34c7a 7 6
P 11 15f3c 34 2
P 10 35e4c 44 1
P 14 39f7e 75 2
P 10 10b7e 65 0
P 11 18f6e 70 1
P 10 2876e 62 0
P 10 29576 20 6
P 10 11b76 4 2
P 10 31f62 21 4
P 10 38c7a 78 5
P 10 30f78 77 3
P 10 39678 73 6
P 10 9b3e 30 5
P 10 28b5e 66 6
P 10 21d7c 26 0
P 10 31d4e 60 6
P 10 3827e 38 3
P 10 19676 36 6
P 10 39336 73 2
P 10 3993a 70 4
P 10 29a5e 48 4
P 10 39d58 64 4
P 10 39c2e 2 6
P 10 18f66 57 3
P 11 39e72 42 0
P 10 21f3a 78 5
P 10 3175a 34 0
P 11 38f3c 40 2
P 10 39e4c 35 5
P 14 3cf7e 73 0
P 10 1c36e 33 1
P 10 cf6a 30 4
P 10 2cd66 27 1
P 10 2cd74 24 4
P 10 4f3e 63 6
P 10 8f76 21 5
P 10 28e5e 56 5
P 10 2077e 39 1
P 10 3476c 52 3
P 10 3835e 31 3
P 10 38376 29 4
P 11 3c47e 13 0
P 10 3c96a 20 1
P 10 3c23e 0 0
P 10 2ce3c 76 1
P 10 3cd1a 33 4
P 10 1cd4e 50 1
P 10 34e56 8 6
P 10 2cf64 43 0
P 10 3ce2a 1 4
P 10 34774 15 6
P 11 1cf66 63 4
P 10 1c75a 30 6
P 10 2cb72 68 5
P 10 18b7c 45 3
P 10 38f68 24 2
P 14 3d77e 72 6
P 10 1d07e 22 1
P 10 567e 0 2
P 10 2d53a 15 6
P 10 2563e 35 5
P 10 3171e 30 3
P 10 3175c 29 5
P 10 3970e 23 2
P 10 38376 41 2
P 10 1c772 78 4
P 10 3c36a 76 0
P 10 3d178 32 2
P 10 d47e 70 0
P 10 d676 68 0
P 10 2d43e 63 5
P 10 2173e 3 0
P 10 3571c 17 3
P 10 3471e 36 1
P 10 3874e 33 1
P 11 3956e 7 2
P 10 3d346 66 2
P 10 3c276 43 2
P 10 2d672 39 2
P 10 3d332 77 3
P 10 3d538 74 5
P 10 3556c 51 4
P 14 3db7e 71 5
P 10 db72 69 6
P 10 1da3c 67 5
P 10 8b7e 24 4
P 10 db6c 3 1
P 10 3435e 62 3
P 10 34376 60 6
P 11 3927e 20 1
P 10 3996a 14 1
P 10 3c13e 73 1
P 10 2cb3c 70 4
P 10 3d25a 65 6
P 10 1d86e 43 3
P 10 35936 0 5
P 10 2da74 37 3
P 10 3da1a 72 3
P 10 34b3c 51 2
P 11 1db36 29 4
P 10 1cb4e 65 2
P 10 2d35a 23 6
P 10 1536e 40 4
P 10 39b64 57 1
P 10 3c876 33 6
P 10 15a7a 13 5
P 10 3d878 29 5
P 10 2da6c 50 0
P 10 39b34 7 3
P 14 3dd7e 70 4
P 10 19d78 68 4
P 10 dd36 6 4
P 10 2457e 22 0
P 11 29d7a 38 2
P 10 3196e 15 6
P 10 3497c 14 0
P 10 1947e 30 2
P 10 1c976 68 0
P 10 3c83e 62 4
P 10 2553e 44 0
P 10 3d45c 17 0
P 10 3591e 36 5
P 10 3994e 33 5
P 11 39c76 7 2
P 10 3dc46 66 2
P 10 3c53a 5 2
P 10 2dd38 41 4
P 10 3d554 78 1
P 10 d96e 77 2
P 10 25c6e 73 3
P 10 25d72 70 1
P 10 35c36 66 1
P 10 30d7a 5 5
P 11 3cd5a 59 5
P 10 3955c 77 3
P 10 3c56c 74 4
P 14 3de7e 69 3
P 11 1d63e 23 3
P 10 1dc6a 49 3
P 10 2d25e 29 2
P 10 25e5c 24 2
P 10 35c6a 21 0
P 10 19c76 38 4
P 10 31e3a 74 5
P 10 2ce78 72 2
P 10 3ce1c 27 2
P 10 1867e 67 5
P 11 2d676 35 4
P 10 2ca6e 59 2
P 10 3527a 17 6
P 10 1947e 34 4
P 10 39c74 10 5
P 10 3c83e 70 4
P 10 15a5e 46 1
P 10 3d45c 63 3
P 10 2dc2e 38 6
P 10 39c2e 36 1
P 11 35e56 4 4
P 10 3de06 29 4
P 10 3966a 8 6
P 10 2de62 44 1
P 10 3ce64 1 4
P 10 3da70 39 2
P 14 3df3e 67 1
P 10 5d3e 18 6
P 10 5f36 16 5
P 10 25c3e 13 0
P 10 20f3e 30 1
P 10 31f1c 4 2
P 10 3171e 22 6
P 10 3872e 18 5
P 11 38d3e 60 6
P 10 3cb26 52 3
P 10 3c23e 30 4
P 10 2d63a 26 4
P 10 3d31a 25 2
P 10 3d91c 22 3
P 10 35936 0 4
P 10 1de34 34 3
P 10 3dc1a 71 1
P 10 2cf1c 9 1
P 11 1df0e 71 2
P 10 19f0e 25 4
P 10 2d726 61 5
P 10 14f36 78 3
P 10 35f22 55 5
P 10 3953a 71 2
P 10 34f38 69 1
P 10 3cb38 26 5
P 14 3df5e 66 0
P 10 dc5e 64 2
P 10 19c5e 62 6
P 10 25e5c 58 2
P 10 2de0e 52 1
P 10 3174e 32 0
P 10 15f46 69 3
P 10 38f46 25 5
P 10 39b52 63 3
P 10 2c75c 40 5
P 10 3cf50 18 2
P 10 1d45e 55 0
P 10 11b5e 32 6
P 10 2da5c 49 0
P 10 29d1e 25 5
P 10 38d1e 21 5
P 11 3565e 58 3
P 10 3ce46 53 4
P 10 3931e 75 1
P 10 2db16 69 5
P 10 3cd4a 27 3
P 10 3d94a 25 5
P 10 35716 43 1
P 11 3df14 62 2
P 10 3da4a 78 4
P 10 1cf54 11 3
P 10 1dd58 49 2
P 14 3df6e 65 6
P 10 15f2c 68 4
P 10 d74e 8 0
P 11 24f6e 74 3
P 10 25f46 2 6
P 10 3156e 16 0
P 10 24f6a 16 2
P 10 38b6a 51 3
P 10 3966c 9 1
P 10 3496e 67 4
P 10 1d56c 63 1
P 10 3d44e 58 1
P 10 2cb2e 77 4
P 10 1db0e 33 6
P 10 35d46 69 2
P 10 3d546 69 3
P 10 29e6a 5 0
P 10 3de60 59 5
P 10 3cd2c 39 4
P 10 19f2c 17 2
P 10 1db4c 54 6
P 10 15e66 72 3
P 10 34d66 68 5
P 11 2cf6a 53 2
P 10 39e4a 62 5
P 10 3536c 78 4
P 10 2d72c 75 6
P 14 3df76 64 5
P 10 1cd66 54 3
P 10 1d966 52 0
P 10 25736 68 6
P 10 2de70 43 3
P 10 35a56 62 6
P 10 34f54 57 6
P 11 39d72 63 1
P 10 1cf32 73 3
P 10 3c674 30 0
P 11 15776 69 6
P 10 1d746 45 1
P 10 29976 61 5
P 10 25b66 19 2
P 10 34d72 54 3
P 10 39c72 11 6
P 10 34676 70 1
P 11 3d674 74 1
P 10 3d316 22 4
P 10 1cd56 79 2
P 10 1dc56 37 1
P 10 2de46 73 2
P 10 3d626 73 5
P 10 25f52 48 4
P 10 3df10 24 6
P 10 39d64 42 4
P 10 39f50 40 4
P 14 3df7a 63 4
P 10 1d770 59 6
P 10 de78 79 2
P 10 24d7a 13 3
P 10 11f78 12 3
P 10 31e5a 7 3
P 10 2937a 24 4
P 10 1973a 21 5
P 10 34b6a 60 4
P 10 3c95a 55 3
P 10 2967a 34 5
P 10 3d568 48 2
P 10 3ca3a 67 5
P 10 39b32 64 0
P 11 3d56a 19 0
P 10 3dd18 56 4
P 10 3ca72 34 5
P 10 df38 49 6
P 10 3dd28 29 6
P 10 15b5a 66 3
P 10 25f1a 23 0
P 10 29f62 60 3
P 10 39d4a 59 4
P 10 34772 76 4
P 11 3d762 67 2
P 10 3d338 29 1
P 10 3cd70 68 1
P 14 3df7c 62 3
P 11 1dd5c 71 1
P 10 df1c 24 4
P 10 2d66c 61 1
P 10 5f74 77 4
P 10 35f24 54 6
P 10 31d78 70 3
P 10 11f6c 10 5
P 10 1c774 7 5
P 10 2ce74 45 4
P 10 3137c 60 5
P 11 39778 41 5
P 10 3995c 52 3
P 10 1c57c 71 6
P 10 1d47c 67 0
P 10 2da6c 64 5
P 10 3d23c 61 6
P 10 25e3c 79 5
P 10 3dd18 14 3
P 10 39d1c 34 1
P 10 39f0c 29 0
P 11 3cf64 13 6
P 10 3de44 24 1
P 10 3c770 40 1
P 11 df78 59 0
P 10 1dd58 17 0
P 15 3dfbe 58 3
P 14 1dfbe 39 1
P 10 93be 76 4
P 11 d79e 63 1
P 10 14bae 70 3
P 10 159ae 67 6
P 10 973e 5 0
P 10 19f32 63 5
P 10 1caae 41 4
P 10 18faa 39 1
P 10 1d5b4 35 4
P 10 1d734 33 1
P 10 1cabc 8 4
P 12 15dbe 5 4
P 10 15d8e 24 3
P 10 192be 4 3
P 10 d6ae 0 3
P 10 1cb36 77 1
P 10 1d936 74 3
P 10 1569e 12 1
P 10 1dd98 28 1
P 10 1da2e 6 1
P 10 1cf2c 1 1
P 11 1dda6 39 5
P 10 df2a 56 5
P 10 1d6b2 13 3
P 10 5fb8 27 3
P 10 df8c 71 6
P 14 2dfbe 38 0
P 10 d3b6 39 5
P 10 5fb2 77 4
P 10 25baa 75 5
P 10 25db8 33 4
P 10 1ebe 74 2
P 10 8fb6 32 0
P 10 28e3e 27 6
P 10 213be 6 4
P 10 2c79c 61 0
P 10 2999e 78 2
P 10 2c9ae 75 3
P 11 2cd3e 46 3
P 10 2dca6 68 2
P 10 2d2ae 47 0
P 10 25eaa 43 1
P 10 2db32 40 6
P 10 2dd34 38 2
P 10 29d9c 55 6
P 10 dfa8 12 2
P 10 25e2e 74 2
P 10 28bb6 11 6
P 11 2db96 10 1
P 10 2cf1a 6 3
P 10 2d72a 4 0
P 11 dbbc 50 3
P 10 df98 27 1
P 14 35fbe 37 6
P 10 1569e 34 4
P 11 5fb6 45 4
P 10 25f26 69 0
P 10 21dba 46 3
P 10 21f9c 3 5
P 10 30fb4 1 1
P 10 14eb6 59 6
P 10 213be 74 0
P 10 257b8 53 6
P 10 3199e 27 1
P 10 343bc 27 4
P 11 358be 14 3
P 10 15cae 1 1
P 10 3543e 78 2
P 10 5f1e 58 2
P 10 35e1a 69 5
P 10 31d8e 11 5
P 10 31f86 47 0
P 10 34fa8 44 5
P 10 35ea4 3 4
P 10 24bb6 0 4
P 11 31fb4 59 2
P 10 3559a 78 2
P 10 155bc 55 1
P 10 15e9c 56 1
P 14 39fbe 36 5
P 10 10f9e 21 0
P 10 18bae 61 5
P 11 293be 19 0
P 10 297a6 56 6
P 10 318be 30 1
P 10 21dba 30 0
P 10 38cba 27 0
P 10 38e3c 24 3
P 10 3169e 43 5
P 10 19b9c 79 1
P 10 39b0e 34 2
P 10 295b6 51 0
P 10 19d9a 7 1
P 10 31eaa 45 0
P 10 39aac 1 1
P 10 973e 39 0
P 10 19f32 17 4
P 10 29a9e 73 5
P 10 30f9c 29 1
P 10 31dac 67 5
P 10 19736 46 3
P 10 38ab6 3 0
P 11 29f3a 37 3
P 10 39f0a 0 4
P 10 31bb8 18 6
P 10 9fac 38 1
P 14 3cfbe 34 3
P 10 14bae 16 1
P 10 18dba 54 0
P 10 c5be 73 2
P 10 2c7b4 51 0
P 10 34a3e 64 6
P 10 10ebe 44 2
P 10 38d3c 59 0
P 10 2c71e 37 4
P 10 3871e 35 5
P 11 34bae 5 3
P 10 3cb86 66 4
P 10 389b6 46 1
P 10 2cdb2 2 2
P 10 3c6b2 38 4
P 10 3ccb8 76 2
P 10 14d3e 34 1
P 10 cf9a 72 5
P 10 2ce1e 68 6
P 10 287ae 43 3
P 11 38f2e 17 4
P 10 34796 40 3
P 10 3c396 35 2
P 10 18dba 14 4
P 10 3cba2 29 2
P 10 3c53c 46 2
P 10 34f34 44 6
P 14 3d7be 33 2
P 10 1d5aa 63 5
P 10 1d6ac 61 2
P 10 296ba 37 6
P 10 157b8 74 3
P 10 3571c 29 4
P 10 113be 67 4
P 11 297ae 33 6
P 10 287ae 23 4
P 10 345b6 58 4
P 10 183be 38 3
P 10 393b2 14 4
P 10 3c13e 69 1
P 10 351bc 70 4
P 10 3d0bc 25 5
P 10 1d61e 0 2
P 10 3961e 43 2
P 11 2d78e 0 3
P 10 3d706 74 4
P 10 353a6 11 1
P 10 2d78a 48 4
P 10 397a2 6 2
P 10 3d5a4 42 4
P 10 153ba 79 1
P 10 1d7b0 58 6
P 10 2d53c 72 0
P 14 3dbbe 32 1
P 10 8bbe 73 3
P 10 19b3c 49 1
P 10 2539e 65 1
P 10 2c39e 62 2
P 11 31abe 57 4
P 10 359a6 15 3
P 10 3893e 72 2
P 10 29b36 70 5
P 10 3c39a 68 4
P 10 3ca9a 65 6
P 10 351b6 42 4
P 11 3d3b4 21 2
P 10 3d89a 74 0
P 10 1cabc 12 6
P 11 1da9e 28 5
P 10 15b2e 27 1
P 10 2d32e 64 3
P 10 11b9e 43 2
P 10 35b92 17 0
P 10 3c2ae 77 0
P 10 353aa 74 1
P 10 3d1b4 32 3
P 10 3d934 28 3
P 10 3993a 6 3
P 11 1db9c 77 6
P 10 3da8c 38 3
P 14 3ddbe 31 0
P 10 155ba 78 3
P 10 dd9c 34 5
P 10 29dac 72 3
P 10 d9b6 51 2
P 10 55be 68 6
P 10 25db2 45 2
P 10 3893e 22 5
P 10 315bc 62 5
P 10 3c4bc 57 3
P 10 1d49e 74 5
P 10 3943e 73 1
P 11 2d99e 8 5
P 10 3d916 62 2
P 10 354ae 45 2
P 10 2dca6 0 2
P 10 39d32 37 0
P 10 3d932 75 3
P 10 34d9c 52 6
P 12 3dd9c 67 0
P 10 1d92e 67 1
P 10 14db6 42 4
P 11 35cb6 19 4
P 10 29d9a 36 4
P 10 3953a 33 6
P 10 159bc 12 4
P 10 3d594 27 2
P 14 3debe 30 6
P 10 1ca3e 28 5
P 10 15e36 24 6
P 10 2d69a 62 0
P 10 2dc9a 60 3
P 10 31ab6 36 1
P 11 35eb4 27 1
P 10 39c9a 28 6
P 10 1c6bc 5 1
P 11 1ce9e 34 4
P 10 156ae 21 4
P 10 2d2ae 57 5
P 10 11abe 76 6
P 10 35ab2 50 4
P 10 38c3e 66 1
P 10 34cba 66 2
P 10 3c63c 63 4
P 10 3d61c 18 5
P 10 3989e 40 1
P 11 1de2e 4 5
P 10 3dc26 71 0
P 10 2d696 49 6
P 10 2de26 6 3
P 10 35ea2 42 5
P 10 3da92 0 2
P 10 31eb8 16 6
P 12 3deb4 72 5
P 14 3df3e 29 5
P 10 da3e 54 3
P 10 14f3c 10 6
P 10 25d3c 48 3
P 10 14f1e 64 3
P 10 3463e 61 5
P 11 29b3e 19 2
P 10 39716 52 0
P 10 3493e 73 3
P 10 2cd2e 68 1
P 10 3963a 66 2
P 10 3d436 62 1
P 10 34b2e 42 1
P 11 3db2a 23 2
P 10 3d516 33 5
P 10 3cd34 30 6
P 10 1da3c 7 6
P 10 1df0c 44 4
P 10 1d61e 26 1
P 10 5f2e 41 2
P 10 2df0a 16 2
P 10 31d36 34 1
P 10 31f26 71 4
P 10 38f38 26 5
P 10 3ce32 26 0
P 10 3953c 44 2
P 10 1de38 79 4
P 14 3df9e 27 3
P 10 1dd0e 62 0
P 10 d796 76 1
P 10 de9a 34 6
P 10 25f8a 70 1
P 10 35b1c 28 6
P 10 8f9e 64 1
P 10 19f92 41 4
P 10 2c69e 18 6
P 10 30f9a 56 4
P 10 3539c 12 6
P 10 3971c 50 4
P 10 3899e 28 4
P 11 1d99e 55 1
P 10 3d496 18 0
P 10 2d49e 77 1
P 10 2dc1e 73 2
P 10 35e1a 69 6
P 10 3da0e 66 6
P 10 31f86 9 1
P 11 3df82 56 4
P 10 3ce92 2 6
P 10 3cf90 37 0
P 11 1db9a 22 1
P 10 19f1c 76 5
P 10 3959c 72 0
P 14 3dfae 26 2
P 11 15eae 24 6
P 10 1dd26 10 1
P 10 29b2e 67 6
P 10 25f0e 63 0
P 10 34f8a 20 6
P 10 35d86 18 2
P 10 317aa 36 4
P 11 39fa8 67 4
P 10 3cb2c 70 2
P 10 c7ae 68 3
P 11 2d6ae 73 2
P 10 25b8e 62 3
P 10 3532e 59 5
P 10 14dae 77 0
P 10 39d8a 50 1
P 10 394ae 70 6
P 10 356a6 65 4
P 10 3cb2c 62 3
P 10 3da2a 59 4
P 10 3968e 78 4
P 10 1de8c 71 1
P 10 3db06 31 1
P 10 1d78a 7 5
P 10 2dda2 6 0
P 10 15f8c 28 0
P 10 2db2c 66 6
P 14 3dfb6 25 1
P 10 cbb6 66 3
P 10 1d7a2 3 5
P 10 2d4b6 59 2
P 10 29db2 56 4
P 10 35ab4 53 2
P 10 35e34 50 4
P 10 38d96 67 5
P 11 1cfa6 54 6
P 10 3ce86 22 4
P 10 2d3b2 78 2
P 10 2d734 36 0
P 10 35ba4 73 3
P 10 1d9a6 51 1
P 10 24db6 67 4
P 10 2ddb0 43 5
P 10 35636 60 3
P 10 38eb4 16 5
P 11 3cb36 24 4
P 10 1d716 33 3
P 10 3c596 30 6
P 10 dda6 5 2
P 10 3daa2 21 3
P 10 35ab2 40 1
P 10 35e32 37 4
P 10 39fa0 0 3
P 10 35da4 22 5
P 14 3dfba 24 0
P 10 153ba 21 5
P 10 1d7b0 0 3
P 10 2d93a 14 4
P 10 14eba 70 2
P 11 35e3a 70 6
P 10 29f1a 64 2
P 10 3971a 63 3
P 10 14faa 40 5
P 10 3cf82 16 6
P 10 395b2 33 4
P 10 357a8 31 3
P 10 3cbb0 68 6
P 10 1dab8 46 4
P 10 299ba 63 2
P 10 15eb8 59 5
P 10 35c9a 55 0
P 10 2c73a 72 0
P 10 1ce3a 70 4
P 10 3578a 27 6
P 10 3d31a 67 0
P 10 29eaa 42 3
P 10 3dd88 57 2
P 10 3cd32 35 1
P 10 39f22 32 4
P 11 3d7a8 10 1
P 10 3dea0 70 3
P 14 3dfbc 23 6
P 10 cebc 50 0
P 10 5fb8 47 0
P 10 25f1c 44 0
P 10 30bbc 60 6
P 10 14f9c 58 2
P 10 387ac 54 5
P 10 395ac 51 1
P 10 2c5bc 69 5
P 10 3cbb0 6 0
P 10 3d23c 61 3
P 10 396b8 60 1
P 11 3d99c 63 4
P 10 1dd1c 33 3
P 10 3ccac 70 0
P 10 deb4 5 2
P 10 3de24 63 6
P 10 35b38 79 2
P 10 15f2c 18 3
P 10 1cf94 16 5
P 10 2dd94 54 3
P 10 317ac 69 5
P 11 39fa8 33 1
P 10 39b34 63 5
P 10 1c7b8 79 4
P 10 1d5b8 76 0
P 15 3dfde 57 2
P 14 1dfde 0 4
P 10 9f1e 37 3
P 10 d71e 34 6
P 11 14fd6 6 1
P 10 15f86 72 1
P 10 195da 4 6
P 10 11fd4 43 6
P 10 1cbd4 40 6
P 10 cedc 61 4
P 10 116de 76 5
P 10 9bda 74 4
P 10 19b1e 69 4
P 10 149de 48 2
P 11 1d99e 13 0
P 10 19e8e 4 3
P 10 1d68e 1 4
P 10 cf5a 59 1
P 10 1df42 38 6
P 10 1d59c 53 1
P 10 9f9c 73 4
P 10 ddca 71 6
P 10 9ed6 47 3
P 10 18ed6 43 5
P 10 14fd8 2 6
P 10 1cf1a 79 2
P 10 195dc 15 1
P 10 dd9c 12 4
P 14 2dfde 79 3
P 10 db1e 71 6
P 10 d79a 29 5
P 11 25dda 9 1
P 10 25f94 68 5
P 10 29adc 42 0
P 11 4fde 15 6
P 10 cf96 19 2
P 10 216de 75 0
P 10 217ce 33 4
P 10 28bda 69 6
P 10 2cb56 67 6
P 10 291de 45 6
P 11 2d9da 58 4
P 10 2d8ce 36 3
P 10 2d4dc 34 6
P 10 dd4e 54 0
P 10 df86 9 1
P 10 2da96 48 0
P 10 21fcc 63 1
P 10 df8a 26 0
P 10 2c6d6 5 0
P 10 297c6 3 4
P 10 2d758 42 2
P 10 2de52 41 0
P 10 28ddc 45 1
P 14 35fde 78 2
P 10 57da 68 5
P 10 15e5c 75 2
P 10 207de 71 3
P 10 21fcc 53 5
P 10 3079e 69 0
P 10 313d6 26 5
P 11 349de 13 5
P 10 34bca 62 5
P 10 350de 38 2
P 10 256dc 36 6
P 10 35a5a 31 1
P 10 15c9e 48 6
P 10 31d4e 46 5
P 10 25ed4 44 5
P 10 35e1a 1 1
P 10 3175c 15 2
P 11 15f56 63 3
P 10 1578e 30 3
P 10 25b9a 68 1
P 10 14bce 9 6
P 10 34fc4 66 2
P 10 358d6 46 1
P 10 11f5a 60 2
P 10 35ec8 1 1
P 10 25ed8 59 1
P 10 30f9c 41 5
P 14 39fde 77 1
P 10 197d2 70 1
P 10 19ed2 29 1
P 10 28bdc 42 0
P 12 29fdc 62 4
P 10 11e9e 59 4
P 10 10bde 37 1
P 11 30f5e 23 5
P 10 287ce 34 1
P 10 3859e 29 0
P 10 119de 50 6
P 10 393ca 22 5
P 10 38c5e 39 6
P 10 31cd6 38 3
P 10 3965c 34 0
P 10 39e1a 30 1
P 10 38b4e 48 3
P 10 19f4c 44 4
P 10 39d86 41 2
P 10 19bca 18 4
P 10 9f4e 39 1
P 10 30fc6 41 5
P 10 38d96 37 6
P 10 28eda 15 1
P 10 39dc8 31 2
P 10 396cc 51 2
P 10 38fc4 47 4
P 14 3cfde 75 6
P 10 14eda 53 0
P 10 c75e 32 6
P 10 2875e 29 0
P 10 24bdc 27 0
P 10 34b8e 20 4
P 10 30ade 78 5
P 10 18ece 74 4
P 10 38756 74 3
P 10 3c556 69 1
P 10 2c3ce 8 4
P 10 3cb98 62 0
P 10 3c956 0 2
P 10 38dd4 78 5
P 11 3ccdc 5 3
P 10 1cf1c 10 5
P 10 1c71e 68 3
P 11 24f9e 12 3
P 10 2cf86 60 0
P 10 30dce 39 6
P 10 28fc6 76 1
P 10 387d2 31 2
P 10 3c6d2 71 6
P 10 34ada 10 2
P 11 3ced8 14 1
P 10 3cd4c 46 3
P 14 3d7de 74 5
P 10 c7da 43 5
P 12 1d79e 23 0
P 10 979e 21 5
P 10 253ce 17 2
P 11 307de 23 6
P 10 317c6 12 3
P 10 382de 66 5
P 10 293da 68 3
P 10 3c1da 63 1
P 10 3c55c 21 0
P 10 3525e 40 5
P 10 1d55c 76 1
P 10 3d50e 30 1
P 10 2c6ce 10 4
P 10 1d696 46 6
P 10 35746 3 3
P 10 3d34a 39 4
P 10 2979c 57 4
P 10 3d790 32 3
P 10 1d2ce 31 1
P 10 297cc 69 6
P 10 2d5d4 25 1
P 10 1975a 2 0
P 10 386da 78 1
P 11 2d5dc 0 3
P 10 3d34c 34 2
P 14 3dbde 73 4
P 10 1935e 74 2
P 10 db4e 69 1
P 10 2cb96 66 6
P 10 2d996 63 1
P 10 253d6 2 4
P 10 35bc8 17 3
P 10 3995a 73 0
P 10 38bd8 70 3
P 12 3cb5e 68 0
P 10 d39e 67 0
P 10 2c39e 24 3
P 11 319de 15 5
P 10 359c6 56 5
P 10 388de 76 4
P 10 2cad6 72 3
P 10 3c35a 69 2
P 10 3d25a 65 2
P 10 3529e 5 0
P 11 3db1c 19 6
P 10 3d90e 79 6
P 10 1cbd2 57 3
P 10 1dad4 14 0
P 10 25b9a 76 6
P 10 3539a 33 3
P 10 18bdc 51 5
P 10 39bc4 25 0
P 14 3ddde 72 3
P 10 1d19e 30 1
P 10 15d9a 26 2
P 10 2d9ca 64 3
P 10 2dccc 61 5
P 10 31cda 37 2
P 10 19dd8 74 6
P 10 39d1c 30 1
P 10 145de 29 0
P 11 2cdce 32 3
P 10 295ce 23 0
P 10 351d6 59 1
P 10 189de 77 0
P 10 399d2 53 1
P 10 3c45e 70 6
P 10 354dc 29 4
P 10 3d15c 65 0
P 10 1dc1e 2 0
P 10 39c1e 41 6
P 11 2dd8e 2 4
P 10 3dd06 72 1
P 10 355c6 51 2
P 10 2dd92 49 2
P 10 39dc2 45 2
P 10 3d9c8 43 1
P 10 255dc 41 2
P 10 2ddd0 20 0
P 14 3dede 71 2
P 10 19c5e 16 1
P 10 96de 35 4
P 10 2ce5c 51 3
P 10 25a9e 28 3
P 10 34a9e 24 3
P 11 31e5e 15 6
P 10 39cc6 15 6
P 10 38a9e 77 5
P 10 2ce96 72 3
P 10 3c6ca 30 5
P 10 3d4ca 27 6
P 10 352da 5 0
P 11 3dad8 20 0
P 10 3d89c 77 5
P 10 ce5e 75 1
P 11 2de1e 66 0
P 10 25e8e 68 0
P 10 3568e 25 2
P 10 18ece 6 0
P 10 39ec2 58 6
P 10 3c4d6 78 4
P 10 356d2 74 4
P 10 3d4d8 32 6
P 10 3dc58 28 6
P 10 39a9c 48 4
P 14 3df5e 70 1
P 10 df54 67 3
P 10 1de1a 25 2
P 10 2575c 39 2
P 11 df4e 39 3
P 10 14f4e 54 3
P 10 25b56 12 1
P 10 1175e 29 5
P 10 31f52 6 1
P 10 38a5e 62 2
P 10 3475c 23 0
P 10 3c55c 17 5
P 10 1d91e 34 6
P 10 3985e 33 3
P 11 2dd1e 9 5
P 10 3dc16 22 4
P 10 3564e 4 6
P 10 2de46 39 6
P 10 39f12 37 3
P 10 3db12 75 6
P 10 34f4c 52 2
P 12 3df4c 67 5
P 10 1da56 68 5
P 10 18f5a 3 3
P 11 39d5a 57 6
P 10 2d71c 0 3
P 10 3c65c 78 0
P 14 3df9e 69 0
P 11 19f8e 58 3
P 10 1df06 52 0
P 10 2cb96 32 6
P 10 25f92 69 3
P 10 35792 26 6
P 10 35d98 64 4
P 10 11d9e 22 3
P 10 cf9a 60 0
P 10 2ce1e 56 1
P 10 2879e 32 6
P 11 3971e 29 1
P 10 34b8e 66 1
P 10 3c38e 62 0
P 10 1999e 41 3
P 10 3d592 54 5
P 10 3c89e 34 1
P 10 35c9a 29 0
P 10 3d61c 26 6
P 10 3dc1c 24 1
P 10 39b86 46 1
P 11 1df92 79 6
P 10 3dd12 40 1
P 10 2579a 77 2
P 10 15f1a 36 2
P 10 3978c 75 0
P 10 3d38c 71 0
P 14 3dfce 67 5
P 10 d7ca 35 6
engC stats: B=39 k=35 P=10 gate=17 nodes=4623221 leaves=4206128 cands=83309115 rc=1
